
**** Build of configuration Debug for project miniCCSProject ****

"E:\\Apps\\ti\\ccs1250\\ccs\\utils\\bin\\gmake" -k -j 16 all -O 
 
Building file: "../main.c"
Invoking: Arm Compiler
"E:/Apps/ti/ccs1250/ccs/tools/compiler/ti-cgt-arm_20.2.7.LTS/bin/armcl" -mv7M4 --code_state=16 --float_support=FPv4SPD16 -me --include_path="G:/Workspace/learningMaster/TKHTNNC/allSourceCodes/miniProject/sourceCodes/miniCCSProject" --include_path="E:/Apps/ti/ccs1250/ccs/tools/compiler/ti-cgt-arm_20.2.7.LTS/include" --define=ccs="ccs" --define=PART_TM4C123GH6PM -g --gcc --diag_warning=225 --diag_wrap=off --display_error_number --abi=eabi --preproc_with_compile --preproc_dependency="main.d_raw"  "../main.c"
 
>> Compilation failure
subdir_rules.mk:9: recipe for target 'main.obj' failed
"../main.c", line 5: fatal error #1965: cannot open source file "inc/hw_memmap.h"
1 catastrophic error detected in the compilation of "../main.c".
Compilation terminated.
gmake: *** [main.obj] Error 1
Building file: "../my_libs/rc522_api.c"
Invoking: Arm Compiler
"E:/Apps/ti/ccs1250/ccs/tools/compiler/ti-cgt-arm_20.2.7.LTS/bin/armcl" -mv7M4 --code_state=16 --float_support=FPv4SPD16 -me --include_path="G:/Workspace/learningMaster/TKHTNNC/allSourceCodes/miniProject/sourceCodes/miniCCSProject" --include_path="E:/Apps/ti/ccs1250/ccs/tools/compiler/ti-cgt-arm_20.2.7.LTS/include" --define=ccs="ccs" --define=PART_TM4C123GH6PM -g --gcc --diag_warning=225 --diag_wrap=off --display_error_number --abi=eabi --preproc_with_compile --preproc_dependency="my_libs/rc522_api.d_raw" --obj_directory="my_libs"  "../my_libs/rc522_api.c"
 
>> Compilation failure
my_libs/subdir_rules.mk:9: recipe for target 'my_libs/rc522_api.obj' failed
"..\my_libs\rc522_api.h", line 4: fatal error #1965: cannot open source file "inc/hw_memmap.h"
1 catastrophic error detected in the compilation of "../my_libs/rc522_api.c".
Compilation terminated.
gmake: *** [my_libs/rc522_api.obj] Error 1
Building file: "../my_libs/uart_api.c"
Invoking: Arm Compiler
"E:/Apps/ti/ccs1250/ccs/tools/compiler/ti-cgt-arm_20.2.7.LTS/bin/armcl" -mv7M4 --code_state=16 --float_support=FPv4SPD16 -me --include_path="G:/Workspace/learningMaster/TKHTNNC/allSourceCodes/miniProject/sourceCodes/miniCCSProject" --include_path="E:/Apps/ti/ccs1250/ccs/tools/compiler/ti-cgt-arm_20.2.7.LTS/include" --define=ccs="ccs" --define=PART_TM4C123GH6PM -g --gcc --diag_warning=225 --diag_wrap=off --display_error_number --abi=eabi --preproc_with_compile --preproc_dependency="my_libs/uart_api.d_raw" --obj_directory="my_libs"  "../my_libs/uart_api.c"
 
>> Compilation failure
my_libs/subdir_rules.mk:9: recipe for target 'my_libs/uart_api.obj' failed
"..\my_libs\uart_api.h", line 2: fatal error #1965: cannot open source file "inc/hw_memmap.h"
1 catastrophic error detected in the compilation of "../my_libs/uart_api.c".
Compilation terminated.
gmake: *** [my_libs/uart_api.obj] Error 1
Building file: "../tm4c123gh6pm_startup_ccs.c"
Invoking: Arm Compiler
"E:/Apps/ti/ccs1250/ccs/tools/compiler/ti-cgt-arm_20.2.7.LTS/bin/armcl" -mv7M4 --code_state=16 --float_support=FPv4SPD16 -me --include_path="G:/Workspace/learningMaster/TKHTNNC/allSourceCodes/miniProject/sourceCodes/miniCCSProject" --include_path="E:/Apps/ti/ccs1250/ccs/tools/compiler/ti-cgt-arm_20.2.7.LTS/include" --define=ccs="ccs" --define=PART_TM4C123GH6PM -g --gcc --diag_warning=225 --diag_wrap=off --display_error_number --abi=eabi --preproc_with_compile --preproc_dependency="tm4c123gh6pm_startup_ccs.d_raw"  "../tm4c123gh6pm_startup_ccs.c"
Finished building: "../tm4c123gh6pm_startup_ccs.c"
 
gmake: Target 'all' not remade because of errors.

**** Build Finished ****

**** Build of configuration Debug for project miniCCSProject ****

"E:\\Apps\\ti\\ccs1250\\ccs\\utils\\bin\\gmake" -k -j 16 all -O 
 
Building file: "../main.c"
Invoking: Arm Compiler
"E:/Apps/ti/ccs1250/ccs/tools/compiler/ti-cgt-arm_20.2.7.LTS/bin/armcl" -mv7M4 --code_state=16 --float_support=FPv4SPD16 -me --include_path="G:/Workspace/learningMaster/TKHTNNC/allSourceCodes/miniProject/sourceCodes/miniCCSProject" --include_path="E:/Apps/ti/ccs1250/ccs/tools/compiler/ti-cgt-arm_20.2.7.LTS/include" --define=ccs="ccs" --define=PART_TM4C123GH6PM -g --gcc --diag_warning=225 --diag_wrap=off --display_error_number --abi=eabi --preproc_with_compile --preproc_dependency="main.d_raw"  "../main.c"
 
>> Compilation failure
subdir_rules.mk:9: recipe for target 'main.obj' failed
"../main.c", line 5: fatal error #1965: cannot open source file "inc/hw_memmap.h"
1 catastrophic error detected in the compilation of "../main.c".
Compilation terminated.
gmake: *** [main.obj] Error 1
Building file: "../my_libs/rc522_api.c"
Invoking: Arm Compiler
"E:/Apps/ti/ccs1250/ccs/tools/compiler/ti-cgt-arm_20.2.7.LTS/bin/armcl" -mv7M4 --code_state=16 --float_support=FPv4SPD16 -me --include_path="G:/Workspace/learningMaster/TKHTNNC/allSourceCodes/miniProject/sourceCodes/miniCCSProject" --include_path="E:/Apps/ti/ccs1250/ccs/tools/compiler/ti-cgt-arm_20.2.7.LTS/include" --define=ccs="ccs" --define=PART_TM4C123GH6PM -g --gcc --diag_warning=225 --diag_wrap=off --display_error_number --abi=eabi --preproc_with_compile --preproc_dependency="my_libs/rc522_api.d_raw" --obj_directory="my_libs"  "../my_libs/rc522_api.c"
 
>> Compilation failure
my_libs/subdir_rules.mk:9: recipe for target 'my_libs/rc522_api.obj' failed
"..\my_libs\rc522_api.h", line 4: fatal error #1965: cannot open source file "inc/hw_memmap.h"
1 catastrophic error detected in the compilation of "../my_libs/rc522_api.c".
Compilation terminated.
gmake: *** [my_libs/rc522_api.obj] Error 1
Building file: "../my_libs/uart_api.c"
Invoking: Arm Compiler
"E:/Apps/ti/ccs1250/ccs/tools/compiler/ti-cgt-arm_20.2.7.LTS/bin/armcl" -mv7M4 --code_state=16 --float_support=FPv4SPD16 -me --include_path="G:/Workspace/learningMaster/TKHTNNC/allSourceCodes/miniProject/sourceCodes/miniCCSProject" --include_path="E:/Apps/ti/ccs1250/ccs/tools/compiler/ti-cgt-arm_20.2.7.LTS/include" --define=ccs="ccs" --define=PART_TM4C123GH6PM -g --gcc --diag_warning=225 --diag_wrap=off --display_error_number --abi=eabi --preproc_with_compile --preproc_dependency="my_libs/uart_api.d_raw" --obj_directory="my_libs"  "../my_libs/uart_api.c"
 
>> Compilation failure
my_libs/subdir_rules.mk:9: recipe for target 'my_libs/uart_api.obj' failed
"..\my_libs\uart_api.h", line 2: fatal error #1965: cannot open source file "inc/hw_memmap.h"
1 catastrophic error detected in the compilation of "../my_libs/uart_api.c".
Compilation terminated.
gmake: *** [my_libs/uart_api.obj] Error 1
gmake: Target 'all' not remade because of errors.

**** Build Finished ****

**** Build of configuration Debug for project miniCCSProject ****

"E:\\Apps\\ti\\ccs1250\\ccs\\utils\\bin\\gmake" -k -j 16 all -O 
 
Building file: "../main.c"
Invoking: Arm Compiler
"E:/Apps/ti/ccs1250/ccs/tools/compiler/ti-cgt-arm_20.2.7.LTS/bin/armcl" -mv7M4 --code_state=16 --float_support=FPv4SPD16 -me --include_path="G:/Workspace/learningMaster/TKHTNNC/allSourceCodes/miniProject/sourceCodes/miniCCSProject" --include_path="E:/Apps/ti/ccs1250/ccs/tools/compiler/ti-cgt-arm_20.2.7.LTS/include" --define=ccs="ccs" --define=PART_TM4C123GH6PM -g --gcc --diag_warning=225 --diag_wrap=off --display_error_number --abi=eabi --preproc_with_compile --preproc_dependency="main.d_raw"  "../main.c"
 
>> Compilation failure
subdir_rules.mk:9: recipe for target 'main.obj' failed
"../main.c", line 5: fatal error #1965: cannot open source file "inc/hw_memmap.h"
1 catastrophic error detected in the compilation of "../main.c".
Compilation terminated.
gmake: *** [main.obj] Error 1
Building file: "../my_libs/rc522_api.c"
Invoking: Arm Compiler
"E:/Apps/ti/ccs1250/ccs/tools/compiler/ti-cgt-arm_20.2.7.LTS/bin/armcl" -mv7M4 --code_state=16 --float_support=FPv4SPD16 -me --include_path="G:/Workspace/learningMaster/TKHTNNC/allSourceCodes/miniProject/sourceCodes/miniCCSProject" --include_path="E:/Apps/ti/ccs1250/ccs/tools/compiler/ti-cgt-arm_20.2.7.LTS/include" --define=ccs="ccs" --define=PART_TM4C123GH6PM -g --gcc --diag_warning=225 --diag_wrap=off --display_error_number --abi=eabi --preproc_with_compile --preproc_dependency="my_libs/rc522_api.d_raw" --obj_directory="my_libs"  "../my_libs/rc522_api.c"
 
>> Compilation failure
my_libs/subdir_rules.mk:9: recipe for target 'my_libs/rc522_api.obj' failed
"..\my_libs\rc522_api.h", line 4: fatal error #1965: cannot open source file "inc/hw_memmap.h"
1 catastrophic error detected in the compilation of "../my_libs/rc522_api.c".
Compilation terminated.
gmake: *** [my_libs/rc522_api.obj] Error 1
Building file: "../my_libs/uart_api.c"
Invoking: Arm Compiler
"E:/Apps/ti/ccs1250/ccs/tools/compiler/ti-cgt-arm_20.2.7.LTS/bin/armcl" -mv7M4 --code_state=16 --float_support=FPv4SPD16 -me --include_path="G:/Workspace/learningMaster/TKHTNNC/allSourceCodes/miniProject/sourceCodes/miniCCSProject" --include_path="E:/Apps/ti/ccs1250/ccs/tools/compiler/ti-cgt-arm_20.2.7.LTS/include" --define=ccs="ccs" --define=PART_TM4C123GH6PM -g --gcc --diag_warning=225 --diag_wrap=off --display_error_number --abi=eabi --preproc_with_compile --preproc_dependency="my_libs/uart_api.d_raw" --obj_directory="my_libs"  "../my_libs/uart_api.c"
 
>> Compilation failure
my_libs/subdir_rules.mk:9: recipe for target 'my_libs/uart_api.obj' failed
"..\my_libs\uart_api.h", line 2: fatal error #1965: cannot open source file "inc/hw_memmap.h"
1 catastrophic error detected in the compilation of "../my_libs/uart_api.c".
Compilation terminated.
gmake: *** [my_libs/uart_api.obj] Error 1
gmake: Target 'all' not remade because of errors.

**** Build Finished ****

**** Build of configuration Debug for project miniCCSProject ****

"E:\\Apps\\ti\\ccs1250\\ccs\\utils\\bin\\gmake" -k -j 16 all -O 
 
Building file: "../main.c"
Invoking: Arm Compiler
"E:/Apps/ti/ccs1250/ccs/tools/compiler/ti-cgt-arm_20.2.7.LTS/bin/armcl" -mv7M4 --code_state=16 --float_support=FPv4SPD16 -me --include_path="G:/Workspace/learningMaster/TKHTNNC/allSourceCodes/miniProject/sourceCodes/miniCCSProject" --include_path="E:/Apps/ti/ccs1250/ccs/tools/compiler/ti-cgt-arm_20.2.7.LTS/include" --define=ccs="ccs" --define=PART_TM4C123GH6PM -g --gcc --diag_warning=225 --diag_wrap=off --display_error_number --abi=eabi --preproc_with_compile --preproc_dependency="main.d_raw"  "../main.c"
 
>> Compilation failure
subdir_rules.mk:9: recipe for target 'main.obj' failed
"../main.c", line 5: fatal error #1965: cannot open source file "inc/hw_memmap.h"
1 catastrophic error detected in the compilation of "../main.c".
Compilation terminated.
gmake: *** [main.obj] Error 1
Building file: "../my_libs/rc522_api.c"
Invoking: Arm Compiler
"E:/Apps/ti/ccs1250/ccs/tools/compiler/ti-cgt-arm_20.2.7.LTS/bin/armcl" -mv7M4 --code_state=16 --float_support=FPv4SPD16 -me --include_path="G:/Workspace/learningMaster/TKHTNNC/allSourceCodes/miniProject/sourceCodes/miniCCSProject" --include_path="E:/Apps/ti/ccs1250/ccs/tools/compiler/ti-cgt-arm_20.2.7.LTS/include" --define=ccs="ccs" --define=PART_TM4C123GH6PM -g --gcc --diag_warning=225 --diag_wrap=off --display_error_number --abi=eabi --preproc_with_compile --preproc_dependency="my_libs/rc522_api.d_raw" --obj_directory="my_libs"  "../my_libs/rc522_api.c"
 
>> Compilation failure
my_libs/subdir_rules.mk:9: recipe for target 'my_libs/rc522_api.obj' failed
"..\my_libs\rc522_api.h", line 4: fatal error #1965: cannot open source file "inc/hw_memmap.h"
1 catastrophic error detected in the compilation of "../my_libs/rc522_api.c".
Compilation terminated.
gmake: *** [my_libs/rc522_api.obj] Error 1
Building file: "../my_libs/uart_api.c"
Invoking: Arm Compiler
"E:/Apps/ti/ccs1250/ccs/tools/compiler/ti-cgt-arm_20.2.7.LTS/bin/armcl" -mv7M4 --code_state=16 --float_support=FPv4SPD16 -me --include_path="G:/Workspace/learningMaster/TKHTNNC/allSourceCodes/miniProject/sourceCodes/miniCCSProject" --include_path="E:/Apps/ti/ccs1250/ccs/tools/compiler/ti-cgt-arm_20.2.7.LTS/include" --define=ccs="ccs" --define=PART_TM4C123GH6PM -g --gcc --diag_warning=225 --diag_wrap=off --display_error_number --abi=eabi --preproc_with_compile --preproc_dependency="my_libs/uart_api.d_raw" --obj_directory="my_libs"  "../my_libs/uart_api.c"
 
>> Compilation failure
my_libs/subdir_rules.mk:9: recipe for target 'my_libs/uart_api.obj' failed
"..\my_libs\uart_api.h", line 2: fatal error #1965: cannot open source file "inc/hw_memmap.h"
1 catastrophic error detected in the compilation of "../my_libs/uart_api.c".
Compilation terminated.
gmake: *** [my_libs/uart_api.obj] Error 1
gmake: Target 'all' not remade because of errors.

**** Build Finished ****

**** Clean-only build of configuration Debug for project miniCCSProject ****

"E:\\Apps\\ti\\ccs1250\\ccs\\utils\\bin\\gmake" -k -j 16 clean -O 
 
DEL /F  "miniCCSProject.out" 
DEL /F "main.obj" "tm4c123gh6pm_startup_ccs.obj" "my_libs\rc522_api.obj" "my_libs\uart_api.obj" 
DEL /F "main.d" "tm4c123gh6pm_startup_ccs.d" "my_libs\rc522_api.d" "my_libs\uart_api.d" 
Could Not Find G:\Workspace\learningMaster\TKHTNNC\allSourceCodes\miniProject\sourceCodes\miniCCSProject\Debug\miniCCSProject.out
Could Not Find G:\Workspace\learningMaster\TKHTNNC\allSourceCodes\miniProject\sourceCodes\miniCCSProject\Debug\my_libs\rc522_api.obj
Finished clean
 

**** Build Finished ****

**** Build of configuration Debug for project miniCCSProject ****

"E:\\Apps\\ti\\ccs1250\\ccs\\utils\\bin\\gmake" -k -j 16 all -O 
 
Building file: "../my_libs/rc522_api.c"
Invoking: Arm Compiler
"E:/Apps/ti/ccs1250/ccs/tools/compiler/ti-cgt-arm_20.2.7.LTS/bin/armcl" -mv7M4 --code_state=16 --float_support=FPv4SPD16 -me --include_path="G:/Workspace/learningMaster/TKHTNNC/allSourceCodes/miniProject/sourceCodes/miniCCSProject" --include_path="E:/Apps/ti/TivaWare_C_Series-2.2.0.295" --include_path="E:/Apps/ti/ccs1250/ccs/tools/compiler/ti-cgt-arm_20.2.7.LTS/include" --define=ccs="ccs" --define=PART_TM4C123GH6PM -g --gcc --diag_warning=225 --diag_wrap=off --display_error_number --abi=eabi --preproc_with_compile --preproc_dependency="my_libs/rc522_api.d_raw" --obj_directory="my_libs"  "../my_libs/rc522_api.c"
 
>> Compilation failure
my_libs/subdir_rules.mk:9: recipe for target 'my_libs/rc522_api.obj' failed
"E:/Apps/ti/TivaWare_C_Series-2.2.0.295/driverlib/gpio.h", line 141: error #20: identifier "uint32_t" is undefined
"E:/Apps/ti/TivaWare_C_Series-2.2.0.295/driverlib/gpio.h", line 141: error #20: identifier "uint8_t" is undefined
"E:/Apps/ti/TivaWare_C_Series-2.2.0.295/driverlib/gpio.h", line 142: error #20: identifier "uint32_t" is undefined
"E:/Apps/ti/TivaWare_C_Series-2.2.0.295/driverlib/gpio.h", line 143: error #20: identifier "uint32_t" is undefined
"E:/Apps/ti/TivaWare_C_Series-2.2.0.295/driverlib/gpio.h", line 143: error #20: identifier "uint32_t" is undefined
"E:/Apps/ti/TivaWare_C_Series-2.2.0.295/driverlib/gpio.h", line 143: error #20: identifier "uint8_t" is undefined
"E:/Apps/ti/TivaWare_C_Series-2.2.0.295/driverlib/gpio.h", line 144: error #20: identifier "uint32_t" is undefined
"E:/Apps/ti/TivaWare_C_Series-2.2.0.295/driverlib/gpio.h", line 144: error #20: identifier "uint8_t" is undefined
"E:/Apps/ti/TivaWare_C_Series-2.2.0.295/driverlib/gpio.h", line 145: error #20: identifier "uint32_t" is undefined
"E:/Apps/ti/TivaWare_C_Series-2.2.0.295/driverlib/gpio.h", line 146: error #20: identifier "uint32_t" is undefined
"E:/Apps/ti/TivaWare_C_Series-2.2.0.295/driverlib/gpio.h", line 146: error #20: identifier "uint32_t" is undefined
"E:/Apps/ti/TivaWare_C_Series-2.2.0.295/driverlib/gpio.h", line 146: error #20: identifier "uint8_t" is undefined
"E:/Apps/ti/TivaWare_C_Series-2.2.0.295/driverlib/gpio.h", line 147: error #20: identifier "uint32_t" is undefined
"E:/Apps/ti/TivaWare_C_Series-2.2.0.295/driverlib/gpio.h", line 147: error #20: identifier "uint8_t" is undefined
"E:/Apps/ti/TivaWare_C_Series-2.2.0.295/driverlib/gpio.h", line 148: error #20: identifier "uint32_t" is undefined
"E:/Apps/ti/TivaWare_C_Series-2.2.0.295/driverlib/gpio.h", line 148: error #20: identifier "uint32_t" is undefined
"E:/Apps/ti/TivaWare_C_Series-2.2.0.295/driverlib/gpio.h", line 149: error #20: identifier "uint32_t" is undefined
"E:/Apps/ti/TivaWare_C_Series-2.2.0.295/driverlib/gpio.h", line 149: error #20: identifier "uint8_t" is undefined
"E:/Apps/ti/TivaWare_C_Series-2.2.0.295/driverlib/gpio.h", line 150: error #20: identifier "uint32_t" is undefined
"E:/Apps/ti/TivaWare_C_Series-2.2.0.295/driverlib/gpio.h", line 150: error #20: identifier "uint32_t" is undefined
"E:/Apps/ti/TivaWare_C_Series-2.2.0.295/driverlib/gpio.h", line 151: error #20: identifier "uint32_t" is undefined
"E:/Apps/ti/TivaWare_C_Series-2.2.0.295/driverlib/gpio.h", line 151: error #20: identifier "uint32_t" is undefined
"E:/Apps/ti/TivaWare_C_Series-2.2.0.295/driverlib/gpio.h", line 152: error #20: identifier "uint32_t" is undefined
"E:/Apps/ti/TivaWare_C_Series-2.2.0.295/driverlib/gpio.h", line 152: error #20: identifier "uint32_t" is undefined
"E:/Apps/ti/TivaWare_C_Series-2.2.0.295/driverlib/gpio.h", line 153: error #20: identifier "uint32_t" is undefined
"E:/Apps/ti/TivaWare_C_Series-2.2.0.295/driverlib/gpio.h", line 153: error #20: identifier "uint32_t" is undefined
"E:/Apps/ti/TivaWare_C_Series-2.2.0.295/driverlib/gpio.h", line 153: error #20: identifier "bool" is undefined
"E:/Apps/ti/TivaWare_C_Series-2.2.0.295/driverlib/gpio.h", line 154: error #20: identifier "uint32_t" is undefined
"E:/Apps/ti/TivaWare_C_Series-2.2.0.295/driverlib/gpio.h", line 154: error #20: identifier "uint32_t" is undefined
"E:/Apps/ti/TivaWare_C_Series-2.2.0.295/driverlib/gpio.h", line 155: error #20: identifier "uint32_t" is undefined
"E:/Apps/ti/TivaWare_C_Series-2.2.0.295/driverlib/gpio.h", line 156: error #20: identifier "uint32_t" is undefined
"E:/Apps/ti/TivaWare_C_Series-2.2.0.295/driverlib/gpio.h", line 157: error #20: identifier "uint32_t" is undefined
"E:/Apps/ti/TivaWare_C_Series-2.2.0.295/driverlib/gpio.h", line 157: error #20: identifier "uint32_t" is undefined
"E:/Apps/ti/TivaWare_C_Series-2.2.0.295/driverlib/gpio.h", line 159: error #20: identifier "uint32_t" is undefined
"E:/Apps/ti/TivaWare_C_Series-2.2.0.295/driverlib/gpio.h", line 159: error #20: identifier "uint32_t" is undefined
"E:/Apps/ti/TivaWare_C_Series-2.2.0.295/driverlib/gpio.h", line 160: error #20: identifier "int32_t" is undefined
"E:/Apps/ti/TivaWare_C_Series-2.2.0.295/driverlib/gpio.h", line 160: error #20: identifier "uint32_t" is undefined
"E:/Apps/ti/TivaWare_C_Series-2.2.0.295/driverlib/gpio.h", line 160: error #20: identifier "uint8_t" is undefined
"E:/Apps/ti/TivaWare_C_Series-2.2.0.295/driverlib/gpio.h", line 161: error #20: identifier "uint32_t" is undefined
"E:/Apps/ti/TivaWare_C_Series-2.2.0.295/driverlib/gpio.h", line 161: error #20: identifier "uint8_t" is undefined
"E:/Apps/ti/TivaWare_C_Series-2.2.0.295/driverlib/gpio.h", line 161: error #20: identifier "uint8_t" is undefined
"E:/Apps/ti/TivaWare_C_Series-2.2.0.295/driverlib/gpio.h", line 162: error #20: identifier "uint32_t" is undefined
"E:/Apps/ti/TivaWare_C_Series-2.2.0.295/driverlib/gpio.h", line 163: error #20: identifier "uint32_t" is undefined
"E:/Apps/ti/TivaWare_C_Series-2.2.0.295/driverlib/gpio.h", line 163: error #20: identifier "uint8_t" is undefined
"E:/Apps/ti/TivaWare_C_Series-2.2.0.295/driverlib/gpio.h", line 164: error #20: identifier "uint32_t" is undefined
"E:/Apps/ti/TivaWare_C_Series-2.2.0.295/driverlib/gpio.h", line 164: error #20: identifier "uint8_t" is undefined
"E:/Apps/ti/TivaWare_C_Series-2.2.0.295/driverlib/gpio.h", line 165: error #20: identifier "uint32_t" is undefined
"E:/Apps/ti/TivaWare_C_Series-2.2.0.295/driverlib/gpio.h", line 165: error #20: identifier "uint8_t" is undefined
"E:/Apps/ti/TivaWare_C_Series-2.2.0.295/driverlib/gpio.h", line 166: error #20: identifier "uint32_t" is undefined
"E:/Apps/ti/TivaWare_C_Series-2.2.0.295/driverlib/gpio.h", line 166: error #20: identifier "uint8_t" is undefined
"E:/Apps/ti/TivaWare_C_Series-2.2.0.295/driverlib/gpio.h", line 167: error #20: identifier "uint32_t" is undefined
"E:/Apps/ti/TivaWare_C_Series-2.2.0.295/driverlib/gpio.h", line 167: error #20: identifier "uint8_t" is undefined
"E:/Apps/ti/TivaWare_C_Series-2.2.0.295/driverlib/gpio.h", line 168: error #20: identifier "uint32_t" is undefined
"E:/Apps/ti/TivaWare_C_Series-2.2.0.295/driverlib/gpio.h", line 168: error #20: identifier "uint8_t" is undefined
"E:/Apps/ti/TivaWare_C_Series-2.2.0.295/driverlib/gpio.h", line 169: error #20: identifier "uint32_t" is undefined
"E:/Apps/ti/TivaWare_C_Series-2.2.0.295/driverlib/gpio.h", line 169: error #20: identifier "uint8_t" is undefined
"E:/Apps/ti/TivaWare_C_Series-2.2.0.295/driverlib/gpio.h", line 170: error #20: identifier "uint32_t" is undefined
"E:/Apps/ti/TivaWare_C_Series-2.2.0.295/driverlib/gpio.h", line 170: error #20: identifier "uint8_t" is undefined
"E:/Apps/ti/TivaWare_C_Series-2.2.0.295/driverlib/gpio.h", line 171: error #20: identifier "uint32_t" is undefined
"E:/Apps/ti/TivaWare_C_Series-2.2.0.295/driverlib/gpio.h", line 171: error #20: identifier "uint8_t" is undefined
"E:/Apps/ti/TivaWare_C_Series-2.2.0.295/driverlib/gpio.h", line 172: error #20: identifier "uint32_t" is undefined
"E:/Apps/ti/TivaWare_C_Series-2.2.0.295/driverlib/gpio.h", line 172: error #20: identifier "uint8_t" is undefined
"E:/Apps/ti/TivaWare_C_Series-2.2.0.295/driverlib/gpio.h", line 173: error #20: identifier "uint32_t" is undefined
"E:/Apps/ti/TivaWare_C_Series-2.2.0.295/driverlib/gpio.h", line 173: error #20: identifier "uint8_t" is undefined
"E:/Apps/ti/TivaWare_C_Series-2.2.0.295/driverlib/gpio.h", line 174: error #20: identifier "uint32_t" is undefined
"E:/Apps/ti/TivaWare_C_Series-2.2.0.295/driverlib/gpio.h", line 174: error #20: identifier "uint8_t" is undefined
"E:/Apps/ti/TivaWare_C_Series-2.2.0.295/driverlib/gpio.h", line 175: error #20: identifier "uint32_t" is undefined
"E:/Apps/ti/TivaWare_C_Series-2.2.0.295/driverlib/gpio.h", line 175: error #20: identifier "uint8_t" is undefined
"E:/Apps/ti/TivaWare_C_Series-2.2.0.295/driverlib/gpio.h", line 176: error #20: identifier "uint32_t" is undefined
"E:/Apps/ti/TivaWare_C_Series-2.2.0.295/driverlib/gpio.h", line 176: error #20: identifier "uint8_t" is undefined
"E:/Apps/ti/TivaWare_C_Series-2.2.0.295/driverlib/gpio.h", line 177: error #20: identifier "uint32_t" is undefined
"E:/Apps/ti/TivaWare_C_Series-2.2.0.295/driverlib/gpio.h", line 177: error #20: identifier "uint8_t" is undefined
"E:/Apps/ti/TivaWare_C_Series-2.2.0.295/driverlib/gpio.h", line 178: error #20: identifier "uint32_t" is undefined
"E:/Apps/ti/TivaWare_C_Series-2.2.0.295/driverlib/gpio.h", line 178: error #20: identifier "uint8_t" is undefined
"E:/Apps/ti/TivaWare_C_Series-2.2.0.295/driverlib/gpio.h", line 179: error #20: identifier "uint32_t" is undefined
"E:/Apps/ti/TivaWare_C_Series-2.2.0.295/driverlib/gpio.h", line 179: error #20: identifier "uint8_t" is undefined
"E:/Apps/ti/TivaWare_C_Series-2.2.0.295/driverlib/gpio.h", line 180: error #20: identifier "uint32_t" is undefined
"E:/Apps/ti/TivaWare_C_Series-2.2.0.295/driverlib/gpio.h", line 180: error #20: identifier "uint8_t" is undefined
"E:/Apps/ti/TivaWare_C_Series-2.2.0.295/driverlib/gpio.h", line 181: error #20: identifier "uint32_t" is undefined
"E:/Apps/ti/TivaWare_C_Series-2.2.0.295/driverlib/gpio.h", line 181: error #20: identifier "uint8_t" is undefined
"E:/Apps/ti/TivaWare_C_Series-2.2.0.295/driverlib/gpio.h", line 182: error #20: identifier "uint32_t" is undefined
"E:/Apps/ti/TivaWare_C_Series-2.2.0.295/driverlib/gpio.h", line 182: error #20: identifier "uint8_t" is undefined
"E:/Apps/ti/TivaWare_C_Series-2.2.0.295/driverlib/gpio.h", line 183: error #20: identifier "uint32_t" is undefined
"E:/Apps/ti/TivaWare_C_Series-2.2.0.295/driverlib/gpio.h", line 183: error #20: identifier "uint8_t" is undefined
"E:/Apps/ti/TivaWare_C_Series-2.2.0.295/driverlib/gpio.h", line 184: error #20: identifier "uint32_t" is undefined
"E:/Apps/ti/TivaWare_C_Series-2.2.0.295/driverlib/gpio.h", line 184: error #20: identifier "uint8_t" is undefined
"E:/Apps/ti/TivaWare_C_Series-2.2.0.295/driverlib/gpio.h", line 185: error #20: identifier "uint32_t" is undefined
"E:/Apps/ti/TivaWare_C_Series-2.2.0.295/driverlib/gpio.h", line 185: error #20: identifier "uint8_t" is undefined
"E:/Apps/ti/TivaWare_C_Series-2.2.0.295/driverlib/gpio.h", line 186: error #20: identifier "uint32_t" is undefined
"E:/Apps/ti/TivaWare_C_Series-2.2.0.295/driverlib/gpio.h", line 186: error #20: identifier "uint8_t" is undefined
"E:/Apps/ti/TivaWare_C_Series-2.2.0.295/driverlib/gpio.h", line 187: error #20: identifier "uint32_t" is undefined
"E:/Apps/ti/TivaWare_C_Series-2.2.0.295/driverlib/gpio.h", line 187: error #20: identifier "uint8_t" is undefined
"E:/Apps/ti/TivaWare_C_Series-2.2.0.295/driverlib/gpio.h", line 188: error #20: identifier "uint32_t" is undefined
"E:/Apps/ti/TivaWare_C_Series-2.2.0.295/driverlib/gpio.h", line 188: error #20: identifier "uint8_t" is undefined
"E:/Apps/ti/TivaWare_C_Series-2.2.0.295/driverlib/gpio.h", line 189: error #20: identifier "uint32_t" is undefined
"E:/Apps/ti/TivaWare_C_Series-2.2.0.295/driverlib/gpio.h", line 189: error #20: identifier "uint32_t" is undefined
"E:/Apps/ti/TivaWare_C_Series-2.2.0.295/driverlib/gpio.h", line 190: error #20: identifier "uint32_t" is undefined
"E:/Apps/ti/TivaWare_C_Series-2.2.0.295/driverlib/gpio.h", line 190: error #20: identifier "uint8_t" is undefined
"E:/Apps/ti/TivaWare_C_Series-2.2.0.295/driverlib/gpio.h", line 191: error #20: identifier "uint32_t" is undefined
"E:/Apps/ti/TivaWare_C_Series-2.2.0.295/driverlib/gpio.h", line 191: error #20: identifier "uint8_t" is undefined
Error limit reached.
100 errors detected in the compilation of "../my_libs/rc522_api.c".
Compilation terminated.
gmake: *** [my_libs/rc522_api.obj] Error 1
Building file: "../my_libs/uart_api.c"
Invoking: Arm Compiler
"E:/Apps/ti/ccs1250/ccs/tools/compiler/ti-cgt-arm_20.2.7.LTS/bin/armcl" -mv7M4 --code_state=16 --float_support=FPv4SPD16 -me --include_path="G:/Workspace/learningMaster/TKHTNNC/allSourceCodes/miniProject/sourceCodes/miniCCSProject" --include_path="E:/Apps/ti/TivaWare_C_Series-2.2.0.295" --include_path="E:/Apps/ti/ccs1250/ccs/tools/compiler/ti-cgt-arm_20.2.7.LTS/include" --define=ccs="ccs" --define=PART_TM4C123GH6PM -g --gcc --diag_warning=225 --diag_wrap=off --display_error_number --abi=eabi --preproc_with_compile --preproc_dependency="my_libs/uart_api.d_raw" --obj_directory="my_libs"  "../my_libs/uart_api.c"
 
>> Compilation failure
my_libs/subdir_rules.mk:9: recipe for target 'my_libs/uart_api.obj' failed
"E:/Apps/ti/TivaWare_C_Series-2.2.0.295/driverlib/gpio.h", line 141: error #20: identifier "uint32_t" is undefined
"E:/Apps/ti/TivaWare_C_Series-2.2.0.295/driverlib/gpio.h", line 141: error #20: identifier "uint8_t" is undefined
"E:/Apps/ti/TivaWare_C_Series-2.2.0.295/driverlib/gpio.h", line 142: error #20: identifier "uint32_t" is undefined
"E:/Apps/ti/TivaWare_C_Series-2.2.0.295/driverlib/gpio.h", line 143: error #20: identifier "uint32_t" is undefined
"E:/Apps/ti/TivaWare_C_Series-2.2.0.295/driverlib/gpio.h", line 143: error #20: identifier "uint32_t" is undefined
"E:/Apps/ti/TivaWare_C_Series-2.2.0.295/driverlib/gpio.h", line 143: error #20: identifier "uint8_t" is undefined
"E:/Apps/ti/TivaWare_C_Series-2.2.0.295/driverlib/gpio.h", line 144: error #20: identifier "uint32_t" is undefined
"E:/Apps/ti/TivaWare_C_Series-2.2.0.295/driverlib/gpio.h", line 144: error #20: identifier "uint8_t" is undefined
"E:/Apps/ti/TivaWare_C_Series-2.2.0.295/driverlib/gpio.h", line 145: error #20: identifier "uint32_t" is undefined
"E:/Apps/ti/TivaWare_C_Series-2.2.0.295/driverlib/gpio.h", line 146: error #20: identifier "uint32_t" is undefined
"E:/Apps/ti/TivaWare_C_Series-2.2.0.295/driverlib/gpio.h", line 146: error #20: identifier "uint32_t" is undefined
"E:/Apps/ti/TivaWare_C_Series-2.2.0.295/driverlib/gpio.h", line 146: error #20: identifier "uint8_t" is undefined
"E:/Apps/ti/TivaWare_C_Series-2.2.0.295/driverlib/gpio.h", line 147: error #20: identifier "uint32_t" is undefined
"E:/Apps/ti/TivaWare_C_Series-2.2.0.295/driverlib/gpio.h", line 147: error #20: identifier "uint8_t" is undefined
"E:/Apps/ti/TivaWare_C_Series-2.2.0.295/driverlib/gpio.h", line 148: error #20: identifier "uint32_t" is undefined
"E:/Apps/ti/TivaWare_C_Series-2.2.0.295/driverlib/gpio.h", line 148: error #20: identifier "uint32_t" is undefined
"E:/Apps/ti/TivaWare_C_Series-2.2.0.295/driverlib/gpio.h", line 149: error #20: identifier "uint32_t" is undefined
"E:/Apps/ti/TivaWare_C_Series-2.2.0.295/driverlib/gpio.h", line 149: error #20: identifier "uint8_t" is undefined
"E:/Apps/ti/TivaWare_C_Series-2.2.0.295/driverlib/gpio.h", line 150: error #20: identifier "uint32_t" is undefined
"E:/Apps/ti/TivaWare_C_Series-2.2.0.295/driverlib/gpio.h", line 150: error #20: identifier "uint32_t" is undefined
"E:/Apps/ti/TivaWare_C_Series-2.2.0.295/driverlib/gpio.h", line 151: error #20: identifier "uint32_t" is undefined
"E:/Apps/ti/TivaWare_C_Series-2.2.0.295/driverlib/gpio.h", line 151: error #20: identifier "uint32_t" is undefined
"E:/Apps/ti/TivaWare_C_Series-2.2.0.295/driverlib/gpio.h", line 152: error #20: identifier "uint32_t" is undefined
"E:/Apps/ti/TivaWare_C_Series-2.2.0.295/driverlib/gpio.h", line 152: error #20: identifier "uint32_t" is undefined
"E:/Apps/ti/TivaWare_C_Series-2.2.0.295/driverlib/gpio.h", line 153: error #20: identifier "uint32_t" is undefined
"E:/Apps/ti/TivaWare_C_Series-2.2.0.295/driverlib/gpio.h", line 153: error #20: identifier "uint32_t" is undefined
"E:/Apps/ti/TivaWare_C_Series-2.2.0.295/driverlib/gpio.h", line 153: error #20: identifier "bool" is undefined
"E:/Apps/ti/TivaWare_C_Series-2.2.0.295/driverlib/gpio.h", line 154: error #20: identifier "uint32_t" is undefined
"E:/Apps/ti/TivaWare_C_Series-2.2.0.295/driverlib/gpio.h", line 154: error #20: identifier "uint32_t" is undefined
"E:/Apps/ti/TivaWare_C_Series-2.2.0.295/driverlib/gpio.h", line 155: error #20: identifier "uint32_t" is undefined
"E:/Apps/ti/TivaWare_C_Series-2.2.0.295/driverlib/gpio.h", line 156: error #20: identifier "uint32_t" is undefined
"E:/Apps/ti/TivaWare_C_Series-2.2.0.295/driverlib/gpio.h", line 157: error #20: identifier "uint32_t" is undefined
"E:/Apps/ti/TivaWare_C_Series-2.2.0.295/driverlib/gpio.h", line 157: error #20: identifier "uint32_t" is undefined
"E:/Apps/ti/TivaWare_C_Series-2.2.0.295/driverlib/gpio.h", line 159: error #20: identifier "uint32_t" is undefined
"E:/Apps/ti/TivaWare_C_Series-2.2.0.295/driverlib/gpio.h", line 159: error #20: identifier "uint32_t" is undefined
"E:/Apps/ti/TivaWare_C_Series-2.2.0.295/driverlib/gpio.h", line 160: error #20: identifier "int32_t" is undefined
"E:/Apps/ti/TivaWare_C_Series-2.2.0.295/driverlib/gpio.h", line 160: error #20: identifier "uint32_t" is undefined
"E:/Apps/ti/TivaWare_C_Series-2.2.0.295/driverlib/gpio.h", line 160: error #20: identifier "uint8_t" is undefined
"E:/Apps/ti/TivaWare_C_Series-2.2.0.295/driverlib/gpio.h", line 161: error #20: identifier "uint32_t" is undefined
"E:/Apps/ti/TivaWare_C_Series-2.2.0.295/driverlib/gpio.h", line 161: error #20: identifier "uint8_t" is undefined
"E:/Apps/ti/TivaWare_C_Series-2.2.0.295/driverlib/gpio.h", line 161: error #20: identifier "uint8_t" is undefined
"E:/Apps/ti/TivaWare_C_Series-2.2.0.295/driverlib/gpio.h", line 162: error #20: identifier "uint32_t" is undefined
"E:/Apps/ti/TivaWare_C_Series-2.2.0.295/driverlib/gpio.h", line 163: error #20: identifier "uint32_t" is undefined
"E:/Apps/ti/TivaWare_C_Series-2.2.0.295/driverlib/gpio.h", line 163: error #20: identifier "uint8_t" is undefined
"E:/Apps/ti/TivaWare_C_Series-2.2.0.295/driverlib/gpio.h", line 164: error #20: identifier "uint32_t" is undefined
"E:/Apps/ti/TivaWare_C_Series-2.2.0.295/driverlib/gpio.h", line 164: error #20: identifier "uint8_t" is undefined
"E:/Apps/ti/TivaWare_C_Series-2.2.0.295/driverlib/gpio.h", line 165: error #20: identifier "uint32_t" is undefined
"E:/Apps/ti/TivaWare_C_Series-2.2.0.295/driverlib/gpio.h", line 165: error #20: identifier "uint8_t" is undefined
"E:/Apps/ti/TivaWare_C_Series-2.2.0.295/driverlib/gpio.h", line 166: error #20: identifier "uint32_t" is undefined
"E:/Apps/ti/TivaWare_C_Series-2.2.0.295/driverlib/gpio.h", line 166: error #20: identifier "uint8_t" is undefined
"E:/Apps/ti/TivaWare_C_Series-2.2.0.295/driverlib/gpio.h", line 167: error #20: identifier "uint32_t" is undefined
"E:/Apps/ti/TivaWare_C_Series-2.2.0.295/driverlib/gpio.h", line 167: error #20: identifier "uint8_t" is undefined
"E:/Apps/ti/TivaWare_C_Series-2.2.0.295/driverlib/gpio.h", line 168: error #20: identifier "uint32_t" is undefined
"E:/Apps/ti/TivaWare_C_Series-2.2.0.295/driverlib/gpio.h", line 168: error #20: identifier "uint8_t" is undefined
"E:/Apps/ti/TivaWare_C_Series-2.2.0.295/driverlib/gpio.h", line 169: error #20: identifier "uint32_t" is undefined
"E:/Apps/ti/TivaWare_C_Series-2.2.0.295/driverlib/gpio.h", line 169: error #20: identifier "uint8_t" is undefined
"E:/Apps/ti/TivaWare_C_Series-2.2.0.295/driverlib/gpio.h", line 170: error #20: identifier "uint32_t" is undefined
"E:/Apps/ti/TivaWare_C_Series-2.2.0.295/driverlib/gpio.h", line 170: error #20: identifier "uint8_t" is undefined
"E:/Apps/ti/TivaWare_C_Series-2.2.0.295/driverlib/gpio.h", line 171: error #20: identifier "uint32_t" is undefined
"E:/Apps/ti/TivaWare_C_Series-2.2.0.295/driverlib/gpio.h", line 171: error #20: identifier "uint8_t" is undefined
"E:/Apps/ti/TivaWare_C_Series-2.2.0.295/driverlib/gpio.h", line 172: error #20: identifier "uint32_t" is undefined
"E:/Apps/ti/TivaWare_C_Series-2.2.0.295/driverlib/gpio.h", line 172: error #20: identifier "uint8_t" is undefined
"E:/Apps/ti/TivaWare_C_Series-2.2.0.295/driverlib/gpio.h", line 173: error #20: identifier "uint32_t" is undefined
"E:/Apps/ti/TivaWare_C_Series-2.2.0.295/driverlib/gpio.h", line 173: error #20: identifier "uint8_t" is undefined
"E:/Apps/ti/TivaWare_C_Series-2.2.0.295/driverlib/gpio.h", line 174: error #20: identifier "uint32_t" is undefined
"E:/Apps/ti/TivaWare_C_Series-2.2.0.295/driverlib/gpio.h", line 174: error #20: identifier "uint8_t" is undefined
"E:/Apps/ti/TivaWare_C_Series-2.2.0.295/driverlib/gpio.h", line 175: error #20: identifier "uint32_t" is undefined
"E:/Apps/ti/TivaWare_C_Series-2.2.0.295/driverlib/gpio.h", line 175: error #20: identifier "uint8_t" is undefined
"E:/Apps/ti/TivaWare_C_Series-2.2.0.295/driverlib/gpio.h", line 176: error #20: identifier "uint32_t" is undefined
"E:/Apps/ti/TivaWare_C_Series-2.2.0.295/driverlib/gpio.h", line 176: error #20: identifier "uint8_t" is undefined
"E:/Apps/ti/TivaWare_C_Series-2.2.0.295/driverlib/gpio.h", line 177: error #20: identifier "uint32_t" is undefined
"E:/Apps/ti/TivaWare_C_Series-2.2.0.295/driverlib/gpio.h", line 177: error #20: identifier "uint8_t" is undefined
"E:/Apps/ti/TivaWare_C_Series-2.2.0.295/driverlib/gpio.h", line 178: error #20: identifier "uint32_t" is undefined
"E:/Apps/ti/TivaWare_C_Series-2.2.0.295/driverlib/gpio.h", line 178: error #20: identifier "uint8_t" is undefined
"E:/Apps/ti/TivaWare_C_Series-2.2.0.295/driverlib/gpio.h", line 179: error #20: identifier "uint32_t" is undefined
"E:/Apps/ti/TivaWare_C_Series-2.2.0.295/driverlib/gpio.h", line 179: error #20: identifier "uint8_t" is undefined
"E:/Apps/ti/TivaWare_C_Series-2.2.0.295/driverlib/gpio.h", line 180: error #20: identifier "uint32_t" is undefined
"E:/Apps/ti/TivaWare_C_Series-2.2.0.295/driverlib/gpio.h", line 180: error #20: identifier "uint8_t" is undefined
"E:/Apps/ti/TivaWare_C_Series-2.2.0.295/driverlib/gpio.h", line 181: error #20: identifier "uint32_t" is undefined
"E:/Apps/ti/TivaWare_C_Series-2.2.0.295/driverlib/gpio.h", line 181: error #20: identifier "uint8_t" is undefined
"E:/Apps/ti/TivaWare_C_Series-2.2.0.295/driverlib/gpio.h", line 182: error #20: identifier "uint32_t" is undefined
"E:/Apps/ti/TivaWare_C_Series-2.2.0.295/driverlib/gpio.h", line 182: error #20: identifier "uint8_t" is undefined
"E:/Apps/ti/TivaWare_C_Series-2.2.0.295/driverlib/gpio.h", line 183: error #20: identifier "uint32_t" is undefined
"E:/Apps/ti/TivaWare_C_Series-2.2.0.295/driverlib/gpio.h", line 183: error #20: identifier "uint8_t" is undefined
"E:/Apps/ti/TivaWare_C_Series-2.2.0.295/driverlib/gpio.h", line 184: error #20: identifier "uint32_t" is undefined
"E:/Apps/ti/TivaWare_C_Series-2.2.0.295/driverlib/gpio.h", line 184: error #20: identifier "uint8_t" is undefined
"E:/Apps/ti/TivaWare_C_Series-2.2.0.295/driverlib/gpio.h", line 185: error #20: identifier "uint32_t" is undefined
"E:/Apps/ti/TivaWare_C_Series-2.2.0.295/driverlib/gpio.h", line 185: error #20: identifier "uint8_t" is undefined
"E:/Apps/ti/TivaWare_C_Series-2.2.0.295/driverlib/gpio.h", line 186: error #20: identifier "uint32_t" is undefined
"E:/Apps/ti/TivaWare_C_Series-2.2.0.295/driverlib/gpio.h", line 186: error #20: identifier "uint8_t" is undefined
"E:/Apps/ti/TivaWare_C_Series-2.2.0.295/driverlib/gpio.h", line 187: error #20: identifier "uint32_t" is undefined
"E:/Apps/ti/TivaWare_C_Series-2.2.0.295/driverlib/gpio.h", line 187: error #20: identifier "uint8_t" is undefined
"E:/Apps/ti/TivaWare_C_Series-2.2.0.295/driverlib/gpio.h", line 188: error #20: identifier "uint32_t" is undefined
"E:/Apps/ti/TivaWare_C_Series-2.2.0.295/driverlib/gpio.h", line 188: error #20: identifier "uint8_t" is undefined
"E:/Apps/ti/TivaWare_C_Series-2.2.0.295/driverlib/gpio.h", line 189: error #20: identifier "uint32_t" is undefined
"E:/Apps/ti/TivaWare_C_Series-2.2.0.295/driverlib/gpio.h", line 189: error #20: identifier "uint32_t" is undefined
"E:/Apps/ti/TivaWare_C_Series-2.2.0.295/driverlib/gpio.h", line 190: error #20: identifier "uint32_t" is undefined
"E:/Apps/ti/TivaWare_C_Series-2.2.0.295/driverlib/gpio.h", line 190: error #20: identifier "uint8_t" is undefined
"E:/Apps/ti/TivaWare_C_Series-2.2.0.295/driverlib/gpio.h", line 191: error #20: identifier "uint32_t" is undefined
"E:/Apps/ti/TivaWare_C_Series-2.2.0.295/driverlib/gpio.h", line 191: error #20: identifier "uint8_t" is undefined
Error limit reached.
100 errors detected in the compilation of "../my_libs/uart_api.c".
Compilation terminated.
gmake: *** [my_libs/uart_api.obj] Error 1
Building file: "../main.c"
Invoking: Arm Compiler
"E:/Apps/ti/ccs1250/ccs/tools/compiler/ti-cgt-arm_20.2.7.LTS/bin/armcl" -mv7M4 --code_state=16 --float_support=FPv4SPD16 -me --include_path="G:/Workspace/learningMaster/TKHTNNC/allSourceCodes/miniProject/sourceCodes/miniCCSProject" --include_path="E:/Apps/ti/TivaWare_C_Series-2.2.0.295" --include_path="E:/Apps/ti/ccs1250/ccs/tools/compiler/ti-cgt-arm_20.2.7.LTS/include" --define=ccs="ccs" --define=PART_TM4C123GH6PM -g --gcc --diag_warning=225 --diag_wrap=off --display_error_number --abi=eabi --preproc_with_compile --preproc_dependency="main.d_raw"  "../main.c"
"../main.c", line 18: warning #225-D: function "configureUART" declared implicitly
"../main.c", line 19: warning #225-D: function "configureSPI" declared implicitly
Finished building: "../main.c"
 
Building file: "../tm4c123gh6pm_startup_ccs.c"
Invoking: Arm Compiler
"E:/Apps/ti/ccs1250/ccs/tools/compiler/ti-cgt-arm_20.2.7.LTS/bin/armcl" -mv7M4 --code_state=16 --float_support=FPv4SPD16 -me --include_path="G:/Workspace/learningMaster/TKHTNNC/allSourceCodes/miniProject/sourceCodes/miniCCSProject" --include_path="E:/Apps/ti/TivaWare_C_Series-2.2.0.295" --include_path="E:/Apps/ti/ccs1250/ccs/tools/compiler/ti-cgt-arm_20.2.7.LTS/include" --define=ccs="ccs" --define=PART_TM4C123GH6PM -g --gcc --diag_warning=225 --diag_wrap=off --display_error_number --abi=eabi --preproc_with_compile --preproc_dependency="tm4c123gh6pm_startup_ccs.d_raw"  "../tm4c123gh6pm_startup_ccs.c"
Finished building: "../tm4c123gh6pm_startup_ccs.c"
 
gmake: Target 'all' not remade because of errors.

**** Build Finished ****

**** Build of configuration Debug for project miniCCSProject ****

"E:\\Apps\\ti\\ccs1250\\ccs\\utils\\bin\\gmake" -k -j 16 all -O 
 
Building file: "../my_libs/uart_api.c"
Invoking: Arm Compiler
"E:/Apps/ti/ccs1250/ccs/tools/compiler/ti-cgt-arm_20.2.7.LTS/bin/armcl" -mv7M4 --code_state=16 --float_support=FPv4SPD16 -me --include_path="G:/Workspace/learningMaster/TKHTNNC/allSourceCodes/miniProject/sourceCodes/miniCCSProject" --include_path="E:/Apps/ti/TivaWare_C_Series-2.2.0.295" --include_path="E:/Apps/ti/ccs1250/ccs/tools/compiler/ti-cgt-arm_20.2.7.LTS/include" --define=ccs="ccs" --define=PART_TM4C123GH6PM -g --gcc --diag_warning=225 --diag_wrap=off --display_error_number --abi=eabi --preproc_with_compile --preproc_dependency="my_libs/uart_api.d_raw" --obj_directory="my_libs"  "../my_libs/uart_api.c"
 
>> Compilation failure
my_libs/subdir_rules.mk:9: recipe for target 'my_libs/uart_api.obj' failed
"E:/Apps/ti/TivaWare_C_Series-2.2.0.295/driverlib/gpio.h", line 141: error #20: identifier "uint32_t" is undefined
"E:/Apps/ti/TivaWare_C_Series-2.2.0.295/driverlib/gpio.h", line 141: error #20: identifier "uint8_t" is undefined
"E:/Apps/ti/TivaWare_C_Series-2.2.0.295/driverlib/gpio.h", line 142: error #20: identifier "uint32_t" is undefined
"E:/Apps/ti/TivaWare_C_Series-2.2.0.295/driverlib/gpio.h", line 143: error #20: identifier "uint32_t" is undefined
"E:/Apps/ti/TivaWare_C_Series-2.2.0.295/driverlib/gpio.h", line 143: error #20: identifier "uint32_t" is undefined
"E:/Apps/ti/TivaWare_C_Series-2.2.0.295/driverlib/gpio.h", line 143: error #20: identifier "uint8_t" is undefined
"E:/Apps/ti/TivaWare_C_Series-2.2.0.295/driverlib/gpio.h", line 144: error #20: identifier "uint32_t" is undefined
"E:/Apps/ti/TivaWare_C_Series-2.2.0.295/driverlib/gpio.h", line 144: error #20: identifier "uint8_t" is undefined
"E:/Apps/ti/TivaWare_C_Series-2.2.0.295/driverlib/gpio.h", line 145: error #20: identifier "uint32_t" is undefined
"E:/Apps/ti/TivaWare_C_Series-2.2.0.295/driverlib/gpio.h", line 146: error #20: identifier "uint32_t" is undefined
"E:/Apps/ti/TivaWare_C_Series-2.2.0.295/driverlib/gpio.h", line 146: error #20: identifier "uint32_t" is undefined
"E:/Apps/ti/TivaWare_C_Series-2.2.0.295/driverlib/gpio.h", line 146: error #20: identifier "uint8_t" is undefined
"E:/Apps/ti/TivaWare_C_Series-2.2.0.295/driverlib/gpio.h", line 147: error #20: identifier "uint32_t" is undefined
"E:/Apps/ti/TivaWare_C_Series-2.2.0.295/driverlib/gpio.h", line 147: error #20: identifier "uint8_t" is undefined
"E:/Apps/ti/TivaWare_C_Series-2.2.0.295/driverlib/gpio.h", line 148: error #20: identifier "uint32_t" is undefined
"E:/Apps/ti/TivaWare_C_Series-2.2.0.295/driverlib/gpio.h", line 148: error #20: identifier "uint32_t" is undefined
"E:/Apps/ti/TivaWare_C_Series-2.2.0.295/driverlib/gpio.h", line 149: error #20: identifier "uint32_t" is undefined
"E:/Apps/ti/TivaWare_C_Series-2.2.0.295/driverlib/gpio.h", line 149: error #20: identifier "uint8_t" is undefined
"E:/Apps/ti/TivaWare_C_Series-2.2.0.295/driverlib/gpio.h", line 150: error #20: identifier "uint32_t" is undefined
"E:/Apps/ti/TivaWare_C_Series-2.2.0.295/driverlib/gpio.h", line 150: error #20: identifier "uint32_t" is undefined
"E:/Apps/ti/TivaWare_C_Series-2.2.0.295/driverlib/gpio.h", line 151: error #20: identifier "uint32_t" is undefined
"E:/Apps/ti/TivaWare_C_Series-2.2.0.295/driverlib/gpio.h", line 151: error #20: identifier "uint32_t" is undefined
"E:/Apps/ti/TivaWare_C_Series-2.2.0.295/driverlib/gpio.h", line 152: error #20: identifier "uint32_t" is undefined
"E:/Apps/ti/TivaWare_C_Series-2.2.0.295/driverlib/gpio.h", line 152: error #20: identifier "uint32_t" is undefined
"E:/Apps/ti/TivaWare_C_Series-2.2.0.295/driverlib/gpio.h", line 153: error #20: identifier "uint32_t" is undefined
"E:/Apps/ti/TivaWare_C_Series-2.2.0.295/driverlib/gpio.h", line 153: error #20: identifier "uint32_t" is undefined
"E:/Apps/ti/TivaWare_C_Series-2.2.0.295/driverlib/gpio.h", line 153: error #20: identifier "bool" is undefined
"E:/Apps/ti/TivaWare_C_Series-2.2.0.295/driverlib/gpio.h", line 154: error #20: identifier "uint32_t" is undefined
"E:/Apps/ti/TivaWare_C_Series-2.2.0.295/driverlib/gpio.h", line 154: error #20: identifier "uint32_t" is undefined
"E:/Apps/ti/TivaWare_C_Series-2.2.0.295/driverlib/gpio.h", line 155: error #20: identifier "uint32_t" is undefined
"E:/Apps/ti/TivaWare_C_Series-2.2.0.295/driverlib/gpio.h", line 156: error #20: identifier "uint32_t" is undefined
"E:/Apps/ti/TivaWare_C_Series-2.2.0.295/driverlib/gpio.h", line 157: error #20: identifier "uint32_t" is undefined
"E:/Apps/ti/TivaWare_C_Series-2.2.0.295/driverlib/gpio.h", line 157: error #20: identifier "uint32_t" is undefined
"E:/Apps/ti/TivaWare_C_Series-2.2.0.295/driverlib/gpio.h", line 159: error #20: identifier "uint32_t" is undefined
"E:/Apps/ti/TivaWare_C_Series-2.2.0.295/driverlib/gpio.h", line 159: error #20: identifier "uint32_t" is undefined
"E:/Apps/ti/TivaWare_C_Series-2.2.0.295/driverlib/gpio.h", line 160: error #20: identifier "int32_t" is undefined
"E:/Apps/ti/TivaWare_C_Series-2.2.0.295/driverlib/gpio.h", line 160: error #20: identifier "uint32_t" is undefined
"E:/Apps/ti/TivaWare_C_Series-2.2.0.295/driverlib/gpio.h", line 160: error #20: identifier "uint8_t" is undefined
"E:/Apps/ti/TivaWare_C_Series-2.2.0.295/driverlib/gpio.h", line 161: error #20: identifier "uint32_t" is undefined
"E:/Apps/ti/TivaWare_C_Series-2.2.0.295/driverlib/gpio.h", line 161: error #20: identifier "uint8_t" is undefined
"E:/Apps/ti/TivaWare_C_Series-2.2.0.295/driverlib/gpio.h", line 161: error #20: identifier "uint8_t" is undefined
"E:/Apps/ti/TivaWare_C_Series-2.2.0.295/driverlib/gpio.h", line 162: error #20: identifier "uint32_t" is undefined
"E:/Apps/ti/TivaWare_C_Series-2.2.0.295/driverlib/gpio.h", line 163: error #20: identifier "uint32_t" is undefined
"E:/Apps/ti/TivaWare_C_Series-2.2.0.295/driverlib/gpio.h", line 163: error #20: identifier "uint8_t" is undefined
"E:/Apps/ti/TivaWare_C_Series-2.2.0.295/driverlib/gpio.h", line 164: error #20: identifier "uint32_t" is undefined
"E:/Apps/ti/TivaWare_C_Series-2.2.0.295/driverlib/gpio.h", line 164: error #20: identifier "uint8_t" is undefined
"E:/Apps/ti/TivaWare_C_Series-2.2.0.295/driverlib/gpio.h", line 165: error #20: identifier "uint32_t" is undefined
"E:/Apps/ti/TivaWare_C_Series-2.2.0.295/driverlib/gpio.h", line 165: error #20: identifier "uint8_t" is undefined
"E:/Apps/ti/TivaWare_C_Series-2.2.0.295/driverlib/gpio.h", line 166: error #20: identifier "uint32_t" is undefined
"E:/Apps/ti/TivaWare_C_Series-2.2.0.295/driverlib/gpio.h", line 166: error #20: identifier "uint8_t" is undefined
"E:/Apps/ti/TivaWare_C_Series-2.2.0.295/driverlib/gpio.h", line 167: error #20: identifier "uint32_t" is undefined
"E:/Apps/ti/TivaWare_C_Series-2.2.0.295/driverlib/gpio.h", line 167: error #20: identifier "uint8_t" is undefined
"E:/Apps/ti/TivaWare_C_Series-2.2.0.295/driverlib/gpio.h", line 168: error #20: identifier "uint32_t" is undefined
"E:/Apps/ti/TivaWare_C_Series-2.2.0.295/driverlib/gpio.h", line 168: error #20: identifier "uint8_t" is undefined
"E:/Apps/ti/TivaWare_C_Series-2.2.0.295/driverlib/gpio.h", line 169: error #20: identifier "uint32_t" is undefined
"E:/Apps/ti/TivaWare_C_Series-2.2.0.295/driverlib/gpio.h", line 169: error #20: identifier "uint8_t" is undefined
"E:/Apps/ti/TivaWare_C_Series-2.2.0.295/driverlib/gpio.h", line 170: error #20: identifier "uint32_t" is undefined
"E:/Apps/ti/TivaWare_C_Series-2.2.0.295/driverlib/gpio.h", line 170: error #20: identifier "uint8_t" is undefined
"E:/Apps/ti/TivaWare_C_Series-2.2.0.295/driverlib/gpio.h", line 171: error #20: identifier "uint32_t" is undefined
"E:/Apps/ti/TivaWare_C_Series-2.2.0.295/driverlib/gpio.h", line 171: error #20: identifier "uint8_t" is undefined
"E:/Apps/ti/TivaWare_C_Series-2.2.0.295/driverlib/gpio.h", line 172: error #20: identifier "uint32_t" is undefined
"E:/Apps/ti/TivaWare_C_Series-2.2.0.295/driverlib/gpio.h", line 172: error #20: identifier "uint8_t" is undefined
"E:/Apps/ti/TivaWare_C_Series-2.2.0.295/driverlib/gpio.h", line 173: error #20: identifier "uint32_t" is undefined
"E:/Apps/ti/TivaWare_C_Series-2.2.0.295/driverlib/gpio.h", line 173: error #20: identifier "uint8_t" is undefined
"E:/Apps/ti/TivaWare_C_Series-2.2.0.295/driverlib/gpio.h", line 174: error #20: identifier "uint32_t" is undefined
"E:/Apps/ti/TivaWare_C_Series-2.2.0.295/driverlib/gpio.h", line 174: error #20: identifier "uint8_t" is undefined
"E:/Apps/ti/TivaWare_C_Series-2.2.0.295/driverlib/gpio.h", line 175: error #20: identifier "uint32_t" is undefined
"E:/Apps/ti/TivaWare_C_Series-2.2.0.295/driverlib/gpio.h", line 175: error #20: identifier "uint8_t" is undefined
"E:/Apps/ti/TivaWare_C_Series-2.2.0.295/driverlib/gpio.h", line 176: error #20: identifier "uint32_t" is undefined
"E:/Apps/ti/TivaWare_C_Series-2.2.0.295/driverlib/gpio.h", line 176: error #20: identifier "uint8_t" is undefined
"E:/Apps/ti/TivaWare_C_Series-2.2.0.295/driverlib/gpio.h", line 177: error #20: identifier "uint32_t" is undefined
"E:/Apps/ti/TivaWare_C_Series-2.2.0.295/driverlib/gpio.h", line 177: error #20: identifier "uint8_t" is undefined
"E:/Apps/ti/TivaWare_C_Series-2.2.0.295/driverlib/gpio.h", line 178: error #20: identifier "uint32_t" is undefined
"E:/Apps/ti/TivaWare_C_Series-2.2.0.295/driverlib/gpio.h", line 178: error #20: identifier "uint8_t" is undefined
"E:/Apps/ti/TivaWare_C_Series-2.2.0.295/driverlib/gpio.h", line 179: error #20: identifier "uint32_t" is undefined
"E:/Apps/ti/TivaWare_C_Series-2.2.0.295/driverlib/gpio.h", line 179: error #20: identifier "uint8_t" is undefined
"E:/Apps/ti/TivaWare_C_Series-2.2.0.295/driverlib/gpio.h", line 180: error #20: identifier "uint32_t" is undefined
"E:/Apps/ti/TivaWare_C_Series-2.2.0.295/driverlib/gpio.h", line 180: error #20: identifier "uint8_t" is undefined
"E:/Apps/ti/TivaWare_C_Series-2.2.0.295/driverlib/gpio.h", line 181: error #20: identifier "uint32_t" is undefined
"E:/Apps/ti/TivaWare_C_Series-2.2.0.295/driverlib/gpio.h", line 181: error #20: identifier "uint8_t" is undefined
"E:/Apps/ti/TivaWare_C_Series-2.2.0.295/driverlib/gpio.h", line 182: error #20: identifier "uint32_t" is undefined
"E:/Apps/ti/TivaWare_C_Series-2.2.0.295/driverlib/gpio.h", line 182: error #20: identifier "uint8_t" is undefined
"E:/Apps/ti/TivaWare_C_Series-2.2.0.295/driverlib/gpio.h", line 183: error #20: identifier "uint32_t" is undefined
"E:/Apps/ti/TivaWare_C_Series-2.2.0.295/driverlib/gpio.h", line 183: error #20: identifier "uint8_t" is undefined
"E:/Apps/ti/TivaWare_C_Series-2.2.0.295/driverlib/gpio.h", line 184: error #20: identifier "uint32_t" is undefined
"E:/Apps/ti/TivaWare_C_Series-2.2.0.295/driverlib/gpio.h", line 184: error #20: identifier "uint8_t" is undefined
"E:/Apps/ti/TivaWare_C_Series-2.2.0.295/driverlib/gpio.h", line 185: error #20: identifier "uint32_t" is undefined
"E:/Apps/ti/TivaWare_C_Series-2.2.0.295/driverlib/gpio.h", line 185: error #20: identifier "uint8_t" is undefined
"E:/Apps/ti/TivaWare_C_Series-2.2.0.295/driverlib/gpio.h", line 186: error #20: identifier "uint32_t" is undefined
"E:/Apps/ti/TivaWare_C_Series-2.2.0.295/driverlib/gpio.h", line 186: error #20: identifier "uint8_t" is undefined
"E:/Apps/ti/TivaWare_C_Series-2.2.0.295/driverlib/gpio.h", line 187: error #20: identifier "uint32_t" is undefined
"E:/Apps/ti/TivaWare_C_Series-2.2.0.295/driverlib/gpio.h", line 187: error #20: identifier "uint8_t" is undefined
"E:/Apps/ti/TivaWare_C_Series-2.2.0.295/driverlib/gpio.h", line 188: error #20: identifier "uint32_t" is undefined
"E:/Apps/ti/TivaWare_C_Series-2.2.0.295/driverlib/gpio.h", line 188: error #20: identifier "uint8_t" is undefined
"E:/Apps/ti/TivaWare_C_Series-2.2.0.295/driverlib/gpio.h", line 189: error #20: identifier "uint32_t" is undefined
"E:/Apps/ti/TivaWare_C_Series-2.2.0.295/driverlib/gpio.h", line 189: error #20: identifier "uint32_t" is undefined
"E:/Apps/ti/TivaWare_C_Series-2.2.0.295/driverlib/gpio.h", line 190: error #20: identifier "uint32_t" is undefined
"E:/Apps/ti/TivaWare_C_Series-2.2.0.295/driverlib/gpio.h", line 190: error #20: identifier "uint8_t" is undefined
"E:/Apps/ti/TivaWare_C_Series-2.2.0.295/driverlib/gpio.h", line 191: error #20: identifier "uint32_t" is undefined
"E:/Apps/ti/TivaWare_C_Series-2.2.0.295/driverlib/gpio.h", line 191: error #20: identifier "uint8_t" is undefined
Error limit reached.
100 errors detected in the compilation of "../my_libs/uart_api.c".
Compilation terminated.
gmake: *** [my_libs/uart_api.obj] Error 1
Building file: "../my_libs/rc522_api.c"
Invoking: Arm Compiler
"E:/Apps/ti/ccs1250/ccs/tools/compiler/ti-cgt-arm_20.2.7.LTS/bin/armcl" -mv7M4 --code_state=16 --float_support=FPv4SPD16 -me --include_path="G:/Workspace/learningMaster/TKHTNNC/allSourceCodes/miniProject/sourceCodes/miniCCSProject" --include_path="E:/Apps/ti/TivaWare_C_Series-2.2.0.295" --include_path="E:/Apps/ti/ccs1250/ccs/tools/compiler/ti-cgt-arm_20.2.7.LTS/include" --define=ccs="ccs" --define=PART_TM4C123GH6PM -g --gcc --diag_warning=225 --diag_wrap=off --display_error_number --abi=eabi --preproc_with_compile --preproc_dependency="my_libs/rc522_api.d_raw" --obj_directory="my_libs"  "../my_libs/rc522_api.c"
 
>> Compilation failure
my_libs/subdir_rules.mk:9: recipe for target 'my_libs/rc522_api.obj' failed
"E:/Apps/ti/TivaWare_C_Series-2.2.0.295/driverlib/gpio.h", line 153: error #20: identifier "bool" is undefined
"E:/Apps/ti/TivaWare_C_Series-2.2.0.295/driverlib/ssi.h", line 134: error #20: identifier "bool" is undefined
"E:/Apps/ti/TivaWare_C_Series-2.2.0.295/driverlib/ssi.h", line 138: error #20: identifier "bool" is undefined
"..\my_libs\rc522_api.h", line 119: error #148: declaration is incompatible with "void rc522ClearBitMask(uint8_t, uint8_t)" (declared at line 118)
"../my_libs/rc522_api.c", line 16: warning #225-D: function "SysCtlPeripheralEnable" declared implicitly
"../my_libs/rc522_api.c", line 16: error #20: identifier "SYSCTL_PERIPH_SSI0" is undefined
"../my_libs/rc522_api.c", line 17: error #20: identifier "SYSCTL_PERIPH_GPIOA" is undefined
"../my_libs/rc522_api.c", line 22: warning #225-D: function "SysCtlClockGet" declared implicitly
"../my_libs/rc522_api.c", line 32: error #71: incomplete type is not allowed
"../my_libs/rc522_api.c", line 33: error #71: incomplete type is not allowed
"../my_libs/rc522_api.c", line 34: error #20: identifier "CLR_SPI_CS" is undefined
"../my_libs/rc522_api.c", line 39: warning #225-D: function "spi_message_init" declared implicitly
"../my_libs/rc522_api.c", line 40: warning #225-D: function "memset" declared implicitly
"../my_libs/rc522_api.c", line 44: warning #225-D: function "spi_message_add_tail" declared implicitly
"../my_libs/rc522_api.c", line 48: warning #225-D: function "spi_sync" declared implicitly
"../my_libs/rc522_api.c", line 48: error #20: identifier "rc522_spi" is undefined
"../my_libs/rc522_api.c", line 50: error #20: identifier "SET_SPI_CS" is undefined
"../my_libs/rc522_api.c", line 56: error #20: identifier "CLR_SPI_CS" is undefined
"../my_libs/rc522_api.c", line 58: warning #225-D: function "spi_write_then_read" declared implicitly
"../my_libs/rc522_api.c", line 58: error #20: identifier "rc522_spi" is undefined
"../my_libs/rc522_api.c", line 60: warning #225-D: function "UARTStringPut" declared implicitly
"../my_libs/rc522_api.c", line 62: error #20: identifier "SET_SPI_CS" is undefined
"../my_libs/rc522_api.c", line 66: warning #174-D: external/internal linkage conflict with previous declaration
"../my_libs/rc522_api.c", line 68: warning #225-D: function "UARTStringPut" declared implicitly
"../my_libs/rc522_api.c", line 69: warning #169-D: argument of type "uint8_t *" is incompatible with parameter of type "uint8_t"
"../my_libs/rc522_api.c", line 69: error #515: a value of type "void" cannot be assigned to an entity of type "uint8_t"
"../my_libs/rc522_api.c", line 91: warning #69-D: integer conversion resulted in a change of sign
"../my_libs/rc522_api.c", line 104: error #249: function "rc522ClearBitMask" has already been defined
"../my_libs/rc522_api.c", line 108: error #20: identifier "rc522_REG_BIT_FRAMING" is undefined
"../my_libs/rc522_api.c", line 113: warning #69-D: integer conversion resulted in a change of sign
"../my_libs/rc522_api.c", line 114: warning #225-D: function "UARTStringPut" declared implicitly
"../my_libs/rc522_api.c", line 117: warning #225-D: function "UARTStringPut" declared implicitly
"../my_libs/rc522_api.c", line 122: warning #69-D: integer conversion resulted in a change of sign
"../my_libs/rc522_api.c", line 144: error #20: identifier "rc522_REG_COMM_IE_N" is undefined
"../my_libs/rc522_api.c", line 145: error #20: identifier "rc522_REG_COMM_IRQ" is undefined
"../my_libs/rc522_api.c", line 146: error #20: identifier "rc522_REG_FIFO_LEVEL" is undefined
"../my_libs/rc522_api.c", line 147: error #20: identifier "rc522_REG_COMMAND" is undefined
"../my_libs/rc522_api.c", line 151: error #20: identifier "rc522_REG_FIFO_DATA" is undefined
"../my_libs/rc522_api.c", line 156: error #20: identifier "rc522_REG_BIT_FRAMING" is undefined
"../my_libs/rc522_api.c", line 167: warning #225-D: function "UARTStringPut" declared implicitly
"../my_libs/rc522_api.c", line 172: error #20: identifier "rc522_REG_ERROR" is undefined
"../my_libs/rc522_api.c", line 176: warning #69-D: integer conversion resulted in a change of sign
"../my_libs/rc522_api.c", line 181: error #20: identifier "rc522_REG_CONTROL" is undefined
"../my_libs/rc522_api.c", line 186: error #20: identifier "rc522_MAX_LEN" is undefined
"../my_libs/rc522_api.c", line 192: warning #69-D: integer conversion resulted in a change of sign
"../my_libs/rc522_api.c", line 205: error #20: identifier "rc522_REG_BIT_FRAMING" is undefined
"../my_libs/rc522_api.c", line 214: warning #69-D: integer conversion resulted in a change of sign
"../my_libs/rc522_api.c", line 222: error #20: identifier "rc522_REG_DIV_IRQ" is undefined
"../my_libs/rc522_api.c", line 223: error #20: identifier "rc522_REG_FIFO_LEVEL" is undefined
"../my_libs/rc522_api.c", line 228: error #20: identifier "rc522_REG_FIFO_DATA" is undefined
"../my_libs/rc522_api.c", line 230: error #20: identifier "rc522_REG_COMMAND" is undefined
"../my_libs/rc522_api.c", line 240: error #20: identifier "rc522_REG_CRC_RESULT_L" is undefined
"../my_libs/rc522_api.c", line 241: error #20: identifier "rc522_REG_CRC_RESULT_M" is undefined
"../my_libs/rc522_api.c", line 278: error #20: identifier "rc522_REG_STATUS2" is undefined
"../my_libs/rc522_api.c", line 279: warning #69-D: integer conversion resulted in a change of sign
"../my_libs/rc522_api.c", line 291: warning #69-D: integer conversion resulted in a change of sign
"../my_libs/rc522_api.c", line 306: warning #69-D: integer conversion resulted in a change of sign
"../my_libs/rc522_api.c", line 313: warning #69-D: integer conversion resulted in a change of sign
"../my_libs/rc522_api.c", line 322: error #20: identifier "rc522_REG_T_MODE" is undefined
"../my_libs/rc522_api.c", line 323: error #20: identifier "rc522_REG_T_PRESCALER" is undefined
"../my_libs/rc522_api.c", line 324: error #20: identifier "rc522_REG_T_RELOAD_L" is undefined
"../my_libs/rc522_api.c", line 325: error #20: identifier "rc522_REG_T_RELOAD_H" is undefined
"../my_libs/rc522_api.c", line 326: error #20: identifier "rc522_REG_RF_CFG" is undefined
"../my_libs/rc522_api.c", line 327: error #20: identifier "rc522_REG_TX_AUTO" is undefined
"../my_libs/rc522_api.c", line 328: error #20: identifier "rc522_REG_MODE" is undefined
"../my_libs/rc522_api.c", line 331: warning #225-D: function "UARTStringPut" declared implicitly
"../my_libs/rc522_api.c", line 338: error #20: identifier "rc522_REG_COMMAND" is undefined
"../my_libs/rc522_api.c", line 344: error #20: identifier "rc522_REG_TX_CONTROL" is undefined
"../my_libs/rc522_api.c", line 350: error #20: identifier "rc522_REG_TX_CONTROL" is undefined
"../my_libs/rc522_api.c", line 13: warning #179-D: function "configureSPI" was declared but never referenced
"../my_libs/rc522_api.c", line 87: warning #179-D: function "rc522Compare" was declared but never referenced
"../my_libs/rc522_api.c", line 244: warning #179-D: function "rc522SelectTag" was declared but never referenced
"../my_libs/rc522_api.c", line 264: warning #179-D: function "rc522Auth" was declared but never referenced
"../my_libs/rc522_api.c", line 283: warning #179-D: function "rc522Read" was declared but never referenced
"../my_libs/rc522_api.c", line 295: warning #179-D: function "rc522Write" was declared but never referenced
"../my_libs/rc522_api.c", line 349: warning #179-D: function "rc522AntennaOff" was declared but never referenced
"../my_libs/rc522_api.c", line 66: warning #179-D: function "rc522Check" was declared but never referenced
"../my_libs/rc522_api.c", line 26: warning #179-D: function "lowCSPin" was declared but never referenced
44 errors detected in the compilation of "../my_libs/rc522_api.c".
gmake: *** [my_libs/rc522_api.obj] Error 1
gmake: Target 'all' not remade because of errors.

**** Build Finished ****

**** Build of configuration Debug for project miniCCSProject ****

"E:\\Apps\\ti\\ccs1250\\ccs\\utils\\bin\\gmake" -k -j 16 all -O 
 
Building file: "../my_libs/rc522_api.c"
Invoking: Arm Compiler
"E:/Apps/ti/ccs1250/ccs/tools/compiler/ti-cgt-arm_20.2.7.LTS/bin/armcl" -mv7M4 --code_state=16 --float_support=FPv4SPD16 -me --include_path="G:/Workspace/learningMaster/TKHTNNC/allSourceCodes/miniProject/sourceCodes/miniCCSProject" --include_path="E:/Apps/ti/TivaWare_C_Series-2.2.0.295" --include_path="E:/Apps/ti/ccs1250/ccs/tools/compiler/ti-cgt-arm_20.2.7.LTS/include" --define=ccs="ccs" --define=PART_TM4C123GH6PM -g --gcc --diag_warning=225 --diag_wrap=off --display_error_number --abi=eabi --preproc_with_compile --preproc_dependency="my_libs/rc522_api.d_raw" --obj_directory="my_libs"  "../my_libs/rc522_api.c"
 
>> Compilation failure
my_libs/subdir_rules.mk:9: recipe for target 'my_libs/rc522_api.obj' failed
"E:/Apps/ti/TivaWare_C_Series-2.2.0.295/driverlib/gpio.h", line 153: error #20: identifier "bool" is undefined
"E:/Apps/ti/TivaWare_C_Series-2.2.0.295/driverlib/ssi.h", line 134: error #20: identifier "bool" is undefined
"E:/Apps/ti/TivaWare_C_Series-2.2.0.295/driverlib/ssi.h", line 138: error #20: identifier "bool" is undefined
"..\my_libs\rc522_api.h", line 119: error #148: declaration is incompatible with "void rc522ClearBitMask(uint8_t, uint8_t)" (declared at line 118)
"../my_libs/rc522_api.c", line 16: warning #225-D: function "SysCtlPeripheralEnable" declared implicitly
"../my_libs/rc522_api.c", line 16: error #20: identifier "SYSCTL_PERIPH_SSI0" is undefined
"../my_libs/rc522_api.c", line 17: error #20: identifier "SYSCTL_PERIPH_GPIOA" is undefined
"../my_libs/rc522_api.c", line 22: warning #225-D: function "SysCtlClockGet" declared implicitly
"../my_libs/rc522_api.c", line 32: error #71: incomplete type is not allowed
"../my_libs/rc522_api.c", line 33: error #71: incomplete type is not allowed
"../my_libs/rc522_api.c", line 34: error #20: identifier "CLR_SPI_CS" is undefined
"../my_libs/rc522_api.c", line 39: warning #225-D: function "spi_message_init" declared implicitly
"../my_libs/rc522_api.c", line 40: warning #225-D: function "memset" declared implicitly
"../my_libs/rc522_api.c", line 44: warning #225-D: function "spi_message_add_tail" declared implicitly
"../my_libs/rc522_api.c", line 48: warning #225-D: function "spi_sync" declared implicitly
"../my_libs/rc522_api.c", line 48: error #20: identifier "rc522_spi" is undefined
"../my_libs/rc522_api.c", line 50: error #20: identifier "SET_SPI_CS" is undefined
"../my_libs/rc522_api.c", line 56: error #20: identifier "CLR_SPI_CS" is undefined
"../my_libs/rc522_api.c", line 58: warning #225-D: function "spi_write_then_read" declared implicitly
"../my_libs/rc522_api.c", line 58: error #20: identifier "rc522_spi" is undefined
"../my_libs/rc522_api.c", line 60: warning #225-D: function "UARTStringPut" declared implicitly
"../my_libs/rc522_api.c", line 62: error #20: identifier "SET_SPI_CS" is undefined
"../my_libs/rc522_api.c", line 66: warning #174-D: external/internal linkage conflict with previous declaration
"../my_libs/rc522_api.c", line 68: warning #225-D: function "UARTStringPut" declared implicitly
"../my_libs/rc522_api.c", line 69: warning #169-D: argument of type "uint8_t *" is incompatible with parameter of type "uint8_t"
"../my_libs/rc522_api.c", line 69: error #515: a value of type "void" cannot be assigned to an entity of type "uint8_t"
"../my_libs/rc522_api.c", line 91: warning #69-D: integer conversion resulted in a change of sign
"../my_libs/rc522_api.c", line 104: error #249: function "rc522ClearBitMask" has already been defined
"../my_libs/rc522_api.c", line 108: error #20: identifier "rc522_REG_BIT_FRAMING" is undefined
"../my_libs/rc522_api.c", line 113: warning #69-D: integer conversion resulted in a change of sign
"../my_libs/rc522_api.c", line 114: warning #225-D: function "UARTStringPut" declared implicitly
"../my_libs/rc522_api.c", line 117: warning #225-D: function "UARTStringPut" declared implicitly
"../my_libs/rc522_api.c", line 122: warning #69-D: integer conversion resulted in a change of sign
"../my_libs/rc522_api.c", line 144: error #20: identifier "rc522_REG_COMM_IE_N" is undefined
"../my_libs/rc522_api.c", line 145: error #20: identifier "rc522_REG_COMM_IRQ" is undefined
"../my_libs/rc522_api.c", line 146: error #20: identifier "rc522_REG_FIFO_LEVEL" is undefined
"../my_libs/rc522_api.c", line 147: error #20: identifier "rc522_REG_COMMAND" is undefined
"../my_libs/rc522_api.c", line 151: error #20: identifier "rc522_REG_FIFO_DATA" is undefined
"../my_libs/rc522_api.c", line 156: error #20: identifier "rc522_REG_BIT_FRAMING" is undefined
"../my_libs/rc522_api.c", line 167: warning #225-D: function "UARTStringPut" declared implicitly
"../my_libs/rc522_api.c", line 172: error #20: identifier "rc522_REG_ERROR" is undefined
"../my_libs/rc522_api.c", line 176: warning #69-D: integer conversion resulted in a change of sign
"../my_libs/rc522_api.c", line 181: error #20: identifier "rc522_REG_CONTROL" is undefined
"../my_libs/rc522_api.c", line 186: error #20: identifier "rc522_MAX_LEN" is undefined
"../my_libs/rc522_api.c", line 192: warning #69-D: integer conversion resulted in a change of sign
"../my_libs/rc522_api.c", line 205: error #20: identifier "rc522_REG_BIT_FRAMING" is undefined
"../my_libs/rc522_api.c", line 214: warning #69-D: integer conversion resulted in a change of sign
"../my_libs/rc522_api.c", line 222: error #20: identifier "rc522_REG_DIV_IRQ" is undefined
"../my_libs/rc522_api.c", line 223: error #20: identifier "rc522_REG_FIFO_LEVEL" is undefined
"../my_libs/rc522_api.c", line 228: error #20: identifier "rc522_REG_FIFO_DATA" is undefined
"../my_libs/rc522_api.c", line 230: error #20: identifier "rc522_REG_COMMAND" is undefined
"../my_libs/rc522_api.c", line 240: error #20: identifier "rc522_REG_CRC_RESULT_L" is undefined
"../my_libs/rc522_api.c", line 241: error #20: identifier "rc522_REG_CRC_RESULT_M" is undefined
"../my_libs/rc522_api.c", line 278: error #20: identifier "rc522_REG_STATUS2" is undefined
"../my_libs/rc522_api.c", line 279: warning #69-D: integer conversion resulted in a change of sign
"../my_libs/rc522_api.c", line 291: warning #69-D: integer conversion resulted in a change of sign
"../my_libs/rc522_api.c", line 306: warning #69-D: integer conversion resulted in a change of sign
"../my_libs/rc522_api.c", line 313: warning #69-D: integer conversion resulted in a change of sign
"../my_libs/rc522_api.c", line 322: error #20: identifier "rc522_REG_T_MODE" is undefined
"../my_libs/rc522_api.c", line 323: error #20: identifier "rc522_REG_T_PRESCALER" is undefined
"../my_libs/rc522_api.c", line 324: error #20: identifier "rc522_REG_T_RELOAD_L" is undefined
"../my_libs/rc522_api.c", line 325: error #20: identifier "rc522_REG_T_RELOAD_H" is undefined
"../my_libs/rc522_api.c", line 326: error #20: identifier "rc522_REG_RF_CFG" is undefined
"../my_libs/rc522_api.c", line 327: error #20: identifier "rc522_REG_TX_AUTO" is undefined
"../my_libs/rc522_api.c", line 328: error #20: identifier "rc522_REG_MODE" is undefined
"../my_libs/rc522_api.c", line 331: warning #225-D: function "UARTStringPut" declared implicitly
"../my_libs/rc522_api.c", line 338: error #20: identifier "rc522_REG_COMMAND" is undefined
"../my_libs/rc522_api.c", line 344: error #20: identifier "rc522_REG_TX_CONTROL" is undefined
"../my_libs/rc522_api.c", line 350: error #20: identifier "rc522_REG_TX_CONTROL" is undefined
"../my_libs/rc522_api.c", line 13: warning #179-D: function "configureSPI" was declared but never referenced
"../my_libs/rc522_api.c", line 87: warning #179-D: function "rc522Compare" was declared but never referenced
"../my_libs/rc522_api.c", line 244: warning #179-D: function "rc522SelectTag" was declared but never referenced
"../my_libs/rc522_api.c", line 264: warning #179-D: function "rc522Auth" was declared but never referenced
"../my_libs/rc522_api.c", line 283: warning #179-D: function "rc522Read" was declared but never referenced
"../my_libs/rc522_api.c", line 295: warning #179-D: function "rc522Write" was declared but never referenced
"../my_libs/rc522_api.c", line 349: warning #179-D: function "rc522AntennaOff" was declared but never referenced
"../my_libs/rc522_api.c", line 66: warning #179-D: function "rc522Check" was declared but never referenced
"../my_libs/rc522_api.c", line 26: warning #179-D: function "lowCSPin" was declared but never referenced
44 errors detected in the compilation of "../my_libs/rc522_api.c".
gmake: *** [my_libs/rc522_api.obj] Error 1
Building file: "../my_libs/uart_api.c"
Invoking: Arm Compiler
"E:/Apps/ti/ccs1250/ccs/tools/compiler/ti-cgt-arm_20.2.7.LTS/bin/armcl" -mv7M4 --code_state=16 --float_support=FPv4SPD16 -me --include_path="G:/Workspace/learningMaster/TKHTNNC/allSourceCodes/miniProject/sourceCodes/miniCCSProject" --include_path="E:/Apps/ti/TivaWare_C_Series-2.2.0.295" --include_path="E:/Apps/ti/ccs1250/ccs/tools/compiler/ti-cgt-arm_20.2.7.LTS/include" --define=ccs="ccs" --define=PART_TM4C123GH6PM -g --gcc --diag_warning=225 --diag_wrap=off --display_error_number --abi=eabi --preproc_with_compile --preproc_dependency="my_libs/uart_api.d_raw" --obj_directory="my_libs"  "../my_libs/uart_api.c"
 
>> Compilation failure
my_libs/subdir_rules.mk:9: recipe for target 'my_libs/uart_api.obj' failed
"E:/Apps/ti/TivaWare_C_Series-2.2.0.295/driverlib/gpio.h", line 153: error #20: identifier "bool" is undefined
"E:/Apps/ti/TivaWare_C_Series-2.2.0.295/driverlib/uart.h", line 208: error #20: identifier "bool" is undefined
"E:/Apps/ti/TivaWare_C_Series-2.2.0.295/driverlib/uart.h", line 210: error #20: identifier "bool" is undefined
"E:/Apps/ti/TivaWare_C_Series-2.2.0.295/driverlib/uart.h", line 211: error #20: identifier "bool" is undefined
"E:/Apps/ti/TivaWare_C_Series-2.2.0.295/driverlib/uart.h", line 214: error #20: identifier "bool" is undefined
"E:/Apps/ti/TivaWare_C_Series-2.2.0.295/driverlib/uart.h", line 216: error #20: identifier "bool" is undefined
"E:/Apps/ti/TivaWare_C_Series-2.2.0.295/driverlib/uart.h", line 217: error #20: identifier "bool" is undefined
"E:/Apps/ti/TivaWare_C_Series-2.2.0.295/driverlib/uart.h", line 222: error #20: identifier "bool" is undefined
"../my_libs/uart_api.c", line 15: warning #225-D: function "SysCtlPeripheralEnable" declared implicitly
"../my_libs/uart_api.c", line 15: error #20: identifier "SYSCTL_PERIPH_UART0" is undefined
"../my_libs/uart_api.c", line 16: error #20: identifier "SYSCTL_PERIPH_GPIOA" is undefined
"../my_libs/uart_api.c", line 22: warning #225-D: function "SysCtlClockGet" declared implicitly
"../my_libs/uart_api.c", line 26: error #148: declaration is incompatible with "void UARTStringPut(uint32_t, const char)" (declared at line 10 of "..\my_libs\uart_api.h")
11 errors detected in the compilation of "../my_libs/uart_api.c".
gmake: *** [my_libs/uart_api.obj] Error 1
gmake: Target 'all' not remade because of errors.

**** Build Finished ****

**** Build of configuration Debug for project miniCCSProject ****

"E:\\Apps\\ti\\ccs1250\\ccs\\utils\\bin\\gmake" -k -j 16 all -O 
 
Building file: "../my_libs/uart_api.c"
Invoking: Arm Compiler
"E:/Apps/ti/ccs1250/ccs/tools/compiler/ti-cgt-arm_20.2.7.LTS/bin/armcl" -mv7M4 --code_state=16 --float_support=FPv4SPD16 -me --include_path="G:/Workspace/learningMaster/TKHTNNC/allSourceCodes/miniProject/sourceCodes/miniCCSProject" --include_path="E:/Apps/ti/TivaWare_C_Series-2.2.0.295" --include_path="E:/Apps/ti/ccs1250/ccs/tools/compiler/ti-cgt-arm_20.2.7.LTS/include" --define=ccs="ccs" --define=PART_TM4C123GH6PM -g --gcc --diag_warning=225 --diag_wrap=off --display_error_number --abi=eabi --preproc_with_compile --preproc_dependency="my_libs/uart_api.d_raw" --obj_directory="my_libs"  "../my_libs/uart_api.c"
 
>> Compilation failure
my_libs/subdir_rules.mk:9: recipe for target 'my_libs/uart_api.obj' failed
"E:/Apps/ti/TivaWare_C_Series-2.2.0.295/driverlib/gpio.h", line 153: error #20: identifier "bool" is undefined
"E:/Apps/ti/TivaWare_C_Series-2.2.0.295/driverlib/uart.h", line 208: error #20: identifier "bool" is undefined
"E:/Apps/ti/TivaWare_C_Series-2.2.0.295/driverlib/uart.h", line 210: error #20: identifier "bool" is undefined
"E:/Apps/ti/TivaWare_C_Series-2.2.0.295/driverlib/uart.h", line 211: error #20: identifier "bool" is undefined
"E:/Apps/ti/TivaWare_C_Series-2.2.0.295/driverlib/uart.h", line 214: error #20: identifier "bool" is undefined
"E:/Apps/ti/TivaWare_C_Series-2.2.0.295/driverlib/uart.h", line 216: error #20: identifier "bool" is undefined
"E:/Apps/ti/TivaWare_C_Series-2.2.0.295/driverlib/uart.h", line 217: error #20: identifier "bool" is undefined
"E:/Apps/ti/TivaWare_C_Series-2.2.0.295/driverlib/uart.h", line 222: error #20: identifier "bool" is undefined
"../my_libs/uart_api.c", line 15: warning #225-D: function "SysCtlPeripheralEnable" declared implicitly
"../my_libs/uart_api.c", line 15: error #20: identifier "SYSCTL_PERIPH_UART0" is undefined
"../my_libs/uart_api.c", line 16: error #20: identifier "SYSCTL_PERIPH_GPIOA" is undefined
"../my_libs/uart_api.c", line 22: warning #225-D: function "SysCtlClockGet" declared implicitly
"../my_libs/uart_api.c", line 26: error #148: declaration is incompatible with "void UARTStringPut(uint32_t, const char)" (declared at line 10 of "..\my_libs\uart_api.h")
11 errors detected in the compilation of "../my_libs/uart_api.c".
gmake: *** [my_libs/uart_api.obj] Error 1
Building file: "../my_libs/rc522_api.c"
Invoking: Arm Compiler
"E:/Apps/ti/ccs1250/ccs/tools/compiler/ti-cgt-arm_20.2.7.LTS/bin/armcl" -mv7M4 --code_state=16 --float_support=FPv4SPD16 -me --include_path="G:/Workspace/learningMaster/TKHTNNC/allSourceCodes/miniProject/sourceCodes/miniCCSProject" --include_path="E:/Apps/ti/TivaWare_C_Series-2.2.0.295" --include_path="E:/Apps/ti/ccs1250/ccs/tools/compiler/ti-cgt-arm_20.2.7.LTS/include" --define=ccs="ccs" --define=PART_TM4C123GH6PM -g --gcc --diag_warning=225 --diag_wrap=off --display_error_number --abi=eabi --preproc_with_compile --preproc_dependency="my_libs/rc522_api.d_raw" --obj_directory="my_libs"  "../my_libs/rc522_api.c"
 
>> Compilation failure
my_libs/subdir_rules.mk:9: recipe for target 'my_libs/rc522_api.obj' failed
"E:/Apps/ti/TivaWare_C_Series-2.2.0.295/driverlib/gpio.h", line 153: error #20: identifier "bool" is undefined
"E:/Apps/ti/TivaWare_C_Series-2.2.0.295/driverlib/ssi.h", line 134: error #20: identifier "bool" is undefined
"E:/Apps/ti/TivaWare_C_Series-2.2.0.295/driverlib/ssi.h", line 138: error #20: identifier "bool" is undefined
"..\my_libs\rc522_api.h", line 120: error #148: declaration is incompatible with "void rc522ClearBitMask(uint8_t, uint8_t)" (declared at line 119)
"../my_libs/rc522_api.c", line 16: warning #225-D: function "SysCtlPeripheralEnable" declared implicitly
"../my_libs/rc522_api.c", line 16: error #20: identifier "SYSCTL_PERIPH_SSI0" is undefined
"../my_libs/rc522_api.c", line 17: error #20: identifier "SYSCTL_PERIPH_GPIOA" is undefined
"../my_libs/rc522_api.c", line 22: warning #225-D: function "SysCtlClockGet" declared implicitly
"../my_libs/rc522_api.c", line 32: error #71: incomplete type is not allowed
"../my_libs/rc522_api.c", line 33: error #71: incomplete type is not allowed
"../my_libs/rc522_api.c", line 34: error #20: identifier "CLR_SPI_CS" is undefined
"../my_libs/rc522_api.c", line 39: warning #225-D: function "spi_message_init" declared implicitly
"../my_libs/rc522_api.c", line 44: warning #225-D: function "spi_message_add_tail" declared implicitly
"../my_libs/rc522_api.c", line 48: warning #225-D: function "spi_sync" declared implicitly
"../my_libs/rc522_api.c", line 48: error #20: identifier "rc522_spi" is undefined
"../my_libs/rc522_api.c", line 50: error #20: identifier "SET_SPI_CS" is undefined
"../my_libs/rc522_api.c", line 56: error #20: identifier "CLR_SPI_CS" is undefined
"../my_libs/rc522_api.c", line 58: warning #225-D: function "spi_write_then_read" declared implicitly
"../my_libs/rc522_api.c", line 58: error #20: identifier "rc522_spi" is undefined
"../my_libs/rc522_api.c", line 60: warning #225-D: function "UARTStringPut" declared implicitly
"../my_libs/rc522_api.c", line 62: error #20: identifier "SET_SPI_CS" is undefined
"../my_libs/rc522_api.c", line 66: warning #174-D: external/internal linkage conflict with previous declaration
"../my_libs/rc522_api.c", line 68: warning #225-D: function "UARTStringPut" declared implicitly
"../my_libs/rc522_api.c", line 69: warning #169-D: argument of type "uint8_t *" is incompatible with parameter of type "uint8_t"
"../my_libs/rc522_api.c", line 69: error #515: a value of type "void" cannot be assigned to an entity of type "uint8_t"
"../my_libs/rc522_api.c", line 91: warning #69-D: integer conversion resulted in a change of sign
"../my_libs/rc522_api.c", line 104: error #249: function "rc522ClearBitMask" has already been defined
"../my_libs/rc522_api.c", line 108: error #20: identifier "rc522_REG_BIT_FRAMING" is undefined
"../my_libs/rc522_api.c", line 113: warning #69-D: integer conversion resulted in a change of sign
"../my_libs/rc522_api.c", line 114: warning #225-D: function "UARTStringPut" declared implicitly
"../my_libs/rc522_api.c", line 117: warning #225-D: function "UARTStringPut" declared implicitly
"../my_libs/rc522_api.c", line 122: warning #69-D: integer conversion resulted in a change of sign
"../my_libs/rc522_api.c", line 144: error #20: identifier "rc522_REG_COMM_IE_N" is undefined
"../my_libs/rc522_api.c", line 145: error #20: identifier "rc522_REG_COMM_IRQ" is undefined
"../my_libs/rc522_api.c", line 146: error #20: identifier "rc522_REG_FIFO_LEVEL" is undefined
"../my_libs/rc522_api.c", line 147: error #20: identifier "rc522_REG_COMMAND" is undefined
"../my_libs/rc522_api.c", line 151: error #20: identifier "rc522_REG_FIFO_DATA" is undefined
"../my_libs/rc522_api.c", line 156: error #20: identifier "rc522_REG_BIT_FRAMING" is undefined
"../my_libs/rc522_api.c", line 167: warning #225-D: function "UARTStringPut" declared implicitly
"../my_libs/rc522_api.c", line 172: error #20: identifier "rc522_REG_ERROR" is undefined
"../my_libs/rc522_api.c", line 176: warning #69-D: integer conversion resulted in a change of sign
"../my_libs/rc522_api.c", line 181: error #20: identifier "rc522_REG_CONTROL" is undefined
"../my_libs/rc522_api.c", line 186: error #20: identifier "rc522_MAX_LEN" is undefined
"../my_libs/rc522_api.c", line 192: warning #69-D: integer conversion resulted in a change of sign
"../my_libs/rc522_api.c", line 205: error #20: identifier "rc522_REG_BIT_FRAMING" is undefined
"../my_libs/rc522_api.c", line 214: warning #69-D: integer conversion resulted in a change of sign
"../my_libs/rc522_api.c", line 222: error #20: identifier "rc522_REG_DIV_IRQ" is undefined
"../my_libs/rc522_api.c", line 223: error #20: identifier "rc522_REG_FIFO_LEVEL" is undefined
"../my_libs/rc522_api.c", line 228: error #20: identifier "rc522_REG_FIFO_DATA" is undefined
"../my_libs/rc522_api.c", line 230: error #20: identifier "rc522_REG_COMMAND" is undefined
"../my_libs/rc522_api.c", line 240: error #20: identifier "rc522_REG_CRC_RESULT_L" is undefined
"../my_libs/rc522_api.c", line 241: error #20: identifier "rc522_REG_CRC_RESULT_M" is undefined
"../my_libs/rc522_api.c", line 278: error #20: identifier "rc522_REG_STATUS2" is undefined
"../my_libs/rc522_api.c", line 279: warning #69-D: integer conversion resulted in a change of sign
"../my_libs/rc522_api.c", line 291: warning #69-D: integer conversion resulted in a change of sign
"../my_libs/rc522_api.c", line 306: warning #69-D: integer conversion resulted in a change of sign
"../my_libs/rc522_api.c", line 313: warning #69-D: integer conversion resulted in a change of sign
"../my_libs/rc522_api.c", line 322: error #20: identifier "rc522_REG_T_MODE" is undefined
"../my_libs/rc522_api.c", line 323: error #20: identifier "rc522_REG_T_PRESCALER" is undefined
"../my_libs/rc522_api.c", line 324: error #20: identifier "rc522_REG_T_RELOAD_L" is undefined
"../my_libs/rc522_api.c", line 325: error #20: identifier "rc522_REG_T_RELOAD_H" is undefined
"../my_libs/rc522_api.c", line 326: error #20: identifier "rc522_REG_RF_CFG" is undefined
"../my_libs/rc522_api.c", line 327: error #20: identifier "rc522_REG_TX_AUTO" is undefined
"../my_libs/rc522_api.c", line 328: error #20: identifier "rc522_REG_MODE" is undefined
"../my_libs/rc522_api.c", line 331: warning #225-D: function "UARTStringPut" declared implicitly
"../my_libs/rc522_api.c", line 338: error #20: identifier "rc522_REG_COMMAND" is undefined
"../my_libs/rc522_api.c", line 344: error #20: identifier "rc522_REG_TX_CONTROL" is undefined
"../my_libs/rc522_api.c", line 350: error #20: identifier "rc522_REG_TX_CONTROL" is undefined
"../my_libs/rc522_api.c", line 13: warning #179-D: function "configureSPI" was declared but never referenced
"../my_libs/rc522_api.c", line 87: warning #179-D: function "rc522Compare" was declared but never referenced
"../my_libs/rc522_api.c", line 244: warning #179-D: function "rc522SelectTag" was declared but never referenced
"../my_libs/rc522_api.c", line 264: warning #179-D: function "rc522Auth" was declared but never referenced
"../my_libs/rc522_api.c", line 283: warning #179-D: function "rc522Read" was declared but never referenced
"../my_libs/rc522_api.c", line 295: warning #179-D: function "rc522Write" was declared but never referenced
"../my_libs/rc522_api.c", line 349: warning #179-D: function "rc522AntennaOff" was declared but never referenced
"../my_libs/rc522_api.c", line 66: warning #179-D: function "rc522Check" was declared but never referenced
"../my_libs/rc522_api.c", line 26: warning #179-D: function "lowCSPin" was declared but never referenced
44 errors detected in the compilation of "../my_libs/rc522_api.c".
gmake: *** [my_libs/rc522_api.obj] Error 1
gmake: Target 'all' not remade because of errors.

**** Build Finished ****

**** Build of configuration Debug for project miniCCSProject ****

"E:\\Apps\\ti\\ccs1250\\ccs\\utils\\bin\\gmake" -k -j 16 all -O 
 
Building file: "../my_libs/rc522_api.c"
Invoking: Arm Compiler
"E:/Apps/ti/ccs1250/ccs/tools/compiler/ti-cgt-arm_20.2.7.LTS/bin/armcl" -mv7M4 --code_state=16 --float_support=FPv4SPD16 -me --include_path="G:/Workspace/learningMaster/TKHTNNC/allSourceCodes/miniProject/sourceCodes/miniCCSProject" --include_path="E:/Apps/ti/TivaWare_C_Series-2.2.0.295" --include_path="E:/Apps/ti/ccs1250/ccs/tools/compiler/ti-cgt-arm_20.2.7.LTS/include" --define=ccs="ccs" --define=PART_TM4C123GH6PM -g --gcc --diag_warning=225 --diag_wrap=off --display_error_number --abi=eabi --preproc_with_compile --preproc_dependency="my_libs/rc522_api.d_raw" --obj_directory="my_libs"  "../my_libs/rc522_api.c"
 
>> Compilation failure
my_libs/subdir_rules.mk:9: recipe for target 'my_libs/rc522_api.obj' failed
"..\my_libs\rc522_api.h", line 120: error #148: declaration is incompatible with "void rc522ClearBitMask(uint8_t, uint8_t)" (declared at line 119)
"../my_libs/rc522_api.c", line 16: warning #225-D: function "SysCtlPeripheralEnable" declared implicitly
"../my_libs/rc522_api.c", line 16: error #20: identifier "SYSCTL_PERIPH_SSI0" is undefined
"../my_libs/rc522_api.c", line 17: error #20: identifier "SYSCTL_PERIPH_GPIOA" is undefined
"../my_libs/rc522_api.c", line 22: warning #225-D: function "SysCtlClockGet" declared implicitly
"../my_libs/rc522_api.c", line 32: error #71: incomplete type is not allowed
"../my_libs/rc522_api.c", line 33: error #71: incomplete type is not allowed
"../my_libs/rc522_api.c", line 34: error #20: identifier "CLR_SPI_CS" is undefined
"../my_libs/rc522_api.c", line 39: warning #225-D: function "spi_message_init" declared implicitly
"../my_libs/rc522_api.c", line 40: warning #225-D: function "memset" declared implicitly
"../my_libs/rc522_api.c", line 44: warning #225-D: function "spi_message_add_tail" declared implicitly
"../my_libs/rc522_api.c", line 48: warning #225-D: function "spi_sync" declared implicitly
"../my_libs/rc522_api.c", line 48: error #20: identifier "rc522_spi" is undefined
"../my_libs/rc522_api.c", line 50: error #20: identifier "SET_SPI_CS" is undefined
"../my_libs/rc522_api.c", line 56: error #20: identifier "CLR_SPI_CS" is undefined
"../my_libs/rc522_api.c", line 58: warning #225-D: function "spi_write_then_read" declared implicitly
"../my_libs/rc522_api.c", line 58: error #20: identifier "rc522_spi" is undefined
"../my_libs/rc522_api.c", line 60: warning #225-D: function "UARTStringPut" declared implicitly
"../my_libs/rc522_api.c", line 62: error #20: identifier "SET_SPI_CS" is undefined
"../my_libs/rc522_api.c", line 66: warning #174-D: external/internal linkage conflict with previous declaration
"../my_libs/rc522_api.c", line 68: warning #225-D: function "UARTStringPut" declared implicitly
"../my_libs/rc522_api.c", line 69: warning #169-D: argument of type "uint8_t *" is incompatible with parameter of type "uint8_t"
"../my_libs/rc522_api.c", line 69: error #515: a value of type "void" cannot be assigned to an entity of type "uint8_t"
"../my_libs/rc522_api.c", line 91: warning #69-D: integer conversion resulted in a change of sign
"../my_libs/rc522_api.c", line 104: error #249: function "rc522ClearBitMask" has already been defined
"../my_libs/rc522_api.c", line 108: error #20: identifier "rc522_REG_BIT_FRAMING" is undefined
"../my_libs/rc522_api.c", line 113: warning #69-D: integer conversion resulted in a change of sign
"../my_libs/rc522_api.c", line 114: warning #225-D: function "UARTStringPut" declared implicitly
"../my_libs/rc522_api.c", line 117: warning #225-D: function "UARTStringPut" declared implicitly
"../my_libs/rc522_api.c", line 122: warning #69-D: integer conversion resulted in a change of sign
"../my_libs/rc522_api.c", line 144: error #20: identifier "rc522_REG_COMM_IE_N" is undefined
"../my_libs/rc522_api.c", line 145: error #20: identifier "rc522_REG_COMM_IRQ" is undefined
"../my_libs/rc522_api.c", line 146: error #20: identifier "rc522_REG_FIFO_LEVEL" is undefined
"../my_libs/rc522_api.c", line 147: error #20: identifier "rc522_REG_COMMAND" is undefined
"../my_libs/rc522_api.c", line 151: error #20: identifier "rc522_REG_FIFO_DATA" is undefined
"../my_libs/rc522_api.c", line 156: error #20: identifier "rc522_REG_BIT_FRAMING" is undefined
"../my_libs/rc522_api.c", line 167: warning #225-D: function "UARTStringPut" declared implicitly
"../my_libs/rc522_api.c", line 172: error #20: identifier "rc522_REG_ERROR" is undefined
"../my_libs/rc522_api.c", line 176: warning #69-D: integer conversion resulted in a change of sign
"../my_libs/rc522_api.c", line 181: error #20: identifier "rc522_REG_CONTROL" is undefined
"../my_libs/rc522_api.c", line 186: error #20: identifier "rc522_MAX_LEN" is undefined
"../my_libs/rc522_api.c", line 192: warning #69-D: integer conversion resulted in a change of sign
"../my_libs/rc522_api.c", line 205: error #20: identifier "rc522_REG_BIT_FRAMING" is undefined
"../my_libs/rc522_api.c", line 214: warning #69-D: integer conversion resulted in a change of sign
"../my_libs/rc522_api.c", line 222: error #20: identifier "rc522_REG_DIV_IRQ" is undefined
"../my_libs/rc522_api.c", line 223: error #20: identifier "rc522_REG_FIFO_LEVEL" is undefined
"../my_libs/rc522_api.c", line 228: error #20: identifier "rc522_REG_FIFO_DATA" is undefined
"../my_libs/rc522_api.c", line 230: error #20: identifier "rc522_REG_COMMAND" is undefined
"../my_libs/rc522_api.c", line 240: error #20: identifier "rc522_REG_CRC_RESULT_L" is undefined
"../my_libs/rc522_api.c", line 241: error #20: identifier "rc522_REG_CRC_RESULT_M" is undefined
"../my_libs/rc522_api.c", line 278: error #20: identifier "rc522_REG_STATUS2" is undefined
"../my_libs/rc522_api.c", line 279: warning #69-D: integer conversion resulted in a change of sign
"../my_libs/rc522_api.c", line 291: warning #69-D: integer conversion resulted in a change of sign
"../my_libs/rc522_api.c", line 306: warning #69-D: integer conversion resulted in a change of sign
"../my_libs/rc522_api.c", line 313: warning #69-D: integer conversion resulted in a change of sign
"../my_libs/rc522_api.c", line 322: error #20: identifier "rc522_REG_T_MODE" is undefined
"../my_libs/rc522_api.c", line 323: error #20: identifier "rc522_REG_T_PRESCALER" is undefined
"../my_libs/rc522_api.c", line 324: error #20: identifier "rc522_REG_T_RELOAD_L" is undefined
"../my_libs/rc522_api.c", line 325: error #20: identifier "rc522_REG_T_RELOAD_H" is undefined
"../my_libs/rc522_api.c", line 326: error #20: identifier "rc522_REG_RF_CFG" is undefined
"../my_libs/rc522_api.c", line 327: error #20: identifier "rc522_REG_TX_AUTO" is undefined
"../my_libs/rc522_api.c", line 328: error #20: identifier "rc522_REG_MODE" is undefined
"../my_libs/rc522_api.c", line 331: warning #225-D: function "UARTStringPut" declared implicitly
"../my_libs/rc522_api.c", line 338: error #20: identifier "rc522_REG_COMMAND" is undefined
"../my_libs/rc522_api.c", line 344: error #20: identifier "rc522_REG_TX_CONTROL" is undefined
"../my_libs/rc522_api.c", line 350: error #20: identifier "rc522_REG_TX_CONTROL" is undefined
"../my_libs/rc522_api.c", line 13: warning #179-D: function "configureSPI" was declared but never referenced
"../my_libs/rc522_api.c", line 87: warning #179-D: function "rc522Compare" was declared but never referenced
"../my_libs/rc522_api.c", line 244: warning #179-D: function "rc522SelectTag" was declared but never referenced
"../my_libs/rc522_api.c", line 264: warning #179-D: function "rc522Auth" was declared but never referenced
"../my_libs/rc522_api.c", line 283: warning #179-D: function "rc522Read" was declared but never referenced
"../my_libs/rc522_api.c", line 295: warning #179-D: function "rc522Write" was declared but never referenced
"../my_libs/rc522_api.c", line 349: warning #179-D: function "rc522AntennaOff" was declared but never referenced
"../my_libs/rc522_api.c", line 66: warning #179-D: function "rc522Check" was declared but never referenced
"../my_libs/rc522_api.c", line 26: warning #179-D: function "lowCSPin" was declared but never referenced
41 errors detected in the compilation of "../my_libs/rc522_api.c".
gmake: *** [my_libs/rc522_api.obj] Error 1
Building file: "../my_libs/uart_api.c"
Invoking: Arm Compiler
"E:/Apps/ti/ccs1250/ccs/tools/compiler/ti-cgt-arm_20.2.7.LTS/bin/armcl" -mv7M4 --code_state=16 --float_support=FPv4SPD16 -me --include_path="G:/Workspace/learningMaster/TKHTNNC/allSourceCodes/miniProject/sourceCodes/miniCCSProject" --include_path="E:/Apps/ti/TivaWare_C_Series-2.2.0.295" --include_path="E:/Apps/ti/ccs1250/ccs/tools/compiler/ti-cgt-arm_20.2.7.LTS/include" --define=ccs="ccs" --define=PART_TM4C123GH6PM -g --gcc --diag_warning=225 --diag_wrap=off --display_error_number --abi=eabi --preproc_with_compile --preproc_dependency="my_libs/uart_api.d_raw" --obj_directory="my_libs"  "../my_libs/uart_api.c"
 
>> Compilation failure
my_libs/subdir_rules.mk:9: recipe for target 'my_libs/uart_api.obj' failed
"E:/Apps/ti/TivaWare_C_Series-2.2.0.295/driverlib/gpio.h", line 153: error #20: identifier "bool" is undefined
"E:/Apps/ti/TivaWare_C_Series-2.2.0.295/driverlib/uart.h", line 208: error #20: identifier "bool" is undefined
"E:/Apps/ti/TivaWare_C_Series-2.2.0.295/driverlib/uart.h", line 210: error #20: identifier "bool" is undefined
"E:/Apps/ti/TivaWare_C_Series-2.2.0.295/driverlib/uart.h", line 211: error #20: identifier "bool" is undefined
"E:/Apps/ti/TivaWare_C_Series-2.2.0.295/driverlib/uart.h", line 214: error #20: identifier "bool" is undefined
"E:/Apps/ti/TivaWare_C_Series-2.2.0.295/driverlib/uart.h", line 216: error #20: identifier "bool" is undefined
"E:/Apps/ti/TivaWare_C_Series-2.2.0.295/driverlib/uart.h", line 217: error #20: identifier "bool" is undefined
"E:/Apps/ti/TivaWare_C_Series-2.2.0.295/driverlib/uart.h", line 222: error #20: identifier "bool" is undefined
"../my_libs/uart_api.c", line 15: warning #225-D: function "SysCtlPeripheralEnable" declared implicitly
"../my_libs/uart_api.c", line 15: error #20: identifier "SYSCTL_PERIPH_UART0" is undefined
"../my_libs/uart_api.c", line 16: error #20: identifier "SYSCTL_PERIPH_GPIOA" is undefined
"../my_libs/uart_api.c", line 22: warning #225-D: function "SysCtlClockGet" declared implicitly
"../my_libs/uart_api.c", line 26: error #148: declaration is incompatible with "void UARTStringPut(uint32_t, const char)" (declared at line 10 of "..\my_libs\uart_api.h")
11 errors detected in the compilation of "../my_libs/uart_api.c".
gmake: *** [my_libs/uart_api.obj] Error 1
gmake: Target 'all' not remade because of errors.

**** Build Finished ****

**** Build of configuration Debug for project miniCCSProject ****

"E:\\Apps\\ti\\ccs1250\\ccs\\utils\\bin\\gmake" -k -j 16 all -O 
 
Building file: "../my_libs/rc522_api.c"
Invoking: Arm Compiler
"E:/Apps/ti/ccs1250/ccs/tools/compiler/ti-cgt-arm_20.2.7.LTS/bin/armcl" -mv7M4 --code_state=16 --float_support=FPv4SPD16 -me --include_path="G:/Workspace/learningMaster/TKHTNNC/allSourceCodes/miniProject/sourceCodes/miniCCSProject" --include_path="E:/Apps/ti/TivaWare_C_Series-2.2.0.295" --include_path="E:/Apps/ti/ccs1250/ccs/tools/compiler/ti-cgt-arm_20.2.7.LTS/include" --define=ccs="ccs" --define=PART_TM4C123GH6PM -g --gcc --diag_warning=225 --diag_wrap=off --display_error_number --abi=eabi --preproc_with_compile --preproc_dependency="my_libs/rc522_api.d_raw" --obj_directory="my_libs"  "../my_libs/rc522_api.c"
 
>> Compilation failure
my_libs/subdir_rules.mk:9: recipe for target 'my_libs/rc522_api.obj' failed
"../my_libs/rc522_api.c", line 16: warning #225-D: function "SysCtlPeripheralEnable" declared implicitly
"../my_libs/rc522_api.c", line 16: error #20: identifier "SYSCTL_PERIPH_SSI0" is undefined
"../my_libs/rc522_api.c", line 17: error #20: identifier "SYSCTL_PERIPH_GPIOA" is undefined
"../my_libs/rc522_api.c", line 22: warning #225-D: function "SysCtlClockGet" declared implicitly
"../my_libs/rc522_api.c", line 32: error #71: incomplete type is not allowed
"../my_libs/rc522_api.c", line 33: error #71: incomplete type is not allowed
"../my_libs/rc522_api.c", line 34: error #20: identifier "CLR_SPI_CS" is undefined
"../my_libs/rc522_api.c", line 39: warning #225-D: function "spi_message_init" declared implicitly
"../my_libs/rc522_api.c", line 40: warning #225-D: function "memset" declared implicitly
"../my_libs/rc522_api.c", line 44: warning #225-D: function "spi_message_add_tail" declared implicitly
"../my_libs/rc522_api.c", line 48: warning #225-D: function "spi_sync" declared implicitly
"../my_libs/rc522_api.c", line 48: error #20: identifier "rc522_spi" is undefined
"../my_libs/rc522_api.c", line 50: error #20: identifier "SET_SPI_CS" is undefined
"../my_libs/rc522_api.c", line 56: error #20: identifier "CLR_SPI_CS" is undefined
"../my_libs/rc522_api.c", line 58: warning #225-D: function "spi_write_then_read" declared implicitly
"../my_libs/rc522_api.c", line 58: error #20: identifier "rc522_spi" is undefined
"../my_libs/rc522_api.c", line 60: warning #225-D: function "UARTStringPut" declared implicitly
"../my_libs/rc522_api.c", line 62: error #20: identifier "SET_SPI_CS" is undefined
"../my_libs/rc522_api.c", line 66: warning #174-D: external/internal linkage conflict with previous declaration
"../my_libs/rc522_api.c", line 68: warning #225-D: function "UARTStringPut" declared implicitly
"../my_libs/rc522_api.c", line 91: warning #69-D: integer conversion resulted in a change of sign
"../my_libs/rc522_api.c", line 108: error #20: identifier "rc522_REG_BIT_FRAMING" is undefined
"../my_libs/rc522_api.c", line 113: warning #69-D: integer conversion resulted in a change of sign
"../my_libs/rc522_api.c", line 114: warning #225-D: function "UARTStringPut" declared implicitly
"../my_libs/rc522_api.c", line 117: warning #225-D: function "UARTStringPut" declared implicitly
"../my_libs/rc522_api.c", line 122: warning #69-D: integer conversion resulted in a change of sign
"../my_libs/rc522_api.c", line 144: error #20: identifier "rc522_REG_COMM_IE_N" is undefined
"../my_libs/rc522_api.c", line 145: error #20: identifier "rc522_REG_COMM_IRQ" is undefined
"../my_libs/rc522_api.c", line 146: error #20: identifier "rc522_REG_FIFO_LEVEL" is undefined
"../my_libs/rc522_api.c", line 147: error #20: identifier "rc522_REG_COMMAND" is undefined
"../my_libs/rc522_api.c", line 151: error #20: identifier "rc522_REG_FIFO_DATA" is undefined
"../my_libs/rc522_api.c", line 156: error #20: identifier "rc522_REG_BIT_FRAMING" is undefined
"../my_libs/rc522_api.c", line 167: warning #225-D: function "UARTStringPut" declared implicitly
"../my_libs/rc522_api.c", line 172: error #20: identifier "rc522_REG_ERROR" is undefined
"../my_libs/rc522_api.c", line 176: warning #69-D: integer conversion resulted in a change of sign
"../my_libs/rc522_api.c", line 181: error #20: identifier "rc522_REG_CONTROL" is undefined
"../my_libs/rc522_api.c", line 186: error #20: identifier "rc522_MAX_LEN" is undefined
"../my_libs/rc522_api.c", line 192: warning #69-D: integer conversion resulted in a change of sign
"../my_libs/rc522_api.c", line 205: error #20: identifier "rc522_REG_BIT_FRAMING" is undefined
"../my_libs/rc522_api.c", line 214: warning #69-D: integer conversion resulted in a change of sign
"../my_libs/rc522_api.c", line 222: error #20: identifier "rc522_REG_DIV_IRQ" is undefined
"../my_libs/rc522_api.c", line 223: error #20: identifier "rc522_REG_FIFO_LEVEL" is undefined
"../my_libs/rc522_api.c", line 228: error #20: identifier "rc522_REG_FIFO_DATA" is undefined
"../my_libs/rc522_api.c", line 230: error #20: identifier "rc522_REG_COMMAND" is undefined
"../my_libs/rc522_api.c", line 240: error #20: identifier "rc522_REG_CRC_RESULT_L" is undefined
"../my_libs/rc522_api.c", line 241: error #20: identifier "rc522_REG_CRC_RESULT_M" is undefined
"../my_libs/rc522_api.c", line 278: error #20: identifier "rc522_REG_STATUS2" is undefined
"../my_libs/rc522_api.c", line 279: warning #69-D: integer conversion resulted in a change of sign
"../my_libs/rc522_api.c", line 291: warning #69-D: integer conversion resulted in a change of sign
"../my_libs/rc522_api.c", line 306: warning #69-D: integer conversion resulted in a change of sign
"../my_libs/rc522_api.c", line 313: warning #69-D: integer conversion resulted in a change of sign
"../my_libs/rc522_api.c", line 322: error #20: identifier "rc522_REG_T_MODE" is undefined
"../my_libs/rc522_api.c", line 323: error #20: identifier "rc522_REG_T_PRESCALER" is undefined
"../my_libs/rc522_api.c", line 324: error #20: identifier "rc522_REG_T_RELOAD_L" is undefined
"../my_libs/rc522_api.c", line 325: error #20: identifier "rc522_REG_T_RELOAD_H" is undefined
"../my_libs/rc522_api.c", line 326: error #20: identifier "rc522_REG_RF_CFG" is undefined
"../my_libs/rc522_api.c", line 327: error #20: identifier "rc522_REG_TX_AUTO" is undefined
"../my_libs/rc522_api.c", line 328: error #20: identifier "rc522_REG_MODE" is undefined
"../my_libs/rc522_api.c", line 331: warning #225-D: function "UARTStringPut" declared implicitly
"../my_libs/rc522_api.c", line 338: error #20: identifier "rc522_REG_COMMAND" is undefined
"../my_libs/rc522_api.c", line 344: error #20: identifier "rc522_REG_TX_CONTROL" is undefined
"../my_libs/rc522_api.c", line 350: error #20: identifier "rc522_REG_TX_CONTROL" is undefined
"../my_libs/rc522_api.c", line 13: warning #179-D: function "configureSPI" was declared but never referenced
"../my_libs/rc522_api.c", line 87: warning #179-D: function "rc522Compare" was declared but never referenced
"../my_libs/rc522_api.c", line 244: warning #179-D: function "rc522SelectTag" was declared but never referenced
"../my_libs/rc522_api.c", line 264: warning #179-D: function "rc522Auth" was declared but never referenced
"../my_libs/rc522_api.c", line 283: warning #179-D: function "rc522Read" was declared but never referenced
"../my_libs/rc522_api.c", line 295: warning #179-D: function "rc522Write" was declared but never referenced
"../my_libs/rc522_api.c", line 349: warning #179-D: function "rc522AntennaOff" was declared but never referenced
"../my_libs/rc522_api.c", line 66: warning #179-D: function "rc522Check" was declared but never referenced
"../my_libs/rc522_api.c", line 26: warning #179-D: function "lowCSPin" was declared but never referenced
38 errors detected in the compilation of "../my_libs/rc522_api.c".
gmake: *** [my_libs/rc522_api.obj] Error 1
Building file: "../my_libs/uart_api.c"
Invoking: Arm Compiler
"E:/Apps/ti/ccs1250/ccs/tools/compiler/ti-cgt-arm_20.2.7.LTS/bin/armcl" -mv7M4 --code_state=16 --float_support=FPv4SPD16 -me --include_path="G:/Workspace/learningMaster/TKHTNNC/allSourceCodes/miniProject/sourceCodes/miniCCSProject" --include_path="E:/Apps/ti/TivaWare_C_Series-2.2.0.295" --include_path="E:/Apps/ti/ccs1250/ccs/tools/compiler/ti-cgt-arm_20.2.7.LTS/include" --define=ccs="ccs" --define=PART_TM4C123GH6PM -g --gcc --diag_warning=225 --diag_wrap=off --display_error_number --abi=eabi --preproc_with_compile --preproc_dependency="my_libs/uart_api.d_raw" --obj_directory="my_libs"  "../my_libs/uart_api.c"
 
>> Compilation failure
my_libs/subdir_rules.mk:9: recipe for target 'my_libs/uart_api.obj' failed
"E:/Apps/ti/TivaWare_C_Series-2.2.0.295/driverlib/gpio.h", line 153: error #20: identifier "bool" is undefined
"E:/Apps/ti/TivaWare_C_Series-2.2.0.295/driverlib/uart.h", line 208: error #20: identifier "bool" is undefined
"E:/Apps/ti/TivaWare_C_Series-2.2.0.295/driverlib/uart.h", line 210: error #20: identifier "bool" is undefined
"E:/Apps/ti/TivaWare_C_Series-2.2.0.295/driverlib/uart.h", line 211: error #20: identifier "bool" is undefined
"E:/Apps/ti/TivaWare_C_Series-2.2.0.295/driverlib/uart.h", line 214: error #20: identifier "bool" is undefined
"E:/Apps/ti/TivaWare_C_Series-2.2.0.295/driverlib/uart.h", line 216: error #20: identifier "bool" is undefined
"E:/Apps/ti/TivaWare_C_Series-2.2.0.295/driverlib/uart.h", line 217: error #20: identifier "bool" is undefined
"E:/Apps/ti/TivaWare_C_Series-2.2.0.295/driverlib/uart.h", line 222: error #20: identifier "bool" is undefined
"../my_libs/uart_api.c", line 15: warning #225-D: function "SysCtlPeripheralEnable" declared implicitly
"../my_libs/uart_api.c", line 15: error #20: identifier "SYSCTL_PERIPH_UART0" is undefined
"../my_libs/uart_api.c", line 16: error #20: identifier "SYSCTL_PERIPH_GPIOA" is undefined
"../my_libs/uart_api.c", line 22: warning #225-D: function "SysCtlClockGet" declared implicitly
"../my_libs/uart_api.c", line 26: error #148: declaration is incompatible with "void UARTStringPut(uint32_t, const char)" (declared at line 10 of "..\my_libs\uart_api.h")
11 errors detected in the compilation of "../my_libs/uart_api.c".
gmake: *** [my_libs/uart_api.obj] Error 1
gmake: Target 'all' not remade because of errors.

**** Build Finished ****

**** Build of configuration Debug for project miniCCSProject ****

"E:\\Apps\\ti\\ccs1250\\ccs\\utils\\bin\\gmake" -k -j 16 all -O 
 
Building file: "../my_libs/uart_api.c"
Invoking: Arm Compiler
"E:/Apps/ti/ccs1250/ccs/tools/compiler/ti-cgt-arm_20.2.7.LTS/bin/armcl" -mv7M4 --code_state=16 --float_support=FPv4SPD16 -me --include_path="G:/Workspace/learningMaster/TKHTNNC/allSourceCodes/miniProject/sourceCodes/miniCCSProject" --include_path="E:/Apps/ti/TivaWare_C_Series-2.2.0.295" --include_path="E:/Apps/ti/ccs1250/ccs/tools/compiler/ti-cgt-arm_20.2.7.LTS/include" --define=ccs="ccs" --define=PART_TM4C123GH6PM -g --gcc --diag_warning=225 --diag_wrap=off --display_error_number --abi=eabi --preproc_with_compile --preproc_dependency="my_libs/uart_api.d_raw" --obj_directory="my_libs"  "../my_libs/uart_api.c"
 
>> Compilation failure
my_libs/subdir_rules.mk:9: recipe for target 'my_libs/uart_api.obj' failed
"E:/Apps/ti/TivaWare_C_Series-2.2.0.295/driverlib/gpio.h", line 153: error #20: identifier "bool" is undefined
"E:/Apps/ti/TivaWare_C_Series-2.2.0.295/driverlib/uart.h", line 208: error #20: identifier "bool" is undefined
"E:/Apps/ti/TivaWare_C_Series-2.2.0.295/driverlib/uart.h", line 210: error #20: identifier "bool" is undefined
"E:/Apps/ti/TivaWare_C_Series-2.2.0.295/driverlib/uart.h", line 211: error #20: identifier "bool" is undefined
"E:/Apps/ti/TivaWare_C_Series-2.2.0.295/driverlib/uart.h", line 214: error #20: identifier "bool" is undefined
"E:/Apps/ti/TivaWare_C_Series-2.2.0.295/driverlib/uart.h", line 216: error #20: identifier "bool" is undefined
"E:/Apps/ti/TivaWare_C_Series-2.2.0.295/driverlib/uart.h", line 217: error #20: identifier "bool" is undefined
"E:/Apps/ti/TivaWare_C_Series-2.2.0.295/driverlib/uart.h", line 222: error #20: identifier "bool" is undefined
"../my_libs/uart_api.c", line 15: warning #225-D: function "SysCtlPeripheralEnable" declared implicitly
"../my_libs/uart_api.c", line 15: error #20: identifier "SYSCTL_PERIPH_UART0" is undefined
"../my_libs/uart_api.c", line 16: error #20: identifier "SYSCTL_PERIPH_GPIOA" is undefined
"../my_libs/uart_api.c", line 22: warning #225-D: function "SysCtlClockGet" declared implicitly
"../my_libs/uart_api.c", line 26: error #148: declaration is incompatible with "void UARTStringPut(uint32_t, const char)" (declared at line 10 of "..\my_libs\uart_api.h")
11 errors detected in the compilation of "../my_libs/uart_api.c".
gmake: *** [my_libs/uart_api.obj] Error 1
Building file: "../my_libs/rc522_api.c"
Invoking: Arm Compiler
"E:/Apps/ti/ccs1250/ccs/tools/compiler/ti-cgt-arm_20.2.7.LTS/bin/armcl" -mv7M4 --code_state=16 --float_support=FPv4SPD16 -me --include_path="G:/Workspace/learningMaster/TKHTNNC/allSourceCodes/miniProject/sourceCodes/miniCCSProject" --include_path="E:/Apps/ti/TivaWare_C_Series-2.2.0.295" --include_path="E:/Apps/ti/ccs1250/ccs/tools/compiler/ti-cgt-arm_20.2.7.LTS/include" --define=ccs="ccs" --define=PART_TM4C123GH6PM -g --gcc --diag_warning=225 --diag_wrap=off --display_error_number --abi=eabi --preproc_with_compile --preproc_dependency="my_libs/rc522_api.d_raw" --obj_directory="my_libs"  "../my_libs/rc522_api.c"
 
>> Compilation failure
my_libs/subdir_rules.mk:9: recipe for target 'my_libs/rc522_api.obj' failed
"../my_libs/rc522_api.c", line 32: error #71: incomplete type is not allowed
"../my_libs/rc522_api.c", line 33: error #71: incomplete type is not allowed
"../my_libs/rc522_api.c", line 34: error #20: identifier "CLR_SPI_CS" is undefined
"../my_libs/rc522_api.c", line 39: warning #225-D: function "spi_message_init" declared implicitly
"../my_libs/rc522_api.c", line 40: warning #225-D: function "memset" declared implicitly
"../my_libs/rc522_api.c", line 44: warning #225-D: function "spi_message_add_tail" declared implicitly
"../my_libs/rc522_api.c", line 48: warning #225-D: function "spi_sync" declared implicitly
"../my_libs/rc522_api.c", line 48: error #20: identifier "rc522_spi" is undefined
"../my_libs/rc522_api.c", line 50: error #20: identifier "SET_SPI_CS" is undefined
"../my_libs/rc522_api.c", line 56: error #20: identifier "CLR_SPI_CS" is undefined
"../my_libs/rc522_api.c", line 58: warning #225-D: function "spi_write_then_read" declared implicitly
"../my_libs/rc522_api.c", line 58: error #20: identifier "rc522_spi" is undefined
"../my_libs/rc522_api.c", line 60: warning #225-D: function "UARTStringPut" declared implicitly
"../my_libs/rc522_api.c", line 62: error #20: identifier "SET_SPI_CS" is undefined
"../my_libs/rc522_api.c", line 66: warning #174-D: external/internal linkage conflict with previous declaration
"../my_libs/rc522_api.c", line 68: warning #225-D: function "UARTStringPut" declared implicitly
"../my_libs/rc522_api.c", line 91: warning #69-D: integer conversion resulted in a change of sign
"../my_libs/rc522_api.c", line 108: error #20: identifier "rc522_REG_BIT_FRAMING" is undefined
"../my_libs/rc522_api.c", line 113: warning #69-D: integer conversion resulted in a change of sign
"../my_libs/rc522_api.c", line 114: warning #225-D: function "UARTStringPut" declared implicitly
"../my_libs/rc522_api.c", line 117: warning #225-D: function "UARTStringPut" declared implicitly
"../my_libs/rc522_api.c", line 122: warning #69-D: integer conversion resulted in a change of sign
"../my_libs/rc522_api.c", line 144: error #20: identifier "rc522_REG_COMM_IE_N" is undefined
"../my_libs/rc522_api.c", line 145: error #20: identifier "rc522_REG_COMM_IRQ" is undefined
"../my_libs/rc522_api.c", line 146: error #20: identifier "rc522_REG_FIFO_LEVEL" is undefined
"../my_libs/rc522_api.c", line 147: error #20: identifier "rc522_REG_COMMAND" is undefined
"../my_libs/rc522_api.c", line 151: error #20: identifier "rc522_REG_FIFO_DATA" is undefined
"../my_libs/rc522_api.c", line 156: error #20: identifier "rc522_REG_BIT_FRAMING" is undefined
"../my_libs/rc522_api.c", line 167: warning #225-D: function "UARTStringPut" declared implicitly
"../my_libs/rc522_api.c", line 172: error #20: identifier "rc522_REG_ERROR" is undefined
"../my_libs/rc522_api.c", line 176: warning #69-D: integer conversion resulted in a change of sign
"../my_libs/rc522_api.c", line 181: error #20: identifier "rc522_REG_CONTROL" is undefined
"../my_libs/rc522_api.c", line 186: error #20: identifier "rc522_MAX_LEN" is undefined
"../my_libs/rc522_api.c", line 192: warning #69-D: integer conversion resulted in a change of sign
"../my_libs/rc522_api.c", line 205: error #20: identifier "rc522_REG_BIT_FRAMING" is undefined
"../my_libs/rc522_api.c", line 214: warning #69-D: integer conversion resulted in a change of sign
"../my_libs/rc522_api.c", line 222: error #20: identifier "rc522_REG_DIV_IRQ" is undefined
"../my_libs/rc522_api.c", line 223: error #20: identifier "rc522_REG_FIFO_LEVEL" is undefined
"../my_libs/rc522_api.c", line 228: error #20: identifier "rc522_REG_FIFO_DATA" is undefined
"../my_libs/rc522_api.c", line 230: error #20: identifier "rc522_REG_COMMAND" is undefined
"../my_libs/rc522_api.c", line 240: error #20: identifier "rc522_REG_CRC_RESULT_L" is undefined
"../my_libs/rc522_api.c", line 241: error #20: identifier "rc522_REG_CRC_RESULT_M" is undefined
"../my_libs/rc522_api.c", line 278: error #20: identifier "rc522_REG_STATUS2" is undefined
"../my_libs/rc522_api.c", line 279: warning #69-D: integer conversion resulted in a change of sign
"../my_libs/rc522_api.c", line 291: warning #69-D: integer conversion resulted in a change of sign
"../my_libs/rc522_api.c", line 306: warning #69-D: integer conversion resulted in a change of sign
"../my_libs/rc522_api.c", line 313: warning #69-D: integer conversion resulted in a change of sign
"../my_libs/rc522_api.c", line 322: error #20: identifier "rc522_REG_T_MODE" is undefined
"../my_libs/rc522_api.c", line 323: error #20: identifier "rc522_REG_T_PRESCALER" is undefined
"../my_libs/rc522_api.c", line 324: error #20: identifier "rc522_REG_T_RELOAD_L" is undefined
"../my_libs/rc522_api.c", line 325: error #20: identifier "rc522_REG_T_RELOAD_H" is undefined
"../my_libs/rc522_api.c", line 326: error #20: identifier "rc522_REG_RF_CFG" is undefined
"../my_libs/rc522_api.c", line 327: error #20: identifier "rc522_REG_TX_AUTO" is undefined
"../my_libs/rc522_api.c", line 328: error #20: identifier "rc522_REG_MODE" is undefined
"../my_libs/rc522_api.c", line 331: warning #225-D: function "UARTStringPut" declared implicitly
"../my_libs/rc522_api.c", line 338: error #20: identifier "rc522_REG_COMMAND" is undefined
"../my_libs/rc522_api.c", line 344: error #20: identifier "rc522_REG_TX_CONTROL" is undefined
"../my_libs/rc522_api.c", line 350: error #20: identifier "rc522_REG_TX_CONTROL" is undefined
"../my_libs/rc522_api.c", line 13: warning #179-D: function "configureSPI" was declared but never referenced
"../my_libs/rc522_api.c", line 87: warning #179-D: function "rc522Compare" was declared but never referenced
"../my_libs/rc522_api.c", line 244: warning #179-D: function "rc522SelectTag" was declared but never referenced
"../my_libs/rc522_api.c", line 264: warning #179-D: function "rc522Auth" was declared but never referenced
"../my_libs/rc522_api.c", line 283: warning #179-D: function "rc522Read" was declared but never referenced
"../my_libs/rc522_api.c", line 295: warning #179-D: function "rc522Write" was declared but never referenced
"../my_libs/rc522_api.c", line 349: warning #179-D: function "rc522AntennaOff" was declared but never referenced
"../my_libs/rc522_api.c", line 66: warning #179-D: function "rc522Check" was declared but never referenced
"../my_libs/rc522_api.c", line 26: warning #179-D: function "lowCSPin" was declared but never referenced
36 errors detected in the compilation of "../my_libs/rc522_api.c".
gmake: *** [my_libs/rc522_api.obj] Error 1
gmake: Target 'all' not remade because of errors.

**** Build Finished ****

**** Build of configuration Debug for project miniCCSProject ****

"E:\\Apps\\ti\\ccs1250\\ccs\\utils\\bin\\gmake" -k -j 16 all -O 
 
Building file: "../my_libs/rc522_api.c"
Invoking: Arm Compiler
"E:/Apps/ti/ccs1250/ccs/tools/compiler/ti-cgt-arm_20.2.7.LTS/bin/armcl" -mv7M4 --code_state=16 --float_support=FPv4SPD16 -me --include_path="G:/Workspace/learningMaster/TKHTNNC/allSourceCodes/miniProject/sourceCodes/miniCCSProject" --include_path="E:/Apps/ti/TivaWare_C_Series-2.2.0.295" --include_path="E:/Apps/ti/ccs1250/ccs/tools/compiler/ti-cgt-arm_20.2.7.LTS/include" --define=ccs="ccs" --define=PART_TM4C123GH6PM -g --gcc --diag_warning=225 --diag_wrap=off --display_error_number --abi=eabi --preproc_with_compile --preproc_dependency="my_libs/rc522_api.d_raw" --obj_directory="my_libs"  "../my_libs/rc522_api.c"
 
>> Compilation failure
my_libs/subdir_rules.mk:9: recipe for target 'my_libs/rc522_api.obj' failed
"../my_libs/rc522_api.c", line 32: error #71: incomplete type is not allowed
"../my_libs/rc522_api.c", line 33: error #71: incomplete type is not allowed
"../my_libs/rc522_api.c", line 34: error #20: identifier "CLR_SPI_CS" is undefined
"../my_libs/rc522_api.c", line 39: warning #225-D: function "spi_message_init" declared implicitly
"../my_libs/rc522_api.c", line 40: warning #225-D: function "memset" declared implicitly
"../my_libs/rc522_api.c", line 44: warning #225-D: function "spi_message_add_tail" declared implicitly
"../my_libs/rc522_api.c", line 48: warning #225-D: function "spi_sync" declared implicitly
"../my_libs/rc522_api.c", line 48: error #20: identifier "rc522_spi" is undefined
"../my_libs/rc522_api.c", line 50: error #20: identifier "SET_SPI_CS" is undefined
"../my_libs/rc522_api.c", line 56: error #20: identifier "CLR_SPI_CS" is undefined
"../my_libs/rc522_api.c", line 58: warning #225-D: function "spi_write_then_read" declared implicitly
"../my_libs/rc522_api.c", line 58: error #20: identifier "rc522_spi" is undefined
"../my_libs/rc522_api.c", line 60: warning #225-D: function "UARTStringPut" declared implicitly
"../my_libs/rc522_api.c", line 62: error #20: identifier "SET_SPI_CS" is undefined
"../my_libs/rc522_api.c", line 66: warning #174-D: external/internal linkage conflict with previous declaration
"../my_libs/rc522_api.c", line 68: warning #225-D: function "UARTStringPut" declared implicitly
"../my_libs/rc522_api.c", line 91: warning #69-D: integer conversion resulted in a change of sign
"../my_libs/rc522_api.c", line 108: error #20: identifier "rc522_REG_BIT_FRAMING" is undefined
"../my_libs/rc522_api.c", line 113: warning #69-D: integer conversion resulted in a change of sign
"../my_libs/rc522_api.c", line 114: warning #225-D: function "UARTStringPut" declared implicitly
"../my_libs/rc522_api.c", line 117: warning #225-D: function "UARTStringPut" declared implicitly
"../my_libs/rc522_api.c", line 122: warning #69-D: integer conversion resulted in a change of sign
"../my_libs/rc522_api.c", line 144: error #20: identifier "rc522_REG_COMM_IE_N" is undefined
"../my_libs/rc522_api.c", line 145: error #20: identifier "rc522_REG_COMM_IRQ" is undefined
"../my_libs/rc522_api.c", line 146: error #20: identifier "rc522_REG_FIFO_LEVEL" is undefined
"../my_libs/rc522_api.c", line 147: error #20: identifier "rc522_REG_COMMAND" is undefined
"../my_libs/rc522_api.c", line 151: error #20: identifier "rc522_REG_FIFO_DATA" is undefined
"../my_libs/rc522_api.c", line 156: error #20: identifier "rc522_REG_BIT_FRAMING" is undefined
"../my_libs/rc522_api.c", line 167: warning #225-D: function "UARTStringPut" declared implicitly
"../my_libs/rc522_api.c", line 172: error #20: identifier "rc522_REG_ERROR" is undefined
"../my_libs/rc522_api.c", line 176: warning #69-D: integer conversion resulted in a change of sign
"../my_libs/rc522_api.c", line 181: error #20: identifier "rc522_REG_CONTROL" is undefined
"../my_libs/rc522_api.c", line 186: error #20: identifier "rc522_MAX_LEN" is undefined
"../my_libs/rc522_api.c", line 192: warning #69-D: integer conversion resulted in a change of sign
"../my_libs/rc522_api.c", line 205: error #20: identifier "rc522_REG_BIT_FRAMING" is undefined
"../my_libs/rc522_api.c", line 214: warning #69-D: integer conversion resulted in a change of sign
"../my_libs/rc522_api.c", line 222: error #20: identifier "rc522_REG_DIV_IRQ" is undefined
"../my_libs/rc522_api.c", line 223: error #20: identifier "rc522_REG_FIFO_LEVEL" is undefined
"../my_libs/rc522_api.c", line 228: error #20: identifier "rc522_REG_FIFO_DATA" is undefined
"../my_libs/rc522_api.c", line 230: error #20: identifier "rc522_REG_COMMAND" is undefined
"../my_libs/rc522_api.c", line 240: error #20: identifier "rc522_REG_CRC_RESULT_L" is undefined
"../my_libs/rc522_api.c", line 241: error #20: identifier "rc522_REG_CRC_RESULT_M" is undefined
"../my_libs/rc522_api.c", line 278: error #20: identifier "rc522_REG_STATUS2" is undefined
"../my_libs/rc522_api.c", line 279: warning #69-D: integer conversion resulted in a change of sign
"../my_libs/rc522_api.c", line 291: warning #69-D: integer conversion resulted in a change of sign
"../my_libs/rc522_api.c", line 306: warning #69-D: integer conversion resulted in a change of sign
"../my_libs/rc522_api.c", line 313: warning #69-D: integer conversion resulted in a change of sign
"../my_libs/rc522_api.c", line 322: error #20: identifier "rc522_REG_T_MODE" is undefined
"../my_libs/rc522_api.c", line 323: error #20: identifier "rc522_REG_T_PRESCALER" is undefined
"../my_libs/rc522_api.c", line 324: error #20: identifier "rc522_REG_T_RELOAD_L" is undefined
"../my_libs/rc522_api.c", line 325: error #20: identifier "rc522_REG_T_RELOAD_H" is undefined
"../my_libs/rc522_api.c", line 326: error #20: identifier "rc522_REG_RF_CFG" is undefined
"../my_libs/rc522_api.c", line 327: error #20: identifier "rc522_REG_TX_AUTO" is undefined
"../my_libs/rc522_api.c", line 328: error #20: identifier "rc522_REG_MODE" is undefined
"../my_libs/rc522_api.c", line 331: warning #225-D: function "UARTStringPut" declared implicitly
"../my_libs/rc522_api.c", line 338: error #20: identifier "rc522_REG_COMMAND" is undefined
"../my_libs/rc522_api.c", line 344: error #20: identifier "rc522_REG_TX_CONTROL" is undefined
"../my_libs/rc522_api.c", line 350: error #20: identifier "rc522_REG_TX_CONTROL" is undefined
"../my_libs/rc522_api.c", line 13: warning #179-D: function "configureSPI" was declared but never referenced
"../my_libs/rc522_api.c", line 87: warning #179-D: function "rc522Compare" was declared but never referenced
"../my_libs/rc522_api.c", line 244: warning #179-D: function "rc522SelectTag" was declared but never referenced
"../my_libs/rc522_api.c", line 264: warning #179-D: function "rc522Auth" was declared but never referenced
"../my_libs/rc522_api.c", line 283: warning #179-D: function "rc522Read" was declared but never referenced
"../my_libs/rc522_api.c", line 295: warning #179-D: function "rc522Write" was declared but never referenced
"../my_libs/rc522_api.c", line 349: warning #179-D: function "rc522AntennaOff" was declared but never referenced
"../my_libs/rc522_api.c", line 66: warning #179-D: function "rc522Check" was declared but never referenced
"../my_libs/rc522_api.c", line 26: warning #179-D: function "lowCSPin" was declared but never referenced
36 errors detected in the compilation of "../my_libs/rc522_api.c".
gmake: *** [my_libs/rc522_api.obj] Error 1
Building file: "../my_libs/uart_api.c"
Invoking: Arm Compiler
"E:/Apps/ti/ccs1250/ccs/tools/compiler/ti-cgt-arm_20.2.7.LTS/bin/armcl" -mv7M4 --code_state=16 --float_support=FPv4SPD16 -me --include_path="G:/Workspace/learningMaster/TKHTNNC/allSourceCodes/miniProject/sourceCodes/miniCCSProject" --include_path="E:/Apps/ti/TivaWare_C_Series-2.2.0.295" --include_path="E:/Apps/ti/ccs1250/ccs/tools/compiler/ti-cgt-arm_20.2.7.LTS/include" --define=ccs="ccs" --define=PART_TM4C123GH6PM -g --gcc --diag_warning=225 --diag_wrap=off --display_error_number --abi=eabi --preproc_with_compile --preproc_dependency="my_libs/uart_api.d_raw" --obj_directory="my_libs"  "../my_libs/uart_api.c"
 
>> Compilation failure
my_libs/subdir_rules.mk:9: recipe for target 'my_libs/uart_api.obj' failed
"../my_libs/uart_api.c", line 15: warning #225-D: function "SysCtlPeripheralEnable" declared implicitly
"../my_libs/uart_api.c", line 15: error #20: identifier "SYSCTL_PERIPH_UART0" is undefined
"../my_libs/uart_api.c", line 16: error #20: identifier "SYSCTL_PERIPH_GPIOA" is undefined
"../my_libs/uart_api.c", line 22: warning #225-D: function "SysCtlClockGet" declared implicitly
"../my_libs/uart_api.c", line 26: error #148: declaration is incompatible with "void UARTStringPut(uint32_t, const char)" (declared at line 11 of "..\my_libs\uart_api.h")
3 errors detected in the compilation of "../my_libs/uart_api.c".
gmake: *** [my_libs/uart_api.obj] Error 1
gmake: Target 'all' not remade because of errors.

**** Build Finished ****

**** Build of configuration Debug for project miniCCSProject ****

"E:\\Apps\\ti\\ccs1250\\ccs\\utils\\bin\\gmake" -k -j 16 all -O 
 
Building file: "../my_libs/rc522_api.c"
Invoking: Arm Compiler
"E:/Apps/ti/ccs1250/ccs/tools/compiler/ti-cgt-arm_20.2.7.LTS/bin/armcl" -mv7M4 --code_state=16 --float_support=FPv4SPD16 -me --include_path="G:/Workspace/learningMaster/TKHTNNC/allSourceCodes/miniProject/sourceCodes/miniCCSProject" --include_path="E:/Apps/ti/TivaWare_C_Series-2.2.0.295" --include_path="E:/Apps/ti/ccs1250/ccs/tools/compiler/ti-cgt-arm_20.2.7.LTS/include" --define=ccs="ccs" --define=PART_TM4C123GH6PM -g --gcc --diag_warning=225 --diag_wrap=off --display_error_number --abi=eabi --preproc_with_compile --preproc_dependency="my_libs/rc522_api.d_raw" --obj_directory="my_libs"  "../my_libs/rc522_api.c"
 
>> Compilation failure
my_libs/subdir_rules.mk:9: recipe for target 'my_libs/rc522_api.obj' failed
"../my_libs/rc522_api.c", line 31: warning #552-D: variable "ucAddr" was set but never used
"../my_libs/rc522_api.c", line 56: error #20: identifier "CLR_SPI_CS" is undefined
"../my_libs/rc522_api.c", line 58: warning #225-D: function "spi_write_then_read" declared implicitly
"../my_libs/rc522_api.c", line 58: error #20: identifier "rc522_spi" is undefined
"../my_libs/rc522_api.c", line 60: warning #225-D: function "UARTStringPut" declared implicitly
"../my_libs/rc522_api.c", line 62: error #20: identifier "SET_SPI_CS" is undefined
"../my_libs/rc522_api.c", line 66: warning #174-D: external/internal linkage conflict with previous declaration
"../my_libs/rc522_api.c", line 68: warning #225-D: function "UARTStringPut" declared implicitly
"../my_libs/rc522_api.c", line 91: warning #69-D: integer conversion resulted in a change of sign
"../my_libs/rc522_api.c", line 108: error #20: identifier "rc522_REG_BIT_FRAMING" is undefined
"../my_libs/rc522_api.c", line 113: warning #69-D: integer conversion resulted in a change of sign
"../my_libs/rc522_api.c", line 114: warning #225-D: function "UARTStringPut" declared implicitly
"../my_libs/rc522_api.c", line 117: warning #225-D: function "UARTStringPut" declared implicitly
"../my_libs/rc522_api.c", line 122: warning #69-D: integer conversion resulted in a change of sign
"../my_libs/rc522_api.c", line 144: error #20: identifier "rc522_REG_COMM_IE_N" is undefined
"../my_libs/rc522_api.c", line 145: error #20: identifier "rc522_REG_COMM_IRQ" is undefined
"../my_libs/rc522_api.c", line 146: error #20: identifier "rc522_REG_FIFO_LEVEL" is undefined
"../my_libs/rc522_api.c", line 147: error #20: identifier "rc522_REG_COMMAND" is undefined
"../my_libs/rc522_api.c", line 151: error #20: identifier "rc522_REG_FIFO_DATA" is undefined
"../my_libs/rc522_api.c", line 156: error #20: identifier "rc522_REG_BIT_FRAMING" is undefined
"../my_libs/rc522_api.c", line 167: warning #225-D: function "UARTStringPut" declared implicitly
"../my_libs/rc522_api.c", line 172: error #20: identifier "rc522_REG_ERROR" is undefined
"../my_libs/rc522_api.c", line 176: warning #69-D: integer conversion resulted in a change of sign
"../my_libs/rc522_api.c", line 181: error #20: identifier "rc522_REG_CONTROL" is undefined
"../my_libs/rc522_api.c", line 186: error #20: identifier "rc522_MAX_LEN" is undefined
"../my_libs/rc522_api.c", line 192: warning #69-D: integer conversion resulted in a change of sign
"../my_libs/rc522_api.c", line 205: error #20: identifier "rc522_REG_BIT_FRAMING" is undefined
"../my_libs/rc522_api.c", line 214: warning #69-D: integer conversion resulted in a change of sign
"../my_libs/rc522_api.c", line 222: error #20: identifier "rc522_REG_DIV_IRQ" is undefined
"../my_libs/rc522_api.c", line 223: error #20: identifier "rc522_REG_FIFO_LEVEL" is undefined
"../my_libs/rc522_api.c", line 228: error #20: identifier "rc522_REG_FIFO_DATA" is undefined
"../my_libs/rc522_api.c", line 230: error #20: identifier "rc522_REG_COMMAND" is undefined
"../my_libs/rc522_api.c", line 240: error #20: identifier "rc522_REG_CRC_RESULT_L" is undefined
"../my_libs/rc522_api.c", line 241: error #20: identifier "rc522_REG_CRC_RESULT_M" is undefined
"../my_libs/rc522_api.c", line 278: error #20: identifier "rc522_REG_STATUS2" is undefined
"../my_libs/rc522_api.c", line 279: warning #69-D: integer conversion resulted in a change of sign
"../my_libs/rc522_api.c", line 291: warning #69-D: integer conversion resulted in a change of sign
"../my_libs/rc522_api.c", line 306: warning #69-D: integer conversion resulted in a change of sign
"../my_libs/rc522_api.c", line 313: warning #69-D: integer conversion resulted in a change of sign
"../my_libs/rc522_api.c", line 322: error #20: identifier "rc522_REG_T_MODE" is undefined
"../my_libs/rc522_api.c", line 323: error #20: identifier "rc522_REG_T_PRESCALER" is undefined
"../my_libs/rc522_api.c", line 324: error #20: identifier "rc522_REG_T_RELOAD_L" is undefined
"../my_libs/rc522_api.c", line 325: error #20: identifier "rc522_REG_T_RELOAD_H" is undefined
"../my_libs/rc522_api.c", line 326: error #20: identifier "rc522_REG_RF_CFG" is undefined
"../my_libs/rc522_api.c", line 327: error #20: identifier "rc522_REG_TX_AUTO" is undefined
"../my_libs/rc522_api.c", line 328: error #20: identifier "rc522_REG_MODE" is undefined
"../my_libs/rc522_api.c", line 331: warning #225-D: function "UARTStringPut" declared implicitly
"../my_libs/rc522_api.c", line 338: error #20: identifier "rc522_REG_COMMAND" is undefined
"../my_libs/rc522_api.c", line 344: error #20: identifier "rc522_REG_TX_CONTROL" is undefined
"../my_libs/rc522_api.c", line 350: error #20: identifier "rc522_REG_TX_CONTROL" is undefined
"../my_libs/rc522_api.c", line 13: warning #179-D: function "configureSPI" was declared but never referenced
"../my_libs/rc522_api.c", line 87: warning #179-D: function "rc522Compare" was declared but never referenced
"../my_libs/rc522_api.c", line 244: warning #179-D: function "rc522SelectTag" was declared but never referenced
"../my_libs/rc522_api.c", line 264: warning #179-D: function "rc522Auth" was declared but never referenced
"../my_libs/rc522_api.c", line 283: warning #179-D: function "rc522Read" was declared but never referenced
"../my_libs/rc522_api.c", line 295: warning #179-D: function "rc522Write" was declared but never referenced
"../my_libs/rc522_api.c", line 349: warning #179-D: function "rc522AntennaOff" was declared but never referenced
"../my_libs/rc522_api.c", line 66: warning #179-D: function "rc522Check" was declared but never referenced
"../my_libs/rc522_api.c", line 26: warning #179-D: function "lowCSPin" was declared but never referenced
31 errors detected in the compilation of "../my_libs/rc522_api.c".
gmake: *** [my_libs/rc522_api.obj] Error 1
Building file: "../my_libs/uart_api.c"
Invoking: Arm Compiler
"E:/Apps/ti/ccs1250/ccs/tools/compiler/ti-cgt-arm_20.2.7.LTS/bin/armcl" -mv7M4 --code_state=16 --float_support=FPv4SPD16 -me --include_path="G:/Workspace/learningMaster/TKHTNNC/allSourceCodes/miniProject/sourceCodes/miniCCSProject" --include_path="E:/Apps/ti/TivaWare_C_Series-2.2.0.295" --include_path="E:/Apps/ti/ccs1250/ccs/tools/compiler/ti-cgt-arm_20.2.7.LTS/include" --define=ccs="ccs" --define=PART_TM4C123GH6PM -g --gcc --diag_warning=225 --diag_wrap=off --display_error_number --abi=eabi --preproc_with_compile --preproc_dependency="my_libs/uart_api.d_raw" --obj_directory="my_libs"  "../my_libs/uart_api.c"
 
>> Compilation failure
my_libs/subdir_rules.mk:9: recipe for target 'my_libs/uart_api.obj' failed
"../my_libs/uart_api.c", line 15: warning #225-D: function "SysCtlPeripheralEnable" declared implicitly
"../my_libs/uart_api.c", line 15: error #20: identifier "SYSCTL_PERIPH_UART0" is undefined
"../my_libs/uart_api.c", line 16: error #20: identifier "SYSCTL_PERIPH_GPIOA" is undefined
"../my_libs/uart_api.c", line 22: warning #225-D: function "SysCtlClockGet" declared implicitly
"../my_libs/uart_api.c", line 26: error #148: declaration is incompatible with "void UARTStringPut(uint32_t, const char)" (declared at line 11 of "..\my_libs\uart_api.h")
3 errors detected in the compilation of "../my_libs/uart_api.c".
gmake: *** [my_libs/uart_api.obj] Error 1
gmake: Target 'all' not remade because of errors.

**** Build Finished ****

**** Build of configuration Debug for project miniCCSProject ****

"E:\\Apps\\ti\\ccs1250\\ccs\\utils\\bin\\gmake" -k -j 16 all -O 
 
Building file: "../my_libs/uart_api.c"
Invoking: Arm Compiler
"E:/Apps/ti/ccs1250/ccs/tools/compiler/ti-cgt-arm_20.2.7.LTS/bin/armcl" -mv7M4 --code_state=16 --float_support=FPv4SPD16 -me --include_path="G:/Workspace/learningMaster/TKHTNNC/allSourceCodes/miniProject/sourceCodes/miniCCSProject" --include_path="E:/Apps/ti/TivaWare_C_Series-2.2.0.295" --include_path="E:/Apps/ti/ccs1250/ccs/tools/compiler/ti-cgt-arm_20.2.7.LTS/include" --define=ccs="ccs" --define=PART_TM4C123GH6PM -g --gcc --diag_warning=225 --diag_wrap=off --display_error_number --abi=eabi --preproc_with_compile --preproc_dependency="my_libs/uart_api.d_raw" --obj_directory="my_libs"  "../my_libs/uart_api.c"
 
>> Compilation failure
my_libs/subdir_rules.mk:9: recipe for target 'my_libs/uart_api.obj' failed
"../my_libs/uart_api.c", line 15: warning #225-D: function "SysCtlPeripheralEnable" declared implicitly
"../my_libs/uart_api.c", line 15: error #20: identifier "SYSCTL_PERIPH_UART0" is undefined
"../my_libs/uart_api.c", line 16: error #20: identifier "SYSCTL_PERIPH_GPIOA" is undefined
"../my_libs/uart_api.c", line 22: warning #225-D: function "SysCtlClockGet" declared implicitly
"../my_libs/uart_api.c", line 26: error #148: declaration is incompatible with "void UARTStringPut(uint32_t, const char)" (declared at line 11 of "..\my_libs\uart_api.h")
3 errors detected in the compilation of "../my_libs/uart_api.c".
gmake: *** [my_libs/uart_api.obj] Error 1
Building file: "../my_libs/rc522_api.c"
Invoking: Arm Compiler
"E:/Apps/ti/ccs1250/ccs/tools/compiler/ti-cgt-arm_20.2.7.LTS/bin/armcl" -mv7M4 --code_state=16 --float_support=FPv4SPD16 -me --include_path="G:/Workspace/learningMaster/TKHTNNC/allSourceCodes/miniProject/sourceCodes/miniCCSProject" --include_path="E:/Apps/ti/TivaWare_C_Series-2.2.0.295" --include_path="E:/Apps/ti/ccs1250/ccs/tools/compiler/ti-cgt-arm_20.2.7.LTS/include" --define=ccs="ccs" --define=PART_TM4C123GH6PM -g --gcc --diag_warning=225 --diag_wrap=off --display_error_number --abi=eabi --preproc_with_compile --preproc_dependency="my_libs/rc522_api.d_raw" --obj_directory="my_libs"  "../my_libs/rc522_api.c"
 
>> Compilation failure
my_libs/subdir_rules.mk:9: recipe for target 'my_libs/rc522_api.obj' failed
"../my_libs/rc522_api.c", line 31: warning #552-D: variable "ucAddr" was set but never used
"../my_libs/rc522_api.c", line 59: warning #551-D: variable "ret" is used before its value is set
"../my_libs/rc522_api.c", line 60: warning #225-D: function "UARTStringPut" declared implicitly
"../my_libs/rc522_api.c", line 63: warning #551-D: variable "ucValue" is used before its value is set
"../my_libs/rc522_api.c", line 54: warning #552-D: variable "ucAddr" was set but never used
"../my_libs/rc522_api.c", line 66: warning #174-D: external/internal linkage conflict with previous declaration
"../my_libs/rc522_api.c", line 68: warning #225-D: function "UARTStringPut" declared implicitly
"../my_libs/rc522_api.c", line 91: warning #69-D: integer conversion resulted in a change of sign
"../my_libs/rc522_api.c", line 108: error #20: identifier "rc522_REG_BIT_FRAMING" is undefined
"../my_libs/rc522_api.c", line 113: warning #69-D: integer conversion resulted in a change of sign
"../my_libs/rc522_api.c", line 114: warning #225-D: function "UARTStringPut" declared implicitly
"../my_libs/rc522_api.c", line 117: warning #225-D: function "UARTStringPut" declared implicitly
"../my_libs/rc522_api.c", line 122: warning #69-D: integer conversion resulted in a change of sign
"../my_libs/rc522_api.c", line 144: error #20: identifier "rc522_REG_COMM_IE_N" is undefined
"../my_libs/rc522_api.c", line 145: error #20: identifier "rc522_REG_COMM_IRQ" is undefined
"../my_libs/rc522_api.c", line 146: error #20: identifier "rc522_REG_FIFO_LEVEL" is undefined
"../my_libs/rc522_api.c", line 147: error #20: identifier "rc522_REG_COMMAND" is undefined
"../my_libs/rc522_api.c", line 151: error #20: identifier "rc522_REG_FIFO_DATA" is undefined
"../my_libs/rc522_api.c", line 156: error #20: identifier "rc522_REG_BIT_FRAMING" is undefined
"../my_libs/rc522_api.c", line 167: warning #225-D: function "UARTStringPut" declared implicitly
"../my_libs/rc522_api.c", line 172: error #20: identifier "rc522_REG_ERROR" is undefined
"../my_libs/rc522_api.c", line 176: warning #69-D: integer conversion resulted in a change of sign
"../my_libs/rc522_api.c", line 181: error #20: identifier "rc522_REG_CONTROL" is undefined
"../my_libs/rc522_api.c", line 186: error #20: identifier "rc522_MAX_LEN" is undefined
"../my_libs/rc522_api.c", line 192: warning #69-D: integer conversion resulted in a change of sign
"../my_libs/rc522_api.c", line 205: error #20: identifier "rc522_REG_BIT_FRAMING" is undefined
"../my_libs/rc522_api.c", line 214: warning #69-D: integer conversion resulted in a change of sign
"../my_libs/rc522_api.c", line 222: error #20: identifier "rc522_REG_DIV_IRQ" is undefined
"../my_libs/rc522_api.c", line 223: error #20: identifier "rc522_REG_FIFO_LEVEL" is undefined
"../my_libs/rc522_api.c", line 228: error #20: identifier "rc522_REG_FIFO_DATA" is undefined
"../my_libs/rc522_api.c", line 230: error #20: identifier "rc522_REG_COMMAND" is undefined
"../my_libs/rc522_api.c", line 240: error #20: identifier "rc522_REG_CRC_RESULT_L" is undefined
"../my_libs/rc522_api.c", line 241: error #20: identifier "rc522_REG_CRC_RESULT_M" is undefined
"../my_libs/rc522_api.c", line 278: error #20: identifier "rc522_REG_STATUS2" is undefined
"../my_libs/rc522_api.c", line 279: warning #69-D: integer conversion resulted in a change of sign
"../my_libs/rc522_api.c", line 291: warning #69-D: integer conversion resulted in a change of sign
"../my_libs/rc522_api.c", line 306: warning #69-D: integer conversion resulted in a change of sign
"../my_libs/rc522_api.c", line 313: warning #69-D: integer conversion resulted in a change of sign
"../my_libs/rc522_api.c", line 322: error #20: identifier "rc522_REG_T_MODE" is undefined
"../my_libs/rc522_api.c", line 323: error #20: identifier "rc522_REG_T_PRESCALER" is undefined
"../my_libs/rc522_api.c", line 324: error #20: identifier "rc522_REG_T_RELOAD_L" is undefined
"../my_libs/rc522_api.c", line 325: error #20: identifier "rc522_REG_T_RELOAD_H" is undefined
"../my_libs/rc522_api.c", line 326: error #20: identifier "rc522_REG_RF_CFG" is undefined
"../my_libs/rc522_api.c", line 327: error #20: identifier "rc522_REG_TX_AUTO" is undefined
"../my_libs/rc522_api.c", line 328: error #20: identifier "rc522_REG_MODE" is undefined
"../my_libs/rc522_api.c", line 331: warning #225-D: function "UARTStringPut" declared implicitly
"../my_libs/rc522_api.c", line 338: error #20: identifier "rc522_REG_COMMAND" is undefined
"../my_libs/rc522_api.c", line 344: error #20: identifier "rc522_REG_TX_CONTROL" is undefined
"../my_libs/rc522_api.c", line 350: error #20: identifier "rc522_REG_TX_CONTROL" is undefined
"../my_libs/rc522_api.c", line 13: warning #179-D: function "configureSPI" was declared but never referenced
"../my_libs/rc522_api.c", line 87: warning #179-D: function "rc522Compare" was declared but never referenced
"../my_libs/rc522_api.c", line 244: warning #179-D: function "rc522SelectTag" was declared but never referenced
"../my_libs/rc522_api.c", line 264: warning #179-D: function "rc522Auth" was declared but never referenced
"../my_libs/rc522_api.c", line 283: warning #179-D: function "rc522Read" was declared but never referenced
"../my_libs/rc522_api.c", line 295: warning #179-D: function "rc522Write" was declared but never referenced
"../my_libs/rc522_api.c", line 349: warning #179-D: function "rc522AntennaOff" was declared but never referenced
"../my_libs/rc522_api.c", line 66: warning #179-D: function "rc522Check" was declared but never referenced
"../my_libs/rc522_api.c", line 26: warning #179-D: function "lowCSPin" was declared but never referenced
28 errors detected in the compilation of "../my_libs/rc522_api.c".
gmake: *** [my_libs/rc522_api.obj] Error 1
gmake: Target 'all' not remade because of errors.

**** Build Finished ****

**** Build of configuration Debug for project miniCCSProject ****

"E:\\Apps\\ti\\ccs1250\\ccs\\utils\\bin\\gmake" -k -j 16 all -O 
 
Building file: "../my_libs/rc522_api.c"
Invoking: Arm Compiler
"E:/Apps/ti/ccs1250/ccs/tools/compiler/ti-cgt-arm_20.2.7.LTS/bin/armcl" -mv7M4 --code_state=16 --float_support=FPv4SPD16 -me --include_path="G:/Workspace/learningMaster/TKHTNNC/allSourceCodes/miniProject/sourceCodes/miniCCSProject" --include_path="E:/Apps/ti/TivaWare_C_Series-2.2.0.295" --include_path="E:/Apps/ti/ccs1250/ccs/tools/compiler/ti-cgt-arm_20.2.7.LTS/include" --define=ccs="ccs" --define=PART_TM4C123GH6PM -g --gcc --diag_warning=225 --diag_wrap=off --display_error_number --abi=eabi --preproc_with_compile --preproc_dependency="my_libs/rc522_api.d_raw" --obj_directory="my_libs"  "../my_libs/rc522_api.c"
 
>> Compilation failure
my_libs/subdir_rules.mk:9: recipe for target 'my_libs/rc522_api.obj' failed
"../my_libs/rc522_api.c", line 31: warning #552-D: variable "ucAddr" was set but never used
"../my_libs/rc522_api.c", line 59: warning #551-D: variable "ret" is used before its value is set
"../my_libs/rc522_api.c", line 60: warning #225-D: function "UARTStringPut" declared implicitly
"../my_libs/rc522_api.c", line 63: warning #551-D: variable "ucValue" is used before its value is set
"../my_libs/rc522_api.c", line 54: warning #552-D: variable "ucAddr" was set but never used
"../my_libs/rc522_api.c", line 66: warning #174-D: external/internal linkage conflict with previous declaration
"../my_libs/rc522_api.c", line 68: warning #225-D: function "UARTStringPut" declared implicitly
"../my_libs/rc522_api.c", line 91: warning #69-D: integer conversion resulted in a change of sign
"../my_libs/rc522_api.c", line 108: error #20: identifier "rc522_REG_BIT_FRAMING" is undefined
"../my_libs/rc522_api.c", line 113: warning #69-D: integer conversion resulted in a change of sign
"../my_libs/rc522_api.c", line 114: warning #225-D: function "UARTStringPut" declared implicitly
"../my_libs/rc522_api.c", line 117: warning #225-D: function "UARTStringPut" declared implicitly
"../my_libs/rc522_api.c", line 122: warning #69-D: integer conversion resulted in a change of sign
"../my_libs/rc522_api.c", line 144: error #20: identifier "rc522_REG_COMM_IE_N" is undefined
"../my_libs/rc522_api.c", line 145: error #20: identifier "rc522_REG_COMM_IRQ" is undefined
"../my_libs/rc522_api.c", line 146: error #20: identifier "rc522_REG_FIFO_LEVEL" is undefined
"../my_libs/rc522_api.c", line 147: error #20: identifier "rc522_REG_COMMAND" is undefined
"../my_libs/rc522_api.c", line 151: error #20: identifier "rc522_REG_FIFO_DATA" is undefined
"../my_libs/rc522_api.c", line 156: error #20: identifier "rc522_REG_BIT_FRAMING" is undefined
"../my_libs/rc522_api.c", line 167: warning #225-D: function "UARTStringPut" declared implicitly
"../my_libs/rc522_api.c", line 172: error #20: identifier "rc522_REG_ERROR" is undefined
"../my_libs/rc522_api.c", line 176: warning #69-D: integer conversion resulted in a change of sign
"../my_libs/rc522_api.c", line 181: error #20: identifier "rc522_REG_CONTROL" is undefined
"../my_libs/rc522_api.c", line 186: error #20: identifier "rc522_MAX_LEN" is undefined
"../my_libs/rc522_api.c", line 192: warning #69-D: integer conversion resulted in a change of sign
"../my_libs/rc522_api.c", line 205: error #20: identifier "rc522_REG_BIT_FRAMING" is undefined
"../my_libs/rc522_api.c", line 214: warning #69-D: integer conversion resulted in a change of sign
"../my_libs/rc522_api.c", line 222: error #20: identifier "rc522_REG_DIV_IRQ" is undefined
"../my_libs/rc522_api.c", line 223: error #20: identifier "rc522_REG_FIFO_LEVEL" is undefined
"../my_libs/rc522_api.c", line 228: error #20: identifier "rc522_REG_FIFO_DATA" is undefined
"../my_libs/rc522_api.c", line 230: error #20: identifier "rc522_REG_COMMAND" is undefined
"../my_libs/rc522_api.c", line 240: error #20: identifier "rc522_REG_CRC_RESULT_L" is undefined
"../my_libs/rc522_api.c", line 241: error #20: identifier "rc522_REG_CRC_RESULT_M" is undefined
"../my_libs/rc522_api.c", line 278: error #20: identifier "rc522_REG_STATUS2" is undefined
"../my_libs/rc522_api.c", line 279: warning #69-D: integer conversion resulted in a change of sign
"../my_libs/rc522_api.c", line 291: warning #69-D: integer conversion resulted in a change of sign
"../my_libs/rc522_api.c", line 306: warning #69-D: integer conversion resulted in a change of sign
"../my_libs/rc522_api.c", line 313: warning #69-D: integer conversion resulted in a change of sign
"../my_libs/rc522_api.c", line 322: error #20: identifier "rc522_REG_T_MODE" is undefined
"../my_libs/rc522_api.c", line 323: error #20: identifier "rc522_REG_T_PRESCALER" is undefined
"../my_libs/rc522_api.c", line 324: error #20: identifier "rc522_REG_T_RELOAD_L" is undefined
"../my_libs/rc522_api.c", line 325: error #20: identifier "rc522_REG_T_RELOAD_H" is undefined
"../my_libs/rc522_api.c", line 326: error #20: identifier "rc522_REG_RF_CFG" is undefined
"../my_libs/rc522_api.c", line 327: error #20: identifier "rc522_REG_TX_AUTO" is undefined
"../my_libs/rc522_api.c", line 328: error #20: identifier "rc522_REG_MODE" is undefined
"../my_libs/rc522_api.c", line 331: warning #225-D: function "UARTStringPut" declared implicitly
"../my_libs/rc522_api.c", line 338: error #20: identifier "rc522_REG_COMMAND" is undefined
"../my_libs/rc522_api.c", line 344: error #20: identifier "rc522_REG_TX_CONTROL" is undefined
"../my_libs/rc522_api.c", line 350: error #20: identifier "rc522_REG_TX_CONTROL" is undefined
"../my_libs/rc522_api.c", line 13: warning #179-D: function "configureSPI" was declared but never referenced
"../my_libs/rc522_api.c", line 87: warning #179-D: function "rc522Compare" was declared but never referenced
"../my_libs/rc522_api.c", line 244: warning #179-D: function "rc522SelectTag" was declared but never referenced
"../my_libs/rc522_api.c", line 264: warning #179-D: function "rc522Auth" was declared but never referenced
"../my_libs/rc522_api.c", line 283: warning #179-D: function "rc522Read" was declared but never referenced
"../my_libs/rc522_api.c", line 295: warning #179-D: function "rc522Write" was declared but never referenced
"../my_libs/rc522_api.c", line 349: warning #179-D: function "rc522AntennaOff" was declared but never referenced
"../my_libs/rc522_api.c", line 66: warning #179-D: function "rc522Check" was declared but never referenced
"../my_libs/rc522_api.c", line 26: warning #179-D: function "lowCSPin" was declared but never referenced
28 errors detected in the compilation of "../my_libs/rc522_api.c".
gmake: *** [my_libs/rc522_api.obj] Error 1
Building file: "../my_libs/uart_api.c"
Invoking: Arm Compiler
"E:/Apps/ti/ccs1250/ccs/tools/compiler/ti-cgt-arm_20.2.7.LTS/bin/armcl" -mv7M4 --code_state=16 --float_support=FPv4SPD16 -me --include_path="G:/Workspace/learningMaster/TKHTNNC/allSourceCodes/miniProject/sourceCodes/miniCCSProject" --include_path="E:/Apps/ti/TivaWare_C_Series-2.2.0.295" --include_path="E:/Apps/ti/ccs1250/ccs/tools/compiler/ti-cgt-arm_20.2.7.LTS/include" --define=ccs="ccs" --define=PART_TM4C123GH6PM -g --gcc --diag_warning=225 --diag_wrap=off --display_error_number --abi=eabi --preproc_with_compile --preproc_dependency="my_libs/uart_api.d_raw" --obj_directory="my_libs"  "../my_libs/uart_api.c"
 
>> Compilation failure
my_libs/subdir_rules.mk:9: recipe for target 'my_libs/uart_api.obj' failed
"../my_libs/uart_api.c", line 26: error #148: declaration is incompatible with "void UARTStringPut(uint32_t, const char)" (declared at line 12 of "..\my_libs\uart_api.h")
1 error detected in the compilation of "../my_libs/uart_api.c".
gmake: *** [my_libs/uart_api.obj] Error 1
gmake: Target 'all' not remade because of errors.

**** Build Finished ****

**** Build of configuration Debug for project miniCCSProject ****

"E:\\Apps\\ti\\ccs1250\\ccs\\utils\\bin\\gmake" -k -j 16 all -O 
 
Building file: "../my_libs/rc522_api.c"
Invoking: Arm Compiler
"E:/Apps/ti/ccs1250/ccs/tools/compiler/ti-cgt-arm_20.2.7.LTS/bin/armcl" -mv7M4 --code_state=16 --float_support=FPv4SPD16 -me --include_path="G:/Workspace/learningMaster/TKHTNNC/allSourceCodes/miniProject/sourceCodes/miniCCSProject" --include_path="E:/Apps/ti/TivaWare_C_Series-2.2.0.295" --include_path="E:/Apps/ti/ccs1250/ccs/tools/compiler/ti-cgt-arm_20.2.7.LTS/include" --define=ccs="ccs" --define=PART_TM4C123GH6PM -g --gcc --diag_warning=225 --diag_wrap=off --display_error_number --abi=eabi --preproc_with_compile --preproc_dependency="my_libs/rc522_api.d_raw" --obj_directory="my_libs"  "../my_libs/rc522_api.c"
 
>> Compilation failure
my_libs/subdir_rules.mk:9: recipe for target 'my_libs/rc522_api.obj' failed
"../my_libs/rc522_api.c", line 11: fatal error #1965: cannot open source file "RC552_api.h"
1 catastrophic error detected in the compilation of "../my_libs/rc522_api.c".
Compilation terminated.
gmake: *** [my_libs/rc522_api.obj] Error 1
Building file: "../my_libs/uart_api.c"
Invoking: Arm Compiler
"E:/Apps/ti/ccs1250/ccs/tools/compiler/ti-cgt-arm_20.2.7.LTS/bin/armcl" -mv7M4 --code_state=16 --float_support=FPv4SPD16 -me --include_path="G:/Workspace/learningMaster/TKHTNNC/allSourceCodes/miniProject/sourceCodes/miniCCSProject" --include_path="E:/Apps/ti/TivaWare_C_Series-2.2.0.295" --include_path="E:/Apps/ti/ccs1250/ccs/tools/compiler/ti-cgt-arm_20.2.7.LTS/include" --define=ccs="ccs" --define=PART_TM4C123GH6PM -g --gcc --diag_warning=225 --diag_wrap=off --display_error_number --abi=eabi --preproc_with_compile --preproc_dependency="my_libs/uart_api.d_raw" --obj_directory="my_libs"  "../my_libs/uart_api.c"
 
>> Compilation failure
my_libs/subdir_rules.mk:9: recipe for target 'my_libs/uart_api.obj' failed
"../my_libs/uart_api.c", line 26: error #148: declaration is incompatible with "void UARTStringPut(uint32_t, const char)" (declared at line 12 of "..\my_libs\uart_api.h")
1 error detected in the compilation of "../my_libs/uart_api.c".
gmake: *** [my_libs/uart_api.obj] Error 1
gmake: Target 'all' not remade because of errors.

**** Build Finished ****

**** Build of configuration Debug for project miniCCSProject ****

"E:\\Apps\\ti\\ccs1250\\ccs\\utils\\bin\\gmake" -k -j 16 all -O 
 
Building file: "../my_libs/rc522_api.c"
Invoking: Arm Compiler
"E:/Apps/ti/ccs1250/ccs/tools/compiler/ti-cgt-arm_20.2.7.LTS/bin/armcl" -mv7M4 --code_state=16 --float_support=FPv4SPD16 -me --include_path="G:/Workspace/learningMaster/TKHTNNC/allSourceCodes/miniProject/sourceCodes/miniCCSProject" --include_path="E:/Apps/ti/TivaWare_C_Series-2.2.0.295" --include_path="E:/Apps/ti/ccs1250/ccs/tools/compiler/ti-cgt-arm_20.2.7.LTS/include" --define=ccs="ccs" --define=PART_TM4C123GH6PM -g --gcc --diag_warning=225 --diag_wrap=off --display_error_number --abi=eabi --preproc_with_compile --preproc_dependency="my_libs/rc522_api.d_raw" --obj_directory="my_libs"  "../my_libs/rc522_api.c"
 
>> Compilation failure
my_libs/subdir_rules.mk:9: recipe for target 'my_libs/rc522_api.obj' failed
"../my_libs/rc522_api.c", line 11: fatal error #1965: cannot open source file "rc552_api.h"
1 catastrophic error detected in the compilation of "../my_libs/rc522_api.c".
Compilation terminated.
gmake: *** [my_libs/rc522_api.obj] Error 1
Building file: "../my_libs/uart_api.c"
Invoking: Arm Compiler
"E:/Apps/ti/ccs1250/ccs/tools/compiler/ti-cgt-arm_20.2.7.LTS/bin/armcl" -mv7M4 --code_state=16 --float_support=FPv4SPD16 -me --include_path="G:/Workspace/learningMaster/TKHTNNC/allSourceCodes/miniProject/sourceCodes/miniCCSProject" --include_path="E:/Apps/ti/TivaWare_C_Series-2.2.0.295" --include_path="E:/Apps/ti/ccs1250/ccs/tools/compiler/ti-cgt-arm_20.2.7.LTS/include" --define=ccs="ccs" --define=PART_TM4C123GH6PM -g --gcc --diag_warning=225 --diag_wrap=off --display_error_number --abi=eabi --preproc_with_compile --preproc_dependency="my_libs/uart_api.d_raw" --obj_directory="my_libs"  "../my_libs/uart_api.c"
 
>> Compilation failure
my_libs/subdir_rules.mk:9: recipe for target 'my_libs/uart_api.obj' failed
"../my_libs/uart_api.c", line 26: error #148: declaration is incompatible with "void UARTStringPut(uint32_t, const char)" (declared at line 12 of "..\my_libs\uart_api.h")
1 error detected in the compilation of "../my_libs/uart_api.c".
gmake: *** [my_libs/uart_api.obj] Error 1
gmake: Target 'all' not remade because of errors.

**** Build Finished ****

**** Build of configuration Debug for project miniCCSProject ****

"E:\\Apps\\ti\\ccs1250\\ccs\\utils\\bin\\gmake" -k -j 16 all -O 
 
Building file: "../my_libs/rc522_api.c"
Invoking: Arm Compiler
"E:/Apps/ti/ccs1250/ccs/tools/compiler/ti-cgt-arm_20.2.7.LTS/bin/armcl" -mv7M4 --code_state=16 --float_support=FPv4SPD16 -me --include_path="G:/Workspace/learningMaster/TKHTNNC/allSourceCodes/miniProject/sourceCodes/miniCCSProject" --include_path="E:/Apps/ti/TivaWare_C_Series-2.2.0.295" --include_path="E:/Apps/ti/ccs1250/ccs/tools/compiler/ti-cgt-arm_20.2.7.LTS/include" --define=ccs="ccs" --define=PART_TM4C123GH6PM -g --gcc --diag_warning=225 --diag_wrap=off --display_error_number --abi=eabi --preproc_with_compile --preproc_dependency="my_libs/rc522_api.d_raw" --obj_directory="my_libs"  "../my_libs/rc522_api.c"
 
>> Compilation failure
my_libs/subdir_rules.mk:9: recipe for target 'my_libs/rc522_api.obj' failed
"../my_libs/rc522_api.c", line 31: warning #552-D: variable "ucAddr" was set but never used
"../my_libs/rc522_api.c", line 59: warning #551-D: variable "ret" is used before its value is set
"../my_libs/rc522_api.c", line 60: warning #225-D: function "UARTStringPut" declared implicitly
"../my_libs/rc522_api.c", line 63: warning #551-D: variable "ucValue" is used before its value is set
"../my_libs/rc522_api.c", line 54: warning #552-D: variable "ucAddr" was set but never used
"../my_libs/rc522_api.c", line 66: warning #174-D: external/internal linkage conflict with previous declaration
"../my_libs/rc522_api.c", line 68: warning #225-D: function "UARTStringPut" declared implicitly
"../my_libs/rc522_api.c", line 91: warning #69-D: integer conversion resulted in a change of sign
"../my_libs/rc522_api.c", line 108: error #20: identifier "RC552_REG_BIT_FRAMING" is undefined
"../my_libs/rc522_api.c", line 113: warning #69-D: integer conversion resulted in a change of sign
"../my_libs/rc522_api.c", line 114: warning #225-D: function "UARTStringPut" declared implicitly
"../my_libs/rc522_api.c", line 117: warning #225-D: function "UARTStringPut" declared implicitly
"../my_libs/rc522_api.c", line 122: warning #69-D: integer conversion resulted in a change of sign
"../my_libs/rc522_api.c", line 144: error #20: identifier "RC552_REG_COMM_IE_N" is undefined
"../my_libs/rc522_api.c", line 145: error #20: identifier "RC552_REG_COMM_IRQ" is undefined
"../my_libs/rc522_api.c", line 146: error #20: identifier "RC552_REG_FIFO_LEVEL" is undefined
"../my_libs/rc522_api.c", line 147: error #20: identifier "RC552_REG_COMMAND" is undefined
"../my_libs/rc522_api.c", line 151: error #20: identifier "RC552_REG_FIFO_DATA" is undefined
"../my_libs/rc522_api.c", line 156: error #20: identifier "RC552_REG_BIT_FRAMING" is undefined
"../my_libs/rc522_api.c", line 167: warning #225-D: function "UARTStringPut" declared implicitly
"../my_libs/rc522_api.c", line 172: error #20: identifier "RC552_REG_ERROR" is undefined
"../my_libs/rc522_api.c", line 176: warning #69-D: integer conversion resulted in a change of sign
"../my_libs/rc522_api.c", line 181: error #20: identifier "RC552_REG_CONTROL" is undefined
"../my_libs/rc522_api.c", line 186: error #20: identifier "RC552_MAX_LEN" is undefined
"../my_libs/rc522_api.c", line 192: warning #69-D: integer conversion resulted in a change of sign
"../my_libs/rc522_api.c", line 205: error #20: identifier "RC552_REG_BIT_FRAMING" is undefined
"../my_libs/rc522_api.c", line 214: warning #69-D: integer conversion resulted in a change of sign
"../my_libs/rc522_api.c", line 222: error #20: identifier "RC552_REG_DIV_IRQ" is undefined
"../my_libs/rc522_api.c", line 223: error #20: identifier "RC552_REG_FIFO_LEVEL" is undefined
"../my_libs/rc522_api.c", line 228: error #20: identifier "RC552_REG_FIFO_DATA" is undefined
"../my_libs/rc522_api.c", line 230: error #20: identifier "RC552_REG_COMMAND" is undefined
"../my_libs/rc522_api.c", line 240: error #20: identifier "RC552_REG_CRC_RESULT_L" is undefined
"../my_libs/rc522_api.c", line 241: error #20: identifier "RC552_REG_CRC_RESULT_M" is undefined
"../my_libs/rc522_api.c", line 278: error #20: identifier "RC552_REG_STATUS2" is undefined
"../my_libs/rc522_api.c", line 279: warning #69-D: integer conversion resulted in a change of sign
"../my_libs/rc522_api.c", line 291: warning #69-D: integer conversion resulted in a change of sign
"../my_libs/rc522_api.c", line 306: warning #69-D: integer conversion resulted in a change of sign
"../my_libs/rc522_api.c", line 313: warning #69-D: integer conversion resulted in a change of sign
"../my_libs/rc522_api.c", line 322: error #20: identifier "RC552_REG_T_MODE" is undefined
"../my_libs/rc522_api.c", line 323: error #20: identifier "RC552_REG_T_PRESCALER" is undefined
"../my_libs/rc522_api.c", line 324: error #20: identifier "RC552_REG_T_RELOAD_L" is undefined
"../my_libs/rc522_api.c", line 325: error #20: identifier "RC552_REG_T_RELOAD_H" is undefined
"../my_libs/rc522_api.c", line 326: error #20: identifier "RC552_REG_RF_CFG" is undefined
"../my_libs/rc522_api.c", line 327: error #20: identifier "RC552_REG_TX_AUTO" is undefined
"../my_libs/rc522_api.c", line 328: error #20: identifier "RC552_REG_MODE" is undefined
"../my_libs/rc522_api.c", line 331: warning #225-D: function "UARTStringPut" declared implicitly
"../my_libs/rc522_api.c", line 338: error #20: identifier "RC552_REG_COMMAND" is undefined
"../my_libs/rc522_api.c", line 344: error #20: identifier "RC552_REG_TX_CONTROL" is undefined
"../my_libs/rc522_api.c", line 350: error #20: identifier "RC552_REG_TX_CONTROL" is undefined
"../my_libs/rc522_api.c", line 13: warning #179-D: function "configureSPI" was declared but never referenced
"../my_libs/rc522_api.c", line 87: warning #179-D: function "rc522Compare" was declared but never referenced
"../my_libs/rc522_api.c", line 244: warning #179-D: function "rc522SelectTag" was declared but never referenced
"../my_libs/rc522_api.c", line 264: warning #179-D: function "rc522Auth" was declared but never referenced
"../my_libs/rc522_api.c", line 283: warning #179-D: function "rc522Read" was declared but never referenced
"../my_libs/rc522_api.c", line 295: warning #179-D: function "rc522Write" was declared but never referenced
"../my_libs/rc522_api.c", line 349: warning #179-D: function "rc522AntennaOff" was declared but never referenced
"../my_libs/rc522_api.c", line 66: warning #179-D: function "rc522Check" was declared but never referenced
"../my_libs/rc522_api.c", line 26: warning #179-D: function "lowCSPin" was declared but never referenced
28 errors detected in the compilation of "../my_libs/rc522_api.c".
gmake: *** [my_libs/rc522_api.obj] Error 1
Building file: "../my_libs/uart_api.c"
Invoking: Arm Compiler
"E:/Apps/ti/ccs1250/ccs/tools/compiler/ti-cgt-arm_20.2.7.LTS/bin/armcl" -mv7M4 --code_state=16 --float_support=FPv4SPD16 -me --include_path="G:/Workspace/learningMaster/TKHTNNC/allSourceCodes/miniProject/sourceCodes/miniCCSProject" --include_path="E:/Apps/ti/TivaWare_C_Series-2.2.0.295" --include_path="E:/Apps/ti/ccs1250/ccs/tools/compiler/ti-cgt-arm_20.2.7.LTS/include" --define=ccs="ccs" --define=PART_TM4C123GH6PM -g --gcc --diag_warning=225 --diag_wrap=off --display_error_number --abi=eabi --preproc_with_compile --preproc_dependency="my_libs/uart_api.d_raw" --obj_directory="my_libs"  "../my_libs/uart_api.c"
 
>> Compilation failure
my_libs/subdir_rules.mk:9: recipe for target 'my_libs/uart_api.obj' failed
"../my_libs/uart_api.c", line 26: error #148: declaration is incompatible with "void UARTStringPut(uint32_t, const char)" (declared at line 12 of "..\my_libs\uart_api.h")
1 error detected in the compilation of "../my_libs/uart_api.c".
gmake: *** [my_libs/uart_api.obj] Error 1
gmake: Target 'all' not remade because of errors.

**** Build Finished ****

**** Build of configuration Debug for project miniCCSProject ****

"E:\\Apps\\ti\\ccs1250\\ccs\\utils\\bin\\gmake" -k -j 16 all -O 
 
Building file: "../my_libs/rc522_api.c"
Invoking: Arm Compiler
"E:/Apps/ti/ccs1250/ccs/tools/compiler/ti-cgt-arm_20.2.7.LTS/bin/armcl" -mv7M4 --code_state=16 --float_support=FPv4SPD16 -me --include_path="G:/Workspace/learningMaster/TKHTNNC/allSourceCodes/miniProject/sourceCodes/miniCCSProject" --include_path="E:/Apps/ti/TivaWare_C_Series-2.2.0.295" --include_path="E:/Apps/ti/ccs1250/ccs/tools/compiler/ti-cgt-arm_20.2.7.LTS/include" --define=ccs="ccs" --define=PART_TM4C123GH6PM -g --gcc --diag_warning=225 --diag_wrap=off --display_error_number --abi=eabi --preproc_with_compile --preproc_dependency="my_libs/rc522_api.d_raw" --obj_directory="my_libs"  "../my_libs/rc522_api.c"
 
>> Compilation failure
my_libs/subdir_rules.mk:9: recipe for target 'my_libs/rc522_api.obj' failed
"../my_libs/rc522_api.c", line 31: warning #552-D: variable "ucAddr" was set but never used
"../my_libs/rc522_api.c", line 59: warning #551-D: variable "ret" is used before its value is set
"../my_libs/rc522_api.c", line 60: warning #225-D: function "UARTStringPut" declared implicitly
"../my_libs/rc522_api.c", line 63: warning #551-D: variable "ucValue" is used before its value is set
"../my_libs/rc522_api.c", line 54: warning #552-D: variable "ucAddr" was set but never used
"../my_libs/rc522_api.c", line 66: warning #174-D: external/internal linkage conflict with previous declaration
"../my_libs/rc522_api.c", line 68: warning #225-D: function "UARTStringPut" declared implicitly
"../my_libs/rc522_api.c", line 91: warning #69-D: integer conversion resulted in a change of sign
"../my_libs/rc522_api.c", line 113: warning #69-D: integer conversion resulted in a change of sign
"../my_libs/rc522_api.c", line 114: warning #225-D: function "UARTStringPut" declared implicitly
"../my_libs/rc522_api.c", line 117: warning #225-D: function "UARTStringPut" declared implicitly
"../my_libs/rc522_api.c", line 122: warning #69-D: integer conversion resulted in a change of sign
"../my_libs/rc522_api.c", line 144: error #20: identifier "RC552_REG_COMM_IE_N" is undefined
"../my_libs/rc522_api.c", line 145: error #20: identifier "RC552_REG_COMM_IRQ" is undefined
"../my_libs/rc522_api.c", line 146: error #20: identifier "RC552_REG_FIFO_LEVEL" is undefined
"../my_libs/rc522_api.c", line 147: error #20: identifier "RC552_REG_COMMAND" is undefined
"../my_libs/rc522_api.c", line 151: error #20: identifier "RC552_REG_FIFO_DATA" is undefined
"../my_libs/rc522_api.c", line 156: error #20: identifier "RC552_REG_BIT_FRAMING" is undefined
"../my_libs/rc522_api.c", line 167: warning #225-D: function "UARTStringPut" declared implicitly
"../my_libs/rc522_api.c", line 172: error #20: identifier "RC552_REG_ERROR" is undefined
"../my_libs/rc522_api.c", line 176: warning #69-D: integer conversion resulted in a change of sign
"../my_libs/rc522_api.c", line 181: error #20: identifier "RC552_REG_CONTROL" is undefined
"../my_libs/rc522_api.c", line 186: error #20: identifier "RC552_MAX_LEN" is undefined
"../my_libs/rc522_api.c", line 192: warning #69-D: integer conversion resulted in a change of sign
"../my_libs/rc522_api.c", line 205: error #20: identifier "RC552_REG_BIT_FRAMING" is undefined
"../my_libs/rc522_api.c", line 214: warning #69-D: integer conversion resulted in a change of sign
"../my_libs/rc522_api.c", line 222: error #20: identifier "RC552_REG_DIV_IRQ" is undefined
"../my_libs/rc522_api.c", line 223: error #20: identifier "RC552_REG_FIFO_LEVEL" is undefined
"../my_libs/rc522_api.c", line 228: error #20: identifier "RC552_REG_FIFO_DATA" is undefined
"../my_libs/rc522_api.c", line 230: error #20: identifier "RC552_REG_COMMAND" is undefined
"../my_libs/rc522_api.c", line 240: error #20: identifier "RC552_REG_CRC_RESULT_L" is undefined
"../my_libs/rc522_api.c", line 241: error #20: identifier "RC552_REG_CRC_RESULT_M" is undefined
"../my_libs/rc522_api.c", line 278: error #20: identifier "RC552_REG_STATUS2" is undefined
"../my_libs/rc522_api.c", line 279: warning #69-D: integer conversion resulted in a change of sign
"../my_libs/rc522_api.c", line 291: warning #69-D: integer conversion resulted in a change of sign
"../my_libs/rc522_api.c", line 306: warning #69-D: integer conversion resulted in a change of sign
"../my_libs/rc522_api.c", line 313: warning #69-D: integer conversion resulted in a change of sign
"../my_libs/rc522_api.c", line 322: error #20: identifier "RC552_REG_T_MODE" is undefined
"../my_libs/rc522_api.c", line 323: error #20: identifier "RC552_REG_T_PRESCALER" is undefined
"../my_libs/rc522_api.c", line 324: error #20: identifier "RC552_REG_T_RELOAD_L" is undefined
"../my_libs/rc522_api.c", line 325: error #20: identifier "RC552_REG_T_RELOAD_H" is undefined
"../my_libs/rc522_api.c", line 326: error #20: identifier "RC552_REG_RF_CFG" is undefined
"../my_libs/rc522_api.c", line 327: error #20: identifier "RC552_REG_TX_AUTO" is undefined
"../my_libs/rc522_api.c", line 328: error #20: identifier "RC552_REG_MODE" is undefined
"../my_libs/rc522_api.c", line 331: warning #225-D: function "UARTStringPut" declared implicitly
"../my_libs/rc522_api.c", line 338: error #20: identifier "RC552_REG_COMMAND" is undefined
"../my_libs/rc522_api.c", line 344: error #20: identifier "RC552_REG_TX_CONTROL" is undefined
"../my_libs/rc522_api.c", line 350: error #20: identifier "RC552_REG_TX_CONTROL" is undefined
"../my_libs/rc522_api.c", line 13: warning #179-D: function "configureSPI" was declared but never referenced
"../my_libs/rc522_api.c", line 87: warning #179-D: function "rc522Compare" was declared but never referenced
"../my_libs/rc522_api.c", line 244: warning #179-D: function "rc522SelectTag" was declared but never referenced
"../my_libs/rc522_api.c", line 264: warning #179-D: function "rc522Auth" was declared but never referenced
"../my_libs/rc522_api.c", line 283: warning #179-D: function "rc522Read" was declared but never referenced
"../my_libs/rc522_api.c", line 295: warning #179-D: function "rc522Write" was declared but never referenced
"../my_libs/rc522_api.c", line 349: warning #179-D: function "rc522AntennaOff" was declared but never referenced
"../my_libs/rc522_api.c", line 66: warning #179-D: function "rc522Check" was declared but never referenced
"../my_libs/rc522_api.c", line 26: warning #179-D: function "lowCSPin" was declared but never referenced
27 errors detected in the compilation of "../my_libs/rc522_api.c".
gmake: *** [my_libs/rc522_api.obj] Error 1
Building file: "../my_libs/uart_api.c"
Invoking: Arm Compiler
"E:/Apps/ti/ccs1250/ccs/tools/compiler/ti-cgt-arm_20.2.7.LTS/bin/armcl" -mv7M4 --code_state=16 --float_support=FPv4SPD16 -me --include_path="G:/Workspace/learningMaster/TKHTNNC/allSourceCodes/miniProject/sourceCodes/miniCCSProject" --include_path="E:/Apps/ti/TivaWare_C_Series-2.2.0.295" --include_path="E:/Apps/ti/ccs1250/ccs/tools/compiler/ti-cgt-arm_20.2.7.LTS/include" --define=ccs="ccs" --define=PART_TM4C123GH6PM -g --gcc --diag_warning=225 --diag_wrap=off --display_error_number --abi=eabi --preproc_with_compile --preproc_dependency="my_libs/uart_api.d_raw" --obj_directory="my_libs"  "../my_libs/uart_api.c"
 
>> Compilation failure
my_libs/subdir_rules.mk:9: recipe for target 'my_libs/uart_api.obj' failed
"../my_libs/uart_api.c", line 26: error #148: declaration is incompatible with "void UARTStringPut(uint32_t, const char)" (declared at line 12 of "..\my_libs\uart_api.h")
1 error detected in the compilation of "../my_libs/uart_api.c".
gmake: *** [my_libs/uart_api.obj] Error 1
gmake: Target 'all' not remade because of errors.

**** Build Finished ****

**** Build of configuration Debug for project miniCCSProject ****

"E:\\Apps\\ti\\ccs1250\\ccs\\utils\\bin\\gmake" -k -j 16 all -O 
 
Building file: "../my_libs/rc522_api.c"
Invoking: Arm Compiler
"E:/Apps/ti/ccs1250/ccs/tools/compiler/ti-cgt-arm_20.2.7.LTS/bin/armcl" -mv7M4 --code_state=16 --float_support=FPv4SPD16 -me --include_path="G:/Workspace/learningMaster/TKHTNNC/allSourceCodes/miniProject/sourceCodes/miniCCSProject" --include_path="E:/Apps/ti/TivaWare_C_Series-2.2.0.295" --include_path="E:/Apps/ti/ccs1250/ccs/tools/compiler/ti-cgt-arm_20.2.7.LTS/include" --define=ccs="ccs" --define=PART_TM4C123GH6PM -g --gcc --diag_warning=225 --diag_wrap=off --display_error_number --abi=eabi --preproc_with_compile --preproc_dependency="my_libs/rc522_api.d_raw" --obj_directory="my_libs"  "../my_libs/rc522_api.c"
 
>> Compilation failure
my_libs/subdir_rules.mk:9: recipe for target 'my_libs/rc522_api.obj' failed
"../my_libs/rc522_api.c", line 31: warning #552-D: variable "ucAddr" was set but never used
"../my_libs/rc522_api.c", line 59: warning #551-D: variable "ret" is used before its value is set
"../my_libs/rc522_api.c", line 60: warning #225-D: function "UARTStringPut" declared implicitly
"../my_libs/rc522_api.c", line 63: warning #551-D: variable "ucValue" is used before its value is set
"../my_libs/rc522_api.c", line 54: warning #552-D: variable "ucAddr" was set but never used
"../my_libs/rc522_api.c", line 66: warning #174-D: external/internal linkage conflict with previous declaration
"../my_libs/rc522_api.c", line 68: warning #225-D: function "UARTStringPut" declared implicitly
"../my_libs/rc522_api.c", line 91: warning #69-D: integer conversion resulted in a change of sign
"../my_libs/rc522_api.c", line 108: error #20: identifier "rc522_REG_BIT_FRAMING" is undefined
"../my_libs/rc522_api.c", line 113: warning #69-D: integer conversion resulted in a change of sign
"../my_libs/rc522_api.c", line 114: warning #225-D: function "UARTStringPut" declared implicitly
"../my_libs/rc522_api.c", line 117: warning #225-D: function "UARTStringPut" declared implicitly
"../my_libs/rc522_api.c", line 122: warning #69-D: integer conversion resulted in a change of sign
"../my_libs/rc522_api.c", line 144: error #20: identifier "rc522_REG_COMM_IE_N" is undefined
"../my_libs/rc522_api.c", line 145: error #20: identifier "rc522_REG_COMM_IRQ" is undefined
"../my_libs/rc522_api.c", line 146: error #20: identifier "rc522_REG_FIFO_LEVEL" is undefined
"../my_libs/rc522_api.c", line 147: error #20: identifier "rc522_REG_COMMAND" is undefined
"../my_libs/rc522_api.c", line 151: error #20: identifier "rc522_REG_FIFO_DATA" is undefined
"../my_libs/rc522_api.c", line 156: error #20: identifier "rc522_REG_BIT_FRAMING" is undefined
"../my_libs/rc522_api.c", line 167: warning #225-D: function "UARTStringPut" declared implicitly
"../my_libs/rc522_api.c", line 172: error #20: identifier "rc522_REG_ERROR" is undefined
"../my_libs/rc522_api.c", line 176: warning #69-D: integer conversion resulted in a change of sign
"../my_libs/rc522_api.c", line 181: error #20: identifier "rc522_REG_CONTROL" is undefined
"../my_libs/rc522_api.c", line 186: error #20: identifier "rc522_MAX_LEN" is undefined
"../my_libs/rc522_api.c", line 192: warning #69-D: integer conversion resulted in a change of sign
"../my_libs/rc522_api.c", line 205: error #20: identifier "rc522_REG_BIT_FRAMING" is undefined
"../my_libs/rc522_api.c", line 214: warning #69-D: integer conversion resulted in a change of sign
"../my_libs/rc522_api.c", line 228: error #20: identifier "rc522_REG_FIFO_DATA" is undefined
"../my_libs/rc522_api.c", line 230: error #20: identifier "rc522_REG_COMMAND" is undefined
"../my_libs/rc522_api.c", line 235: error #20: identifier "rc522_REG_DIV_IRQ" is undefined
"../my_libs/rc522_api.c", line 278: error #20: identifier "rc522_REG_STATUS2" is undefined
"../my_libs/rc522_api.c", line 279: warning #69-D: integer conversion resulted in a change of sign
"../my_libs/rc522_api.c", line 291: warning #69-D: integer conversion resulted in a change of sign
"../my_libs/rc522_api.c", line 306: warning #69-D: integer conversion resulted in a change of sign
"../my_libs/rc522_api.c", line 313: warning #69-D: integer conversion resulted in a change of sign
"../my_libs/rc522_api.c", line 329: error #20: identifier "rc522_REG_T_RELOAD_L" is undefined
"../my_libs/rc522_api.c", line 331: warning #225-D: function "UARTStringPut" declared implicitly
"../my_libs/rc522_api.c", line 338: error #20: identifier "rc522_REG_COMMAND" is undefined
"../my_libs/rc522_api.c", line 346: error #20: identifier "rc522_REG_TX_CONTROL" is undefined
"../my_libs/rc522_api.c", line 13: warning #179-D: function "configureSPI" was declared but never referenced
"../my_libs/rc522_api.c", line 87: warning #179-D: function "rc522Compare" was declared but never referenced
"../my_libs/rc522_api.c", line 244: warning #179-D: function "rc522SelectTag" was declared but never referenced
"../my_libs/rc522_api.c", line 264: warning #179-D: function "rc522Auth" was declared but never referenced
"../my_libs/rc522_api.c", line 283: warning #179-D: function "rc522Read" was declared but never referenced
"../my_libs/rc522_api.c", line 295: warning #179-D: function "rc522Write" was declared but never referenced
"../my_libs/rc522_api.c", line 349: warning #179-D: function "rc522AntennaOff" was declared but never referenced
"../my_libs/rc522_api.c", line 66: warning #179-D: function "rc522Check" was declared but never referenced
"../my_libs/rc522_api.c", line 26: warning #179-D: function "lowCSPin" was declared but never referenced
18 errors detected in the compilation of "../my_libs/rc522_api.c".
gmake: *** [my_libs/rc522_api.obj] Error 1
Building file: "../my_libs/uart_api.c"
Invoking: Arm Compiler
"E:/Apps/ti/ccs1250/ccs/tools/compiler/ti-cgt-arm_20.2.7.LTS/bin/armcl" -mv7M4 --code_state=16 --float_support=FPv4SPD16 -me --include_path="G:/Workspace/learningMaster/TKHTNNC/allSourceCodes/miniProject/sourceCodes/miniCCSProject" --include_path="E:/Apps/ti/TivaWare_C_Series-2.2.0.295" --include_path="E:/Apps/ti/ccs1250/ccs/tools/compiler/ti-cgt-arm_20.2.7.LTS/include" --define=ccs="ccs" --define=PART_TM4C123GH6PM -g --gcc --diag_warning=225 --diag_wrap=off --display_error_number --abi=eabi --preproc_with_compile --preproc_dependency="my_libs/uart_api.d_raw" --obj_directory="my_libs"  "../my_libs/uart_api.c"
 
>> Compilation failure
my_libs/subdir_rules.mk:9: recipe for target 'my_libs/uart_api.obj' failed
"../my_libs/uart_api.c", line 26: error #148: declaration is incompatible with "void UARTStringPut(uint32_t, const char)" (declared at line 12 of "..\my_libs\uart_api.h")
1 error detected in the compilation of "../my_libs/uart_api.c".
gmake: *** [my_libs/uart_api.obj] Error 1
gmake: Target 'all' not remade because of errors.

**** Build Finished ****

**** Build of configuration Debug for project miniCCSProject ****

"E:\\Apps\\ti\\ccs1250\\ccs\\utils\\bin\\gmake" -k -j 16 all -O 
 
Building file: "../my_libs/uart_api.c"
Invoking: Arm Compiler
"E:/Apps/ti/ccs1250/ccs/tools/compiler/ti-cgt-arm_20.2.7.LTS/bin/armcl" -mv7M4 --code_state=16 --float_support=FPv4SPD16 -me --include_path="G:/Workspace/learningMaster/TKHTNNC/allSourceCodes/miniProject/sourceCodes/miniCCSProject" --include_path="E:/Apps/ti/TivaWare_C_Series-2.2.0.295" --include_path="E:/Apps/ti/ccs1250/ccs/tools/compiler/ti-cgt-arm_20.2.7.LTS/include" --define=ccs="ccs" --define=PART_TM4C123GH6PM -g --gcc --diag_warning=225 --diag_wrap=off --display_error_number --abi=eabi --preproc_with_compile --preproc_dependency="my_libs/uart_api.d_raw" --obj_directory="my_libs"  "../my_libs/uart_api.c"
 
>> Compilation failure
my_libs/subdir_rules.mk:9: recipe for target 'my_libs/uart_api.obj' failed
"../my_libs/uart_api.c", line 26: error #148: declaration is incompatible with "void UARTStringPut(uint32_t, const char)" (declared at line 12 of "..\my_libs\uart_api.h")
1 error detected in the compilation of "../my_libs/uart_api.c".
gmake: *** [my_libs/uart_api.obj] Error 1
Building file: "../my_libs/rc522_api.c"
Invoking: Arm Compiler
"E:/Apps/ti/ccs1250/ccs/tools/compiler/ti-cgt-arm_20.2.7.LTS/bin/armcl" -mv7M4 --code_state=16 --float_support=FPv4SPD16 -me --include_path="G:/Workspace/learningMaster/TKHTNNC/allSourceCodes/miniProject/sourceCodes/miniCCSProject" --include_path="E:/Apps/ti/TivaWare_C_Series-2.2.0.295" --include_path="E:/Apps/ti/ccs1250/ccs/tools/compiler/ti-cgt-arm_20.2.7.LTS/include" --define=ccs="ccs" --define=PART_TM4C123GH6PM -g --gcc --diag_warning=225 --diag_wrap=off --display_error_number --abi=eabi --preproc_with_compile --preproc_dependency="my_libs/rc522_api.d_raw" --obj_directory="my_libs"  "../my_libs/rc522_api.c"
"../my_libs/rc522_api.c", line 31: warning #552-D: variable "ucAddr" was set but never used
"../my_libs/rc522_api.c", line 59: warning #551-D: variable "ret" is used before its value is set
"../my_libs/rc522_api.c", line 60: warning #225-D: function "UARTStringPut" declared implicitly
"../my_libs/rc522_api.c", line 63: warning #551-D: variable "ucValue" is used before its value is set
"../my_libs/rc522_api.c", line 54: warning #552-D: variable "ucAddr" was set but never used
"../my_libs/rc522_api.c", line 66: warning #174-D: external/internal linkage conflict with previous declaration
"../my_libs/rc522_api.c", line 68: warning #225-D: function "UARTStringPut" declared implicitly
"../my_libs/rc522_api.c", line 91: warning #69-D: integer conversion resulted in a change of sign
"../my_libs/rc522_api.c", line 113: warning #69-D: integer conversion resulted in a change of sign
"../my_libs/rc522_api.c", line 114: warning #225-D: function "UARTStringPut" declared implicitly
"../my_libs/rc522_api.c", line 117: warning #225-D: function "UARTStringPut" declared implicitly
"../my_libs/rc522_api.c", line 122: warning #69-D: integer conversion resulted in a change of sign
"../my_libs/rc522_api.c", line 167: warning #225-D: function "UARTStringPut" declared implicitly
"../my_libs/rc522_api.c", line 176: warning #69-D: integer conversion resulted in a change of sign
"../my_libs/rc522_api.c", line 192: warning #69-D: integer conversion resulted in a change of sign
"../my_libs/rc522_api.c", line 214: warning #69-D: integer conversion resulted in a change of sign
"../my_libs/rc522_api.c", line 279: warning #69-D: integer conversion resulted in a change of sign
"../my_libs/rc522_api.c", line 291: warning #69-D: integer conversion resulted in a change of sign
"../my_libs/rc522_api.c", line 306: warning #69-D: integer conversion resulted in a change of sign
"../my_libs/rc522_api.c", line 313: warning #69-D: integer conversion resulted in a change of sign
"../my_libs/rc522_api.c", line 331: warning #225-D: function "UARTStringPut" declared implicitly
"../my_libs/rc522_api.c", line 13: warning #179-D: function "configureSPI" was declared but never referenced
"../my_libs/rc522_api.c", line 87: warning #179-D: function "rc522Compare" was declared but never referenced
"../my_libs/rc522_api.c", line 244: warning #179-D: function "rc522SelectTag" was declared but never referenced
"../my_libs/rc522_api.c", line 264: warning #179-D: function "rc522Auth" was declared but never referenced
"../my_libs/rc522_api.c", line 283: warning #179-D: function "rc522Read" was declared but never referenced
"../my_libs/rc522_api.c", line 295: warning #179-D: function "rc522Write" was declared but never referenced
"../my_libs/rc522_api.c", line 349: warning #179-D: function "rc522AntennaOff" was declared but never referenced
"../my_libs/rc522_api.c", line 66: warning #179-D: function "rc522Check" was declared but never referenced
"../my_libs/rc522_api.c", line 26: warning #179-D: function "lowCSPin" was declared but never referenced
Finished building: "../my_libs/rc522_api.c"
 
gmake: Target 'all' not remade because of errors.

**** Build Finished ****

**** Build of configuration Debug for project miniCCSProject ****

"E:\\Apps\\ti\\ccs1250\\ccs\\utils\\bin\\gmake" -k -j 16 all -O 
 
Building file: "../my_libs/uart_api.c"
Invoking: Arm Compiler
"E:/Apps/ti/ccs1250/ccs/tools/compiler/ti-cgt-arm_20.2.7.LTS/bin/armcl" -mv7M4 --code_state=16 --float_support=FPv4SPD16 -me --include_path="G:/Workspace/learningMaster/TKHTNNC/allSourceCodes/miniProject/sourceCodes/miniCCSProject" --include_path="E:/Apps/ti/TivaWare_C_Series-2.2.0.295" --include_path="E:/Apps/ti/ccs1250/ccs/tools/compiler/ti-cgt-arm_20.2.7.LTS/include" --define=ccs="ccs" --define=PART_TM4C123GH6PM -g --gcc --diag_warning=225 --diag_wrap=off --display_error_number --abi=eabi --preproc_with_compile --preproc_dependency="my_libs/uart_api.d_raw" --obj_directory="my_libs"  "../my_libs/uart_api.c"
Finished building: "../my_libs/uart_api.c"
 
Building target: "miniCCSProject.out"
Invoking: Arm Linker
"E:/Apps/ti/ccs1250/ccs/tools/compiler/ti-cgt-arm_20.2.7.LTS/bin/armcl" -mv7M4 --code_state=16 --float_support=FPv4SPD16 -me --define=ccs="ccs" --define=PART_TM4C123GH6PM -g --gcc --diag_warning=225 --diag_wrap=off --display_error_number --abi=eabi -z -m"miniCCSProject.map" --heap_size=0 --stack_size=512 -i"E:/Apps/ti/ccs1250/ccs/tools/compiler/ti-cgt-arm_20.2.7.LTS/lib" -i"E:/Apps/ti/ccs1250/ccs/tools/compiler/ti-cgt-arm_20.2.7.LTS/include" --reread_libs --diag_wrap=off --display_error_number --warn_sections --xml_link_info="miniCCSProject_linkInfo.xml" --rom_model -o "miniCCSProject.out" "./main.obj" "./tm4c123gh6pm_startup_ccs.obj" "./my_libs/rc522_api.obj" "./my_libs/uart_api.obj" "E:/Apps/ti/TivaWare_C_Series-2.2.0.295/driverlib/ccs/Debug/driverlib.lib" "../tm4c123gh6pm.cmd"  -llibc.a 
<Linking>
 
 undefined    first referenced
  symbol          in file     
 ---------    ----------------
 configureSPI ./main.obj      
 
error #10234-D: unresolved symbols remain
error #10010: errors encountered during linking; "miniCCSProject.out" not built
 
>> Compilation failure
makefile:141: recipe for target 'miniCCSProject.out' failed
gmake[1]: *** [miniCCSProject.out] Error 1
makefile:137: recipe for target 'all' failed
gmake: *** [all] Error 2

**** Build Finished ****

**** Build of configuration Debug for project miniCCSProject ****

"E:\\Apps\\ti\\ccs1250\\ccs\\utils\\bin\\gmake" -k -j 16 all -O 
 
Building file: "../main.c"
Invoking: Arm Compiler
"E:/Apps/ti/ccs1250/ccs/tools/compiler/ti-cgt-arm_20.2.7.LTS/bin/armcl" -mv7M4 --code_state=16 --float_support=FPv4SPD16 -me --include_path="G:/Workspace/learningMaster/TKHTNNC/allSourceCodes/miniProject/sourceCodes/miniCCSProject" --include_path="E:/Apps/ti/TivaWare_C_Series-2.2.0.295" --include_path="E:/Apps/ti/ccs1250/ccs/tools/compiler/ti-cgt-arm_20.2.7.LTS/include" --define=ccs="ccs" --define=PART_TM4C123GH6PM -g --gcc --diag_warning=225 --diag_wrap=off --display_error_number --abi=eabi --preproc_with_compile --preproc_dependency="main.d_raw"  "../main.c"
Finished building: "../main.c"
 
Building target: "miniCCSProject.out"
Invoking: Arm Linker
"E:/Apps/ti/ccs1250/ccs/tools/compiler/ti-cgt-arm_20.2.7.LTS/bin/armcl" -mv7M4 --code_state=16 --float_support=FPv4SPD16 -me --define=ccs="ccs" --define=PART_TM4C123GH6PM -g --gcc --diag_warning=225 --diag_wrap=off --display_error_number --abi=eabi -z -m"miniCCSProject.map" --heap_size=0 --stack_size=512 -i"E:/Apps/ti/ccs1250/ccs/tools/compiler/ti-cgt-arm_20.2.7.LTS/lib" -i"E:/Apps/ti/ccs1250/ccs/tools/compiler/ti-cgt-arm_20.2.7.LTS/include" --reread_libs --diag_wrap=off --display_error_number --warn_sections --xml_link_info="miniCCSProject_linkInfo.xml" --rom_model -o "miniCCSProject.out" "./main.obj" "./tm4c123gh6pm_startup_ccs.obj" "./my_libs/rc522_api.obj" "./my_libs/uart_api.obj" "E:/Apps/ti/TivaWare_C_Series-2.2.0.295/driverlib/ccs/Debug/driverlib.lib" "../tm4c123gh6pm.cmd"  -llibc.a 
<Linking>
Finished building target: "miniCCSProject.out"
 

**** Build Finished ****

**** Build of configuration Debug for project miniCCSProject ****

"E:\\Apps\\ti\\ccs1250\\ccs\\utils\\bin\\gmake" -k -j 16 all -O 
 
Building file: "../main.c"
Invoking: Arm Compiler
"E:/Apps/ti/ccs1250/ccs/tools/compiler/ti-cgt-arm_20.2.7.LTS/bin/armcl" -mv7M4 --code_state=16 --float_support=FPv4SPD16 -me --include_path="G:/Workspace/learningMaster/TKHTNNC/allSourceCodes/miniProject/sourceCodes/miniCCSProject" --include_path="E:/Apps/ti/TivaWare_C_Series-2.2.0.295" --include_path="E:/Apps/ti/ccs1250/ccs/tools/compiler/ti-cgt-arm_20.2.7.LTS/include" --define=ccs="ccs" --define=PART_TM4C123GH6PM -g --gcc --diag_warning=225 --diag_wrap=off --display_error_number --abi=eabi --preproc_with_compile --preproc_dependency="main.d_raw"  "../main.c"
Finished building: "../main.c"
 
Building target: "miniCCSProject.out"
Invoking: Arm Linker
"E:/Apps/ti/ccs1250/ccs/tools/compiler/ti-cgt-arm_20.2.7.LTS/bin/armcl" -mv7M4 --code_state=16 --float_support=FPv4SPD16 -me --define=ccs="ccs" --define=PART_TM4C123GH6PM -g --gcc --diag_warning=225 --diag_wrap=off --display_error_number --abi=eabi -z -m"miniCCSProject.map" --heap_size=0 --stack_size=512 -i"E:/Apps/ti/ccs1250/ccs/tools/compiler/ti-cgt-arm_20.2.7.LTS/lib" -i"E:/Apps/ti/ccs1250/ccs/tools/compiler/ti-cgt-arm_20.2.7.LTS/include" --reread_libs --diag_wrap=off --display_error_number --warn_sections --xml_link_info="miniCCSProject_linkInfo.xml" --rom_model -o "miniCCSProject.out" "./main.obj" "./tm4c123gh6pm_startup_ccs.obj" "./my_libs/rc522_api.obj" "./my_libs/uart_api.obj" "E:/Apps/ti/TivaWare_C_Series-2.2.0.295/driverlib/ccs/Debug/driverlib.lib" "../tm4c123gh6pm.cmd"  -llibc.a 
<Linking>
Finished building target: "miniCCSProject.out"
 

**** Build Finished ****

**** Build of configuration Debug for project miniCCSProject ****

"E:\\Apps\\ti\\ccs1250\\ccs\\utils\\bin\\gmake" -k -j 16 all -O 
 
Building file: "../main.c"
Invoking: Arm Compiler
"E:/Apps/ti/ccs1250/ccs/tools/compiler/ti-cgt-arm_20.2.7.LTS/bin/armcl" -mv7M4 --code_state=16 --float_support=FPv4SPD16 -me --include_path="G:/Workspace/learningMaster/TKHTNNC/allSourceCodes/miniProject/sourceCodes/miniCCSProject" --include_path="E:/Apps/ti/TivaWare_C_Series-2.2.0.295" --include_path="E:/Apps/ti/ccs1250/ccs/tools/compiler/ti-cgt-arm_20.2.7.LTS/include" --define=ccs="ccs" --define=PART_TM4C123GH6PM -g --gcc --diag_warning=225 --diag_wrap=off --display_error_number --abi=eabi --preproc_with_compile --preproc_dependency="main.d_raw"  "../main.c"
"..\my_libs/rc522_api.h", line 115: warning #2120-D: static function "configureSPI" treated as extern because it was referenced but not defined
Finished building: "../main.c"
 
Building target: "miniCCSProject.out"
Invoking: Arm Linker
"E:/Apps/ti/ccs1250/ccs/tools/compiler/ti-cgt-arm_20.2.7.LTS/bin/armcl" -mv7M4 --code_state=16 --float_support=FPv4SPD16 -me --define=ccs="ccs" --define=PART_TM4C123GH6PM -g --gcc --diag_warning=225 --diag_wrap=off --display_error_number --abi=eabi -z -m"miniCCSProject.map" --heap_size=0 --stack_size=512 -i"E:/Apps/ti/ccs1250/ccs/tools/compiler/ti-cgt-arm_20.2.7.LTS/lib" -i"E:/Apps/ti/ccs1250/ccs/tools/compiler/ti-cgt-arm_20.2.7.LTS/include" --reread_libs --diag_wrap=off --display_error_number --warn_sections --xml_link_info="miniCCSProject_linkInfo.xml" --rom_model -o "miniCCSProject.out" "./main.obj" "./tm4c123gh6pm_startup_ccs.obj" "./my_libs/rc522_api.obj" "./my_libs/uart_api.obj" "E:/Apps/ti/TivaWare_C_Series-2.2.0.295/driverlib/ccs/Debug/driverlib.lib" "../tm4c123gh6pm.cmd"  -llibc.a 
<Linking>
 
 undefined    first referenced
  symbol          in file     
 ---------    ----------------
 configureSPI ./main.obj      
 
error #10234-D: unresolved symbols remain
error #10010: errors encountered during linking; "miniCCSProject.out" not built
 
>> Compilation failure
makefile:141: recipe for target 'miniCCSProject.out' failed
gmake[1]: *** [miniCCSProject.out] Error 1
makefile:137: recipe for target 'all' failed
gmake: *** [all] Error 2

**** Build Finished ****

**** Build of configuration Debug for project miniCCSProject ****

"E:\\Apps\\ti\\ccs1250\\ccs\\utils\\bin\\gmake" -k -j 16 all -O 
 
Building file: "../main.c"
Invoking: Arm Compiler
"E:/Apps/ti/ccs1250/ccs/tools/compiler/ti-cgt-arm_20.2.7.LTS/bin/armcl" -mv7M4 --code_state=16 --float_support=FPv4SPD16 -me --include_path="G:/Workspace/learningMaster/TKHTNNC/allSourceCodes/miniProject/sourceCodes/miniCCSProject" --include_path="E:/Apps/ti/TivaWare_C_Series-2.2.0.295" --include_path="E:/Apps/ti/ccs1250/ccs/tools/compiler/ti-cgt-arm_20.2.7.LTS/include" --define=ccs="ccs" --define=PART_TM4C123GH6PM -g --gcc --diag_warning=225 --diag_wrap=off --display_error_number --abi=eabi --preproc_with_compile --preproc_dependency="main.d_raw"  "../main.c"
Finished building: "../main.c"
 
Building file: "../my_libs/rc522_api.c"
Invoking: Arm Compiler
"E:/Apps/ti/ccs1250/ccs/tools/compiler/ti-cgt-arm_20.2.7.LTS/bin/armcl" -mv7M4 --code_state=16 --float_support=FPv4SPD16 -me --include_path="G:/Workspace/learningMaster/TKHTNNC/allSourceCodes/miniProject/sourceCodes/miniCCSProject" --include_path="E:/Apps/ti/TivaWare_C_Series-2.2.0.295" --include_path="E:/Apps/ti/ccs1250/ccs/tools/compiler/ti-cgt-arm_20.2.7.LTS/include" --define=ccs="ccs" --define=PART_TM4C123GH6PM -g --gcc --diag_warning=225 --diag_wrap=off --display_error_number --abi=eabi --preproc_with_compile --preproc_dependency="my_libs/rc522_api.d_raw" --obj_directory="my_libs"  "../my_libs/rc522_api.c"
"../my_libs/rc522_api.c", line 13: warning #174-D: external/internal linkage conflict with previous declaration
"../my_libs/rc522_api.c", line 31: warning #552-D: variable "ucAddr" was set but never used
"../my_libs/rc522_api.c", line 59: warning #551-D: variable "ret" is used before its value is set
"../my_libs/rc522_api.c", line 60: warning #225-D: function "UARTStringPut" declared implicitly
"../my_libs/rc522_api.c", line 63: warning #551-D: variable "ucValue" is used before its value is set
"../my_libs/rc522_api.c", line 54: warning #552-D: variable "ucAddr" was set but never used
"../my_libs/rc522_api.c", line 66: warning #174-D: external/internal linkage conflict with previous declaration
"../my_libs/rc522_api.c", line 68: warning #225-D: function "UARTStringPut" declared implicitly
"../my_libs/rc522_api.c", line 91: warning #69-D: integer conversion resulted in a change of sign
"../my_libs/rc522_api.c", line 113: warning #69-D: integer conversion resulted in a change of sign
"../my_libs/rc522_api.c", line 114: warning #225-D: function "UARTStringPut" declared implicitly
"../my_libs/rc522_api.c", line 117: warning #225-D: function "UARTStringPut" declared implicitly
"../my_libs/rc522_api.c", line 122: warning #69-D: integer conversion resulted in a change of sign
"../my_libs/rc522_api.c", line 167: warning #225-D: function "UARTStringPut" declared implicitly
"../my_libs/rc522_api.c", line 176: warning #69-D: integer conversion resulted in a change of sign
"../my_libs/rc522_api.c", line 192: warning #69-D: integer conversion resulted in a change of sign
"../my_libs/rc522_api.c", line 214: warning #69-D: integer conversion resulted in a change of sign
"../my_libs/rc522_api.c", line 279: warning #69-D: integer conversion resulted in a change of sign
"../my_libs/rc522_api.c", line 291: warning #69-D: integer conversion resulted in a change of sign
"../my_libs/rc522_api.c", line 306: warning #69-D: integer conversion resulted in a change of sign
"../my_libs/rc522_api.c", line 313: warning #69-D: integer conversion resulted in a change of sign
"../my_libs/rc522_api.c", line 331: warning #225-D: function "UARTStringPut" declared implicitly
"../my_libs/rc522_api.c", line 87: warning #179-D: function "rc522Compare" was declared but never referenced
"../my_libs/rc522_api.c", line 244: warning #179-D: function "rc522SelectTag" was declared but never referenced
"../my_libs/rc522_api.c", line 264: warning #179-D: function "rc522Auth" was declared but never referenced
"../my_libs/rc522_api.c", line 283: warning #179-D: function "rc522Read" was declared but never referenced
"../my_libs/rc522_api.c", line 295: warning #179-D: function "rc522Write" was declared but never referenced
"../my_libs/rc522_api.c", line 349: warning #179-D: function "rc522AntennaOff" was declared but never referenced
"../my_libs/rc522_api.c", line 13: warning #179-D: function "configureSPI" was declared but never referenced
"../my_libs/rc522_api.c", line 66: warning #179-D: function "rc522Check" was declared but never referenced
"../my_libs/rc522_api.c", line 26: warning #179-D: function "lowCSPin" was declared but never referenced
Finished building: "../my_libs/rc522_api.c"
 
Building target: "miniCCSProject.out"
Invoking: Arm Linker
"E:/Apps/ti/ccs1250/ccs/tools/compiler/ti-cgt-arm_20.2.7.LTS/bin/armcl" -mv7M4 --code_state=16 --float_support=FPv4SPD16 -me --define=ccs="ccs" --define=PART_TM4C123GH6PM -g --gcc --diag_warning=225 --diag_wrap=off --display_error_number --abi=eabi -z -m"miniCCSProject.map" --heap_size=0 --stack_size=512 -i"E:/Apps/ti/ccs1250/ccs/tools/compiler/ti-cgt-arm_20.2.7.LTS/lib" -i"E:/Apps/ti/ccs1250/ccs/tools/compiler/ti-cgt-arm_20.2.7.LTS/include" --reread_libs --diag_wrap=off --display_error_number --warn_sections --xml_link_info="miniCCSProject_linkInfo.xml" --rom_model -o "miniCCSProject.out" "./main.obj" "./tm4c123gh6pm_startup_ccs.obj" "./my_libs/rc522_api.obj" "./my_libs/uart_api.obj" "E:/Apps/ti/TivaWare_C_Series-2.2.0.295/driverlib/ccs/Debug/driverlib.lib" "../tm4c123gh6pm.cmd"  -llibc.a 
<Linking>
 
 undefined    first referenced
  symbol          in file     
 ---------    ----------------
 configureSPI ./main.obj      
 
error #10234-D: unresolved symbols remain
error #10010: errors encountered during linking; "miniCCSProject.out" not built
 
>> Compilation failure
makefile:141: recipe for target 'miniCCSProject.out' failed
gmake[1]: *** [miniCCSProject.out] Error 1
makefile:137: recipe for target 'all' failed
gmake: *** [all] Error 2

**** Build Finished ****

**** Build of configuration Debug for project miniCCSProject ****

"E:\\Apps\\ti\\ccs1250\\ccs\\utils\\bin\\gmake" -k -j 16 all -O 
 
Building file: "../my_libs/rc522_api.c"
Invoking: Arm Compiler
"E:/Apps/ti/ccs1250/ccs/tools/compiler/ti-cgt-arm_20.2.7.LTS/bin/armcl" -mv7M4 --code_state=16 --float_support=FPv4SPD16 -me --include_path="G:/Workspace/learningMaster/TKHTNNC/allSourceCodes/miniProject/sourceCodes/miniCCSProject" --include_path="E:/Apps/ti/TivaWare_C_Series-2.2.0.295" --include_path="E:/Apps/ti/ccs1250/ccs/tools/compiler/ti-cgt-arm_20.2.7.LTS/include" --define=ccs="ccs" --define=PART_TM4C123GH6PM -g --gcc --diag_warning=225 --diag_wrap=off --display_error_number --abi=eabi --preproc_with_compile --preproc_dependency="my_libs/rc522_api.d_raw" --obj_directory="my_libs"  "../my_libs/rc522_api.c"
"../my_libs/rc522_api.c", line 31: warning #552-D: variable "ucAddr" was set but never used
"../my_libs/rc522_api.c", line 59: warning #551-D: variable "ret" is used before its value is set
"../my_libs/rc522_api.c", line 60: warning #225-D: function "UARTStringPut" declared implicitly
"../my_libs/rc522_api.c", line 63: warning #551-D: variable "ucValue" is used before its value is set
"../my_libs/rc522_api.c", line 54: warning #552-D: variable "ucAddr" was set but never used
"../my_libs/rc522_api.c", line 66: warning #174-D: external/internal linkage conflict with previous declaration
"../my_libs/rc522_api.c", line 68: warning #225-D: function "UARTStringPut" declared implicitly
"../my_libs/rc522_api.c", line 91: warning #69-D: integer conversion resulted in a change of sign
"../my_libs/rc522_api.c", line 113: warning #69-D: integer conversion resulted in a change of sign
"../my_libs/rc522_api.c", line 114: warning #225-D: function "UARTStringPut" declared implicitly
"../my_libs/rc522_api.c", line 117: warning #225-D: function "UARTStringPut" declared implicitly
"../my_libs/rc522_api.c", line 122: warning #69-D: integer conversion resulted in a change of sign
"../my_libs/rc522_api.c", line 167: warning #225-D: function "UARTStringPut" declared implicitly
"../my_libs/rc522_api.c", line 176: warning #69-D: integer conversion resulted in a change of sign
"../my_libs/rc522_api.c", line 192: warning #69-D: integer conversion resulted in a change of sign
"../my_libs/rc522_api.c", line 214: warning #69-D: integer conversion resulted in a change of sign
"../my_libs/rc522_api.c", line 279: warning #69-D: integer conversion resulted in a change of sign
"../my_libs/rc522_api.c", line 291: warning #69-D: integer conversion resulted in a change of sign
"../my_libs/rc522_api.c", line 306: warning #69-D: integer conversion resulted in a change of sign
"../my_libs/rc522_api.c", line 313: warning #69-D: integer conversion resulted in a change of sign
"../my_libs/rc522_api.c", line 331: warning #225-D: function "UARTStringPut" declared implicitly
"../my_libs/rc522_api.c", line 87: warning #179-D: function "rc522Compare" was declared but never referenced
"../my_libs/rc522_api.c", line 244: warning #179-D: function "rc522SelectTag" was declared but never referenced
"../my_libs/rc522_api.c", line 264: warning #179-D: function "rc522Auth" was declared but never referenced
"../my_libs/rc522_api.c", line 283: warning #179-D: function "rc522Read" was declared but never referenced
"../my_libs/rc522_api.c", line 295: warning #179-D: function "rc522Write" was declared but never referenced
"../my_libs/rc522_api.c", line 349: warning #179-D: function "rc522AntennaOff" was declared but never referenced
"../my_libs/rc522_api.c", line 66: warning #179-D: function "rc522Check" was declared but never referenced
"../my_libs/rc522_api.c", line 26: warning #179-D: function "lowCSPin" was declared but never referenced
Finished building: "../my_libs/rc522_api.c"
 
Building target: "miniCCSProject.out"
Invoking: Arm Linker
"E:/Apps/ti/ccs1250/ccs/tools/compiler/ti-cgt-arm_20.2.7.LTS/bin/armcl" -mv7M4 --code_state=16 --float_support=FPv4SPD16 -me --define=ccs="ccs" --define=PART_TM4C123GH6PM -g --gcc --diag_warning=225 --diag_wrap=off --display_error_number --abi=eabi -z -m"miniCCSProject.map" --heap_size=0 --stack_size=512 -i"E:/Apps/ti/ccs1250/ccs/tools/compiler/ti-cgt-arm_20.2.7.LTS/lib" -i"E:/Apps/ti/ccs1250/ccs/tools/compiler/ti-cgt-arm_20.2.7.LTS/include" --reread_libs --diag_wrap=off --display_error_number --warn_sections --xml_link_info="miniCCSProject_linkInfo.xml" --rom_model -o "miniCCSProject.out" "./main.obj" "./tm4c123gh6pm_startup_ccs.obj" "./my_libs/rc522_api.obj" "./my_libs/uart_api.obj" "E:/Apps/ti/TivaWare_C_Series-2.2.0.295/driverlib/ccs/Debug/driverlib.lib" "../tm4c123gh6pm.cmd"  -llibc.a 
<Linking>
Finished building target: "miniCCSProject.out"
 

**** Build Finished ****

**** Build of configuration Debug for project miniCCSProject ****

"E:\\Apps\\ti\\ccs1250\\ccs\\utils\\bin\\gmake" -k -j 16 all -O 
 
Building file: "../my_libs/src/uart_api.c"
Invoking: Arm Compiler
"E:/Apps/ti/ccs1250/ccs/tools/compiler/ti-cgt-arm_20.2.7.LTS/bin/armcl" -mv7M4 --code_state=16 --float_support=FPv4SPD16 -me --include_path="G:/Workspace/learningMaster/TKHTNNC/allSourceCodes/miniProject/sourceCodes/miniCCSProject" --include_path="E:/Apps/ti/TivaWare_C_Series-2.2.0.295" --include_path="E:/Apps/ti/ccs1250/ccs/tools/compiler/ti-cgt-arm_20.2.7.LTS/include" --define=ccs="ccs" --define=PART_TM4C123GH6PM -g --gcc --diag_warning=225 --diag_wrap=off --display_error_number --abi=eabi --preproc_with_compile --preproc_dependency="my_libs/src/uart_api.d_raw" --obj_directory="my_libs/src"  "../my_libs/src/uart_api.c"
Finished building: "../my_libs/src/uart_api.c"
 
Building file: "../my_libs/src/rc522_api.c"
Invoking: Arm Compiler
"E:/Apps/ti/ccs1250/ccs/tools/compiler/ti-cgt-arm_20.2.7.LTS/bin/armcl" -mv7M4 --code_state=16 --float_support=FPv4SPD16 -me --include_path="G:/Workspace/learningMaster/TKHTNNC/allSourceCodes/miniProject/sourceCodes/miniCCSProject" --include_path="E:/Apps/ti/TivaWare_C_Series-2.2.0.295" --include_path="E:/Apps/ti/ccs1250/ccs/tools/compiler/ti-cgt-arm_20.2.7.LTS/include" --define=ccs="ccs" --define=PART_TM4C123GH6PM -g --gcc --diag_warning=225 --diag_wrap=off --display_error_number --abi=eabi --preproc_with_compile --preproc_dependency="my_libs/src/rc522_api.d_raw" --obj_directory="my_libs/src"  "../my_libs/src/rc522_api.c"
"../my_libs/src/rc522_api.c", line 31: warning #552-D: variable "ucAddr" was set but never used
"../my_libs/src/rc522_api.c", line 59: warning #551-D: variable "ret" is used before its value is set
"../my_libs/src/rc522_api.c", line 60: warning #225-D: function "UARTStringPut" declared implicitly
"../my_libs/src/rc522_api.c", line 63: warning #551-D: variable "ucValue" is used before its value is set
"../my_libs/src/rc522_api.c", line 54: warning #552-D: variable "ucAddr" was set but never used
"../my_libs/src/rc522_api.c", line 66: warning #174-D: external/internal linkage conflict with previous declaration
"../my_libs/src/rc522_api.c", line 68: warning #225-D: function "UARTStringPut" declared implicitly
"../my_libs/src/rc522_api.c", line 91: warning #69-D: integer conversion resulted in a change of sign
"../my_libs/src/rc522_api.c", line 113: warning #69-D: integer conversion resulted in a change of sign
"../my_libs/src/rc522_api.c", line 114: warning #225-D: function "UARTStringPut" declared implicitly
"../my_libs/src/rc522_api.c", line 117: warning #225-D: function "UARTStringPut" declared implicitly
"../my_libs/src/rc522_api.c", line 122: warning #69-D: integer conversion resulted in a change of sign
"../my_libs/src/rc522_api.c", line 167: warning #225-D: function "UARTStringPut" declared implicitly
"../my_libs/src/rc522_api.c", line 176: warning #69-D: integer conversion resulted in a change of sign
"../my_libs/src/rc522_api.c", line 192: warning #69-D: integer conversion resulted in a change of sign
"../my_libs/src/rc522_api.c", line 214: warning #69-D: integer conversion resulted in a change of sign
"../my_libs/src/rc522_api.c", line 279: warning #69-D: integer conversion resulted in a change of sign
"../my_libs/src/rc522_api.c", line 291: warning #69-D: integer conversion resulted in a change of sign
"../my_libs/src/rc522_api.c", line 306: warning #69-D: integer conversion resulted in a change of sign
"../my_libs/src/rc522_api.c", line 313: warning #69-D: integer conversion resulted in a change of sign
"../my_libs/src/rc522_api.c", line 331: warning #225-D: function "UARTStringPut" declared implicitly
"../my_libs/src/rc522_api.c", line 87: warning #179-D: function "rc522Compare" was declared but never referenced
"../my_libs/src/rc522_api.c", line 244: warning #179-D: function "rc522SelectTag" was declared but never referenced
"../my_libs/src/rc522_api.c", line 264: warning #179-D: function "rc522Auth" was declared but never referenced
"../my_libs/src/rc522_api.c", line 283: warning #179-D: function "rc522Read" was declared but never referenced
"../my_libs/src/rc522_api.c", line 295: warning #179-D: function "rc522Write" was declared but never referenced
"../my_libs/src/rc522_api.c", line 349: warning #179-D: function "rc522AntennaOff" was declared but never referenced
"../my_libs/src/rc522_api.c", line 66: warning #179-D: function "rc522Check" was declared but never referenced
"../my_libs/src/rc522_api.c", line 26: warning #179-D: function "lowCSPin" was declared but never referenced
Finished building: "../my_libs/src/rc522_api.c"
 
Building target: "miniCCSProject.out"
Invoking: Arm Linker
"E:/Apps/ti/ccs1250/ccs/tools/compiler/ti-cgt-arm_20.2.7.LTS/bin/armcl" -mv7M4 --code_state=16 --float_support=FPv4SPD16 -me --define=ccs="ccs" --define=PART_TM4C123GH6PM -g --gcc --diag_warning=225 --diag_wrap=off --display_error_number --abi=eabi -z -m"miniCCSProject.map" --heap_size=0 --stack_size=512 -i"E:/Apps/ti/ccs1250/ccs/tools/compiler/ti-cgt-arm_20.2.7.LTS/lib" -i"E:/Apps/ti/ccs1250/ccs/tools/compiler/ti-cgt-arm_20.2.7.LTS/include" --reread_libs --diag_wrap=off --display_error_number --warn_sections --xml_link_info="miniCCSProject_linkInfo.xml" --rom_model -o "miniCCSProject.out" "./main.obj" "./tm4c123gh6pm_startup_ccs.obj" "./my_libs/src/rc522_api.obj" "./my_libs/src/uart_api.obj" "E:/Apps/ti/TivaWare_C_Series-2.2.0.295/driverlib/ccs/Debug/driverlib.lib" "../tm4c123gh6pm.cmd"  -llibc.a 
<Linking>
Finished building target: "miniCCSProject.out"
 

**** Build Finished ****

**** Build of configuration Debug for project miniCCSProject ****

"E:\\Apps\\ti\\ccs1250\\ccs\\utils\\bin\\gmake" -k -j 16 all -O 
 
Building file: "../main.c"
Invoking: Arm Compiler
"E:/Apps/ti/ccs1250/ccs/tools/compiler/ti-cgt-arm_20.2.7.LTS/bin/armcl" -mv7M4 --code_state=16 --float_support=FPv4SPD16 -me --include_path="G:/Workspace/learningMaster/TKHTNNC/allSourceCodes/miniProject/sourceCodes/miniCCSProject" --include_path="E:/Apps/ti/TivaWare_C_Series-2.2.0.295" --include_path="E:/Apps/ti/ccs1250/ccs/tools/compiler/ti-cgt-arm_20.2.7.LTS/include" --define=ccs="ccs" --define=PART_TM4C123GH6PM -g --gcc --diag_warning=225 --diag_wrap=off --display_error_number --abi=eabi --preproc_with_compile --preproc_dependency="main.d_raw"  "../main.c"
Finished building: "../main.c"
 
Building target: "miniCCSProject.out"
Invoking: Arm Linker
"E:/Apps/ti/ccs1250/ccs/tools/compiler/ti-cgt-arm_20.2.7.LTS/bin/armcl" -mv7M4 --code_state=16 --float_support=FPv4SPD16 -me --define=ccs="ccs" --define=PART_TM4C123GH6PM -g --gcc --diag_warning=225 --diag_wrap=off --display_error_number --abi=eabi -z -m"miniCCSProject.map" --heap_size=0 --stack_size=512 -i"E:/Apps/ti/ccs1250/ccs/tools/compiler/ti-cgt-arm_20.2.7.LTS/lib" -i"E:/Apps/ti/ccs1250/ccs/tools/compiler/ti-cgt-arm_20.2.7.LTS/include" --reread_libs --diag_wrap=off --display_error_number --warn_sections --xml_link_info="miniCCSProject_linkInfo.xml" --rom_model -o "miniCCSProject.out" "./main.obj" "./tm4c123gh6pm_startup_ccs.obj" "./my_libs/src/rc522_api.obj" "./my_libs/src/uart_api.obj" "E:/Apps/ti/TivaWare_C_Series-2.2.0.295/driverlib/ccs/Debug/driverlib.lib" "../tm4c123gh6pm.cmd"  -llibc.a 
<Linking>
Finished building target: "miniCCSProject.out"
 

**** Build Finished ****

**** Build of configuration Debug for project miniCCSProject ****

"E:\\Apps\\ti\\ccs1250\\ccs\\utils\\bin\\gmake" -k -j 16 all -O 
 
Building file: "../my_libs/src/configure_peripherals_api.c"
Invoking: Arm Compiler
"E:/Apps/ti/ccs1250/ccs/tools/compiler/ti-cgt-arm_20.2.7.LTS/bin/armcl" -mv7M4 --code_state=16 --float_support=FPv4SPD16 -me --include_path="G:/Workspace/learningMaster/TKHTNNC/allSourceCodes/miniProject/sourceCodes/miniCCSProject" --include_path="E:/Apps/ti/TivaWare_C_Series-2.2.0.295" --include_path="E:/Apps/ti/ccs1250/ccs/tools/compiler/ti-cgt-arm_20.2.7.LTS/include" --define=ccs="ccs" --define=PART_TM4C123GH6PM -g --gcc --diag_warning=225 --diag_wrap=off --display_error_number --abi=eabi --preproc_with_compile --preproc_dependency="my_libs/src/configure_peripherals_api.d_raw" --obj_directory="my_libs/src"  "../my_libs/src/configure_peripherals_api.c"
 
>> Compilation failure
my_libs/src/subdir_rules.mk:9: recipe for target 'my_libs/src/configure_peripherals_api.obj' failed
"../my_libs/src/configure_peripherals_api.c", line 15: warning #225-D: function "SysCtlPeripheralEnable" declared implicitly
"../my_libs/src/configure_peripherals_api.c", line 15: error #20: identifier "SYSCTL_PERIPH_SSI0" is undefined
"../my_libs/src/configure_peripherals_api.c", line 16: error #20: identifier "SYSCTL_PERIPH_GPIOA" is undefined
"../my_libs/src/configure_peripherals_api.c", line 17: warning #225-D: function "GPIOPinConfigure" declared implicitly
"../my_libs/src/configure_peripherals_api.c", line 17: error #20: identifier "GPIO_PA2_SSI0CLK" is undefined
"../my_libs/src/configure_peripherals_api.c", line 18: error #20: identifier "GPIO_PA3_SSI0FSS" is undefined
"../my_libs/src/configure_peripherals_api.c", line 19: error #20: identifier "GPIO_PA5_SSI0TX" is undefined
"../my_libs/src/configure_peripherals_api.c", line 20: warning #225-D: function "GPIOPinTypeSSI" declared implicitly
"../my_libs/src/configure_peripherals_api.c", line 20: error #20: identifier "GPIO_PORTA_BASE" is undefined
"../my_libs/src/configure_peripherals_api.c", line 20: error #20: identifier "GPIO_PIN_5" is undefined
"../my_libs/src/configure_peripherals_api.c", line 20: error #20: identifier "GPIO_PIN_3" is undefined
"../my_libs/src/configure_peripherals_api.c", line 20: error #20: identifier "GPIO_PIN_2" is undefined
"../my_libs/src/configure_peripherals_api.c", line 21: warning #225-D: function "SSIConfigSetExpClk" declared implicitly
"../my_libs/src/configure_peripherals_api.c", line 21: error #20: identifier "SSI0_BASE" is undefined
"../my_libs/src/configure_peripherals_api.c", line 21: warning #225-D: function "SysCtlClockGet" declared implicitly
"../my_libs/src/configure_peripherals_api.c", line 21: error #20: identifier "SSI_FRF_MOTO_MODE_0" is undefined
"../my_libs/src/configure_peripherals_api.c", line 21: error #20: identifier "SSI_MODE_MASTER" is undefined
"../my_libs/src/configure_peripherals_api.c", line 22: warning #225-D: function "SSIEnable" declared implicitly
"../my_libs/src/configure_peripherals_api.c", line 29: warning #225-D: function "SysCtlPeripheralEnable" declared implicitly
"../my_libs/src/configure_peripherals_api.c", line 29: error #20: identifier "SYSCTL_PERIPH_UART0" is undefined
"../my_libs/src/configure_peripherals_api.c", line 30: error #20: identifier "SYSCTL_PERIPH_GPIOA" is undefined
"../my_libs/src/configure_peripherals_api.c", line 32: warning #225-D: function "GPIOPinConfigure" declared implicitly
"../my_libs/src/configure_peripherals_api.c", line 32: error #20: identifier "GPIO_PA0_U0RX" is undefined
"../my_libs/src/configure_peripherals_api.c", line 33: error #20: identifier "GPIO_PA1_U0TX" is undefined
"../my_libs/src/configure_peripherals_api.c", line 34: warning #225-D: function "GPIOPinTypeUART" declared implicitly
"../my_libs/src/configure_peripherals_api.c", line 34: error #20: identifier "GPIO_PORTA_BASE" is undefined
"../my_libs/src/configure_peripherals_api.c", line 34: error #20: identifier "GPIO_PIN_0" is undefined
"../my_libs/src/configure_peripherals_api.c", line 34: error #20: identifier "GPIO_PIN_1" is undefined
"../my_libs/src/configure_peripherals_api.c", line 36: warning #225-D: function "UARTConfigSetExpClk" declared implicitly
"../my_libs/src/configure_peripherals_api.c", line 36: error #20: identifier "UART0_BASE" is undefined
"../my_libs/src/configure_peripherals_api.c", line 36: warning #225-D: function "SysCtlClockGet" declared implicitly
"../my_libs/src/configure_peripherals_api.c", line 37: error #20: identifier "UART_CONFIG_WLEN_8" is undefined
"../my_libs/src/configure_peripherals_api.c", line 37: error #20: identifier "UART_CONFIG_STOP_ONE" is undefined
"../my_libs/src/configure_peripherals_api.c", line 37: error #20: identifier "UART_CONFIG_PAR_NONE" is undefined
23 errors detected in the compilation of "../my_libs/src/configure_peripherals_api.c".
gmake: *** [my_libs/src/configure_peripherals_api.obj] Error 1
Building file: "../main.c"
Invoking: Arm Compiler
"E:/Apps/ti/ccs1250/ccs/tools/compiler/ti-cgt-arm_20.2.7.LTS/bin/armcl" -mv7M4 --code_state=16 --float_support=FPv4SPD16 -me --include_path="G:/Workspace/learningMaster/TKHTNNC/allSourceCodes/miniProject/sourceCodes/miniCCSProject" --include_path="E:/Apps/ti/TivaWare_C_Series-2.2.0.295" --include_path="E:/Apps/ti/ccs1250/ccs/tools/compiler/ti-cgt-arm_20.2.7.LTS/include" --define=ccs="ccs" --define=PART_TM4C123GH6PM -g --gcc --diag_warning=225 --diag_wrap=off --display_error_number --abi=eabi --preproc_with_compile --preproc_dependency="main.d_raw"  "../main.c"
Finished building: "../main.c"
 
Building file: "../my_libs/src/uart_api.c"
Invoking: Arm Compiler
"E:/Apps/ti/ccs1250/ccs/tools/compiler/ti-cgt-arm_20.2.7.LTS/bin/armcl" -mv7M4 --code_state=16 --float_support=FPv4SPD16 -me --include_path="G:/Workspace/learningMaster/TKHTNNC/allSourceCodes/miniProject/sourceCodes/miniCCSProject" --include_path="E:/Apps/ti/TivaWare_C_Series-2.2.0.295" --include_path="E:/Apps/ti/ccs1250/ccs/tools/compiler/ti-cgt-arm_20.2.7.LTS/include" --define=ccs="ccs" --define=PART_TM4C123GH6PM -g --gcc --diag_warning=225 --diag_wrap=off --display_error_number --abi=eabi --preproc_with_compile --preproc_dependency="my_libs/src/uart_api.d_raw" --obj_directory="my_libs/src"  "../my_libs/src/uart_api.c"
Finished building: "../my_libs/src/uart_api.c"
 
Building file: "../my_libs/src/rc522_api.c"
Invoking: Arm Compiler
"E:/Apps/ti/ccs1250/ccs/tools/compiler/ti-cgt-arm_20.2.7.LTS/bin/armcl" -mv7M4 --code_state=16 --float_support=FPv4SPD16 -me --include_path="G:/Workspace/learningMaster/TKHTNNC/allSourceCodes/miniProject/sourceCodes/miniCCSProject" --include_path="E:/Apps/ti/TivaWare_C_Series-2.2.0.295" --include_path="E:/Apps/ti/ccs1250/ccs/tools/compiler/ti-cgt-arm_20.2.7.LTS/include" --define=ccs="ccs" --define=PART_TM4C123GH6PM -g --gcc --diag_warning=225 --diag_wrap=off --display_error_number --abi=eabi --preproc_with_compile --preproc_dependency="my_libs/src/rc522_api.d_raw" --obj_directory="my_libs/src"  "../my_libs/src/rc522_api.c"
"../my_libs/src/rc522_api.c", line 28: warning #552-D: variable "ucAddr" was set but never used
"../my_libs/src/rc522_api.c", line 56: warning #551-D: variable "ret" is used before its value is set
"../my_libs/src/rc522_api.c", line 57: warning #225-D: function "UARTStringPut" declared implicitly
"../my_libs/src/rc522_api.c", line 60: warning #551-D: variable "ucValue" is used before its value is set
"../my_libs/src/rc522_api.c", line 51: warning #552-D: variable "ucAddr" was set but never used
"../my_libs/src/rc522_api.c", line 63: warning #174-D: external/internal linkage conflict with previous declaration
"../my_libs/src/rc522_api.c", line 65: warning #225-D: function "UARTStringPut" declared implicitly
"../my_libs/src/rc522_api.c", line 88: warning #69-D: integer conversion resulted in a change of sign
"../my_libs/src/rc522_api.c", line 110: warning #69-D: integer conversion resulted in a change of sign
"../my_libs/src/rc522_api.c", line 111: warning #225-D: function "UARTStringPut" declared implicitly
"../my_libs/src/rc522_api.c", line 114: warning #225-D: function "UARTStringPut" declared implicitly
"../my_libs/src/rc522_api.c", line 119: warning #69-D: integer conversion resulted in a change of sign
"../my_libs/src/rc522_api.c", line 164: warning #225-D: function "UARTStringPut" declared implicitly
"../my_libs/src/rc522_api.c", line 173: warning #69-D: integer conversion resulted in a change of sign
"../my_libs/src/rc522_api.c", line 189: warning #69-D: integer conversion resulted in a change of sign
"../my_libs/src/rc522_api.c", line 211: warning #69-D: integer conversion resulted in a change of sign
"../my_libs/src/rc522_api.c", line 276: warning #69-D: integer conversion resulted in a change of sign
"../my_libs/src/rc522_api.c", line 288: warning #69-D: integer conversion resulted in a change of sign
"../my_libs/src/rc522_api.c", line 303: warning #69-D: integer conversion resulted in a change of sign
"../my_libs/src/rc522_api.c", line 310: warning #69-D: integer conversion resulted in a change of sign
"../my_libs/src/rc522_api.c", line 328: warning #225-D: function "UARTStringPut" declared implicitly
"../my_libs/src/rc522_api.c", line 84: warning #179-D: function "rc522Compare" was declared but never referenced
"../my_libs/src/rc522_api.c", line 241: warning #179-D: function "rc522SelectTag" was declared but never referenced
"../my_libs/src/rc522_api.c", line 261: warning #179-D: function "rc522Auth" was declared but never referenced
"../my_libs/src/rc522_api.c", line 280: warning #179-D: function "rc522Read" was declared but never referenced
"../my_libs/src/rc522_api.c", line 292: warning #179-D: function "rc522Write" was declared but never referenced
"../my_libs/src/rc522_api.c", line 346: warning #179-D: function "rc522AntennaOff" was declared but never referenced
"../my_libs/src/rc522_api.c", line 63: warning #179-D: function "rc522Check" was declared but never referenced
"../my_libs/src/rc522_api.c", line 23: warning #179-D: function "lowCSPin" was declared but never referenced
Finished building: "../my_libs/src/rc522_api.c"
 
gmake: Target 'all' not remade because of errors.

**** Build Finished ****

**** Build of configuration Debug for project miniCCSProject ****

"E:\\Apps\\ti\\ccs1250\\ccs\\utils\\bin\\gmake" -k -j 16 all -O 
 
Building file: "../my_libs/src/configure_peripherals_api.c"
Invoking: Arm Compiler
"E:/Apps/ti/ccs1250/ccs/tools/compiler/ti-cgt-arm_20.2.7.LTS/bin/armcl" -mv7M4 --code_state=16 --float_support=FPv4SPD16 -me --include_path="G:/Workspace/learningMaster/TKHTNNC/allSourceCodes/miniProject/sourceCodes/miniCCSProject" --include_path="E:/Apps/ti/TivaWare_C_Series-2.2.0.295" --include_path="E:/Apps/ti/ccs1250/ccs/tools/compiler/ti-cgt-arm_20.2.7.LTS/include" --define=ccs="ccs" --define=PART_TM4C123GH6PM -g --gcc --diag_warning=225 --diag_wrap=off --display_error_number --abi=eabi --preproc_with_compile --preproc_dependency="my_libs/src/configure_peripherals_api.d_raw" --obj_directory="my_libs/src"  "../my_libs/src/configure_peripherals_api.c"
 
>> Compilation failure
my_libs/src/subdir_rules.mk:9: recipe for target 'my_libs/src/configure_peripherals_api.obj' failed
"../my_libs/src/configure_peripherals_api.c", line 16: warning #225-D: function "SysCtlPeripheralEnable" declared implicitly
"../my_libs/src/configure_peripherals_api.c", line 16: error #20: identifier "SYSCTL_PERIPH_SSI0" is undefined
"../my_libs/src/configure_peripherals_api.c", line 17: error #20: identifier "SYSCTL_PERIPH_GPIOA" is undefined
"../my_libs/src/configure_peripherals_api.c", line 18: warning #225-D: function "GPIOPinConfigure" declared implicitly
"../my_libs/src/configure_peripherals_api.c", line 18: error #20: identifier "GPIO_PA2_SSI0CLK" is undefined
"../my_libs/src/configure_peripherals_api.c", line 19: error #20: identifier "GPIO_PA3_SSI0FSS" is undefined
"../my_libs/src/configure_peripherals_api.c", line 20: error #20: identifier "GPIO_PA5_SSI0TX" is undefined
"../my_libs/src/configure_peripherals_api.c", line 21: warning #225-D: function "GPIOPinTypeSSI" declared implicitly
"../my_libs/src/configure_peripherals_api.c", line 21: error #20: identifier "GPIO_PORTA_BASE" is undefined
"../my_libs/src/configure_peripherals_api.c", line 21: error #20: identifier "GPIO_PIN_5" is undefined
"../my_libs/src/configure_peripherals_api.c", line 21: error #20: identifier "GPIO_PIN_3" is undefined
"../my_libs/src/configure_peripherals_api.c", line 21: error #20: identifier "GPIO_PIN_2" is undefined
"../my_libs/src/configure_peripherals_api.c", line 22: warning #225-D: function "SSIConfigSetExpClk" declared implicitly
"../my_libs/src/configure_peripherals_api.c", line 22: error #20: identifier "SSI0_BASE" is undefined
"../my_libs/src/configure_peripherals_api.c", line 22: warning #225-D: function "SysCtlClockGet" declared implicitly
"../my_libs/src/configure_peripherals_api.c", line 22: error #20: identifier "SSI_FRF_MOTO_MODE_0" is undefined
"../my_libs/src/configure_peripherals_api.c", line 22: error #20: identifier "SSI_MODE_MASTER" is undefined
"../my_libs/src/configure_peripherals_api.c", line 23: warning #225-D: function "SSIEnable" declared implicitly
"../my_libs/src/configure_peripherals_api.c", line 30: warning #225-D: function "SysCtlPeripheralEnable" declared implicitly
"../my_libs/src/configure_peripherals_api.c", line 30: error #20: identifier "SYSCTL_PERIPH_UART0" is undefined
"../my_libs/src/configure_peripherals_api.c", line 31: error #20: identifier "SYSCTL_PERIPH_GPIOA" is undefined
"../my_libs/src/configure_peripherals_api.c", line 33: warning #225-D: function "GPIOPinConfigure" declared implicitly
"../my_libs/src/configure_peripherals_api.c", line 33: error #20: identifier "GPIO_PA0_U0RX" is undefined
"../my_libs/src/configure_peripherals_api.c", line 34: error #20: identifier "GPIO_PA1_U0TX" is undefined
"../my_libs/src/configure_peripherals_api.c", line 35: warning #225-D: function "GPIOPinTypeUART" declared implicitly
"../my_libs/src/configure_peripherals_api.c", line 35: error #20: identifier "GPIO_PORTA_BASE" is undefined
"../my_libs/src/configure_peripherals_api.c", line 35: error #20: identifier "GPIO_PIN_0" is undefined
"../my_libs/src/configure_peripherals_api.c", line 35: error #20: identifier "GPIO_PIN_1" is undefined
"../my_libs/src/configure_peripherals_api.c", line 37: warning #225-D: function "UARTConfigSetExpClk" declared implicitly
"../my_libs/src/configure_peripherals_api.c", line 37: error #20: identifier "UART0_BASE" is undefined
"../my_libs/src/configure_peripherals_api.c", line 37: warning #225-D: function "SysCtlClockGet" declared implicitly
"../my_libs/src/configure_peripherals_api.c", line 38: error #20: identifier "UART_CONFIG_WLEN_8" is undefined
"../my_libs/src/configure_peripherals_api.c", line 38: error #20: identifier "UART_CONFIG_STOP_ONE" is undefined
"../my_libs/src/configure_peripherals_api.c", line 38: error #20: identifier "UART_CONFIG_PAR_NONE" is undefined
23 errors detected in the compilation of "../my_libs/src/configure_peripherals_api.c".
gmake: *** [my_libs/src/configure_peripherals_api.obj] Error 1
gmake: Target 'all' not remade because of errors.

**** Build Finished ****

**** Build of configuration Debug for project miniCCSProject ****

"E:\\Apps\\ti\\ccs1250\\ccs\\utils\\bin\\gmake" -k -j 16 all -O 
 
Building file: "../main.c"
Invoking: Arm Compiler
"E:/Apps/ti/ccs1250/ccs/tools/compiler/ti-cgt-arm_20.2.7.LTS/bin/armcl" -mv7M4 --code_state=16 --float_support=FPv4SPD16 -me --include_path="G:/Workspace/learningMaster/TKHTNNC/allSourceCodes/miniProject/sourceCodes/miniCCSProject" --include_path="E:/Apps/ti/TivaWare_C_Series-2.2.0.295" --include_path="E:/Apps/ti/ccs1250/ccs/tools/compiler/ti-cgt-arm_20.2.7.LTS/include" --define=ccs="ccs" --define=PART_TM4C123GH6PM -g --gcc --diag_warning=225 --diag_wrap=off --display_error_number --abi=eabi --preproc_with_compile --preproc_dependency="main.d_raw"  "../main.c"
Finished building: "../main.c"
 
Building file: "../my_libs/src/configure_peripherals_api.c"
Invoking: Arm Compiler
"E:/Apps/ti/ccs1250/ccs/tools/compiler/ti-cgt-arm_20.2.7.LTS/bin/armcl" -mv7M4 --code_state=16 --float_support=FPv4SPD16 -me --include_path="G:/Workspace/learningMaster/TKHTNNC/allSourceCodes/miniProject/sourceCodes/miniCCSProject" --include_path="E:/Apps/ti/TivaWare_C_Series-2.2.0.295" --include_path="E:/Apps/ti/ccs1250/ccs/tools/compiler/ti-cgt-arm_20.2.7.LTS/include" --define=ccs="ccs" --define=PART_TM4C123GH6PM -g --gcc --diag_warning=225 --diag_wrap=off --display_error_number --abi=eabi --preproc_with_compile --preproc_dependency="my_libs/src/configure_peripherals_api.d_raw" --obj_directory="my_libs/src"  "../my_libs/src/configure_peripherals_api.c"
Finished building: "../my_libs/src/configure_peripherals_api.c"
 
Building file: "../my_libs/src/uart_api.c"
Invoking: Arm Compiler
"E:/Apps/ti/ccs1250/ccs/tools/compiler/ti-cgt-arm_20.2.7.LTS/bin/armcl" -mv7M4 --code_state=16 --float_support=FPv4SPD16 -me --include_path="G:/Workspace/learningMaster/TKHTNNC/allSourceCodes/miniProject/sourceCodes/miniCCSProject" --include_path="E:/Apps/ti/TivaWare_C_Series-2.2.0.295" --include_path="E:/Apps/ti/ccs1250/ccs/tools/compiler/ti-cgt-arm_20.2.7.LTS/include" --define=ccs="ccs" --define=PART_TM4C123GH6PM -g --gcc --diag_warning=225 --diag_wrap=off --display_error_number --abi=eabi --preproc_with_compile --preproc_dependency="my_libs/src/uart_api.d_raw" --obj_directory="my_libs/src"  "../my_libs/src/uart_api.c"
Finished building: "../my_libs/src/uart_api.c"
 
Building file: "../my_libs/src/rc522_api.c"
Invoking: Arm Compiler
"E:/Apps/ti/ccs1250/ccs/tools/compiler/ti-cgt-arm_20.2.7.LTS/bin/armcl" -mv7M4 --code_state=16 --float_support=FPv4SPD16 -me --include_path="G:/Workspace/learningMaster/TKHTNNC/allSourceCodes/miniProject/sourceCodes/miniCCSProject" --include_path="E:/Apps/ti/TivaWare_C_Series-2.2.0.295" --include_path="E:/Apps/ti/ccs1250/ccs/tools/compiler/ti-cgt-arm_20.2.7.LTS/include" --define=ccs="ccs" --define=PART_TM4C123GH6PM -g --gcc --diag_warning=225 --diag_wrap=off --display_error_number --abi=eabi --preproc_with_compile --preproc_dependency="my_libs/src/rc522_api.d_raw" --obj_directory="my_libs/src"  "../my_libs/src/rc522_api.c"
"../my_libs/src/rc522_api.c", line 26: warning #552-D: variable "ucAddr" was set but never used
"../my_libs/src/rc522_api.c", line 54: warning #551-D: variable "ret" is used before its value is set
"../my_libs/src/rc522_api.c", line 55: warning #225-D: function "UARTStringPut" declared implicitly
"../my_libs/src/rc522_api.c", line 58: warning #551-D: variable "ucValue" is used before its value is set
"../my_libs/src/rc522_api.c", line 49: warning #552-D: variable "ucAddr" was set but never used
"../my_libs/src/rc522_api.c", line 61: warning #174-D: external/internal linkage conflict with previous declaration
"../my_libs/src/rc522_api.c", line 63: warning #225-D: function "UARTStringPut" declared implicitly
"../my_libs/src/rc522_api.c", line 86: warning #69-D: integer conversion resulted in a change of sign
"../my_libs/src/rc522_api.c", line 108: warning #69-D: integer conversion resulted in a change of sign
"../my_libs/src/rc522_api.c", line 109: warning #225-D: function "UARTStringPut" declared implicitly
"../my_libs/src/rc522_api.c", line 112: warning #225-D: function "UARTStringPut" declared implicitly
"../my_libs/src/rc522_api.c", line 117: warning #69-D: integer conversion resulted in a change of sign
"../my_libs/src/rc522_api.c", line 162: warning #225-D: function "UARTStringPut" declared implicitly
"../my_libs/src/rc522_api.c", line 171: warning #69-D: integer conversion resulted in a change of sign
"../my_libs/src/rc522_api.c", line 187: warning #69-D: integer conversion resulted in a change of sign
"../my_libs/src/rc522_api.c", line 209: warning #69-D: integer conversion resulted in a change of sign
"../my_libs/src/rc522_api.c", line 274: warning #69-D: integer conversion resulted in a change of sign
"../my_libs/src/rc522_api.c", line 286: warning #69-D: integer conversion resulted in a change of sign
"../my_libs/src/rc522_api.c", line 301: warning #69-D: integer conversion resulted in a change of sign
"../my_libs/src/rc522_api.c", line 308: warning #69-D: integer conversion resulted in a change of sign
"../my_libs/src/rc522_api.c", line 326: warning #225-D: function "UARTStringPut" declared implicitly
"../my_libs/src/rc522_api.c", line 82: warning #179-D: function "rc522Compare" was declared but never referenced
"../my_libs/src/rc522_api.c", line 239: warning #179-D: function "rc522SelectTag" was declared but never referenced
"../my_libs/src/rc522_api.c", line 259: warning #179-D: function "rc522Auth" was declared but never referenced
"../my_libs/src/rc522_api.c", line 278: warning #179-D: function "rc522Read" was declared but never referenced
"../my_libs/src/rc522_api.c", line 290: warning #179-D: function "rc522Write" was declared but never referenced
"../my_libs/src/rc522_api.c", line 344: warning #179-D: function "rc522AntennaOff" was declared but never referenced
"../my_libs/src/rc522_api.c", line 61: warning #179-D: function "rc522Check" was declared but never referenced
"../my_libs/src/rc522_api.c", line 21: warning #179-D: function "lowCSPin" was declared but never referenced
Finished building: "../my_libs/src/rc522_api.c"
 
Building target: "miniCCSProject.out"
Invoking: Arm Linker
"E:/Apps/ti/ccs1250/ccs/tools/compiler/ti-cgt-arm_20.2.7.LTS/bin/armcl" -mv7M4 --code_state=16 --float_support=FPv4SPD16 -me --define=ccs="ccs" --define=PART_TM4C123GH6PM -g --gcc --diag_warning=225 --diag_wrap=off --display_error_number --abi=eabi -z -m"miniCCSProject.map" --heap_size=0 --stack_size=512 -i"E:/Apps/ti/ccs1250/ccs/tools/compiler/ti-cgt-arm_20.2.7.LTS/lib" -i"E:/Apps/ti/ccs1250/ccs/tools/compiler/ti-cgt-arm_20.2.7.LTS/include" --reread_libs --diag_wrap=off --display_error_number --warn_sections --xml_link_info="miniCCSProject_linkInfo.xml" --rom_model -o "miniCCSProject.out" "./main.obj" "./tm4c123gh6pm_startup_ccs.obj" "./my_libs/src/configure_peripherals_api.obj" "./my_libs/src/rc522_api.obj" "./my_libs/src/uart_api.obj" "E:/Apps/ti/TivaWare_C_Series-2.2.0.295/driverlib/ccs/Debug/driverlib.lib" "../tm4c123gh6pm.cmd"  -llibc.a 
<Linking>
Finished building target: "miniCCSProject.out"
 

**** Build Finished ****

**** Build of configuration Debug for project miniCCSProject ****

"E:\\Apps\\ti\\ccs1250\\ccs\\utils\\bin\\gmake" -k -j 16 all -O 
 
Building file: "../my_libs/src/rc522_api.c"
Invoking: Arm Compiler
"E:/Apps/ti/ccs1250/ccs/tools/compiler/ti-cgt-arm_20.2.7.LTS/bin/armcl" -mv7M4 --code_state=16 --float_support=FPv4SPD16 -me --include_path="G:/Workspace/learningMaster/TKHTNNC/allSourceCodes/miniProject/sourceCodes/miniCCSProject" --include_path="E:/Apps/ti/TivaWare_C_Series-2.2.0.295" --include_path="E:/Apps/ti/ccs1250/ccs/tools/compiler/ti-cgt-arm_20.2.7.LTS/include" --define=ccs="ccs" --define=PART_TM4C123GH6PM -g --gcc --diag_warning=225 --diag_wrap=off --display_error_number --abi=eabi --preproc_with_compile --preproc_dependency="my_libs/src/rc522_api.d_raw" --obj_directory="my_libs/src"  "../my_libs/src/rc522_api.c"
 
>> Compilation failure
my_libs/src/subdir_rules.mk:9: recipe for target 'my_libs/src/rc522_api.obj' failed
"..\my_libs\src\../inc/rc522_api.h", line 108: error #20: identifier "uint8_t" is undefined
"..\my_libs\src\../inc/rc522_api.h", line 108: error #20: identifier "uint8_t" is undefined
"..\my_libs\src\../inc/rc522_api.h", line 108: error #20: identifier "uint8_t" is undefined
"..\my_libs\src\../inc/rc522_api.h", line 109: error #20: identifier "uint8_t" is undefined
"..\my_libs\src\../inc/rc522_api.h", line 109: error #20: identifier "uint8_t" is undefined
"..\my_libs\src\../inc/rc522_api.h", line 110: error #20: identifier "uint8_t" is undefined
"..\my_libs\src\../inc/rc522_api.h", line 110: error #20: identifier "uint8_t" is undefined
"..\my_libs\src\../inc/rc522_api.h", line 111: error #20: identifier "uint8_t" is undefined
"..\my_libs\src\../inc/rc522_api.h", line 111: error #20: identifier "uint8_t" is undefined
"..\my_libs\src\../inc/rc522_api.h", line 112: error #20: identifier "uint8_t" is undefined
"..\my_libs\src\../inc/rc522_api.h", line 112: error #20: identifier "uint8_t" is undefined
"..\my_libs\src\../inc/rc522_api.h", line 113: error #20: identifier "uint8_t" is undefined
"..\my_libs\src\../inc/rc522_api.h", line 113: error #20: identifier "uint8_t" is undefined
"..\my_libs\src\../inc/rc522_api.h", line 113: error #20: identifier "uint8_t" is undefined
"..\my_libs\src\../inc/rc522_api.h", line 114: error #20: identifier "uint8_t" is undefined
"..\my_libs\src\../inc/rc522_api.h", line 114: error #20: identifier "uint8_t" is undefined
"..\my_libs\src\../inc/rc522_api.h", line 114: error #20: identifier "uint8_t" is undefined
"..\my_libs\src\../inc/rc522_api.h", line 114: error #20: identifier "uint8_t" is undefined
"..\my_libs\src\../inc/rc522_api.h", line 114: error #20: identifier "uint8_t" is undefined
"..\my_libs\src\../inc/rc522_api.h", line 114: error #20: identifier "uint16_t" is undefined
"..\my_libs\src\../inc/rc522_api.h", line 115: error #20: identifier "uint8_t" is undefined
"..\my_libs\src\../inc/rc522_api.h", line 115: error #20: identifier "uint8_t" is undefined
"..\my_libs\src\../inc/rc522_api.h", line 116: error #20: identifier "uint8_t" is undefined
"..\my_libs\src\../inc/rc522_api.h", line 116: error #20: identifier "uint8_t" is undefined
"..\my_libs\src\../inc/rc522_api.h", line 116: error #20: identifier "uint8_t" is undefined
"..\my_libs\src\../inc/rc522_api.h", line 117: error #20: identifier "uint8_t" is undefined
"..\my_libs\src\../inc/rc522_api.h", line 117: error #20: identifier "uint8_t" is undefined
"..\my_libs\src\../inc/rc522_api.h", line 118: error #20: identifier "uint8_t" is undefined
"..\my_libs\src\../inc/rc522_api.h", line 118: error #20: identifier "uint8_t" is undefined
"..\my_libs\src\../inc/rc522_api.h", line 118: error #20: identifier "uint8_t" is undefined
"..\my_libs\src\../inc/rc522_api.h", line 118: error #20: identifier "uint8_t" is undefined
"..\my_libs\src\../inc/rc522_api.h", line 118: error #20: identifier "uint8_t" is undefined
"..\my_libs\src\../inc/rc522_api.h", line 119: error #20: identifier "uint8_t" is undefined
"..\my_libs\src\../inc/rc522_api.h", line 119: error #20: identifier "uint8_t" is undefined
"..\my_libs\src\../inc/rc522_api.h", line 119: error #20: identifier "uint8_t" is undefined
"..\my_libs\src\../inc/rc522_api.h", line 120: error #20: identifier "uint8_t" is undefined
"..\my_libs\src\../inc/rc522_api.h", line 120: error #20: identifier "uint8_t" is undefined
"..\my_libs\src\../inc/rc522_api.h", line 120: error #20: identifier "uint8_t" is undefined
"..\my_libs\src\../inc/rc522_api.h", line 127: error #20: identifier "uint8_t" is undefined
"..\my_libs\src\../inc/rc522_api.h", line 127: error #20: identifier "uint8_t" is undefined
"../my_libs/src/rc522_api.c", line 25: error #20: identifier "uint8_t" is undefined
"../my_libs/src/rc522_api.c", line 25: error #20: identifier "uint8_t" is undefined
"../my_libs/src/rc522_api.c", line 26: warning #552-D: variable "ucAddr" was set but never used
"../my_libs/src/rc522_api.c", line 48: error #20: identifier "uint8_t" is undefined
"../my_libs/src/rc522_api.c", line 48: error #20: identifier "uint8_t" is undefined
"../my_libs/src/rc522_api.c", line 49: error #20: identifier "uint8_t" is undefined
"../my_libs/src/rc522_api.c", line 54: warning #551-D: variable "ret" is used before its value is set
"../my_libs/src/rc522_api.c", line 55: warning #225-D: function "UARTStringPut" declared implicitly
"../my_libs/src/rc522_api.c", line 61: error #20: identifier "uint8_t" is undefined
"../my_libs/src/rc522_api.c", line 61: error #20: identifier "uint8_t" is undefined
"../my_libs/src/rc522_api.c", line 61: warning #174-D: external/internal linkage conflict with previous declaration
"../my_libs/src/rc522_api.c", line 62: error #20: identifier "uint8_t" is undefined
"../my_libs/src/rc522_api.c", line 63: warning #225-D: function "UARTStringPut" declared implicitly
"../my_libs/src/rc522_api.c", line 82: error #20: identifier "uint8_t" is undefined
"../my_libs/src/rc522_api.c", line 82: error #20: identifier "uint8_t" is undefined
"../my_libs/src/rc522_api.c", line 82: error #20: identifier "uint8_t" is undefined
"../my_libs/src/rc522_api.c", line 83: error #20: identifier "uint8_t" is undefined
"../my_libs/src/rc522_api.c", line 91: error #20: identifier "uint8_t" is undefined
"../my_libs/src/rc522_api.c", line 91: error #20: identifier "uint8_t" is undefined
"../my_libs/src/rc522_api.c", line 95: error #20: identifier "uint8_t" is undefined
"../my_libs/src/rc522_api.c", line 95: error #20: identifier "uint8_t" is undefined
"../my_libs/src/rc522_api.c", line 99: error #20: identifier "uint8_t" is undefined
"../my_libs/src/rc522_api.c", line 99: error #20: identifier "uint8_t" is undefined
"../my_libs/src/rc522_api.c", line 99: error #20: identifier "uint8_t" is undefined
"../my_libs/src/rc522_api.c", line 100: error #20: identifier "uint8_t" is undefined
"../my_libs/src/rc522_api.c", line 101: error #20: identifier "uint16_t" is undefined
"../my_libs/src/rc522_api.c", line 109: warning #225-D: function "UARTStringPut" declared implicitly
"../my_libs/src/rc522_api.c", line 112: warning #225-D: function "UARTStringPut" declared implicitly
"../my_libs/src/rc522_api.c", line 116: error #20: identifier "uint8_t" is undefined
"../my_libs/src/rc522_api.c", line 116: error #20: identifier "uint8_t" is undefined
"../my_libs/src/rc522_api.c", line 116: error #20: identifier "uint8_t" is undefined
"../my_libs/src/rc522_api.c", line 116: error #20: identifier "uint8_t" is undefined
"../my_libs/src/rc522_api.c", line 116: error #20: identifier "uint8_t" is undefined
"../my_libs/src/rc522_api.c", line 116: error #20: identifier "uint16_t" is undefined
"../my_libs/src/rc522_api.c", line 117: error #20: identifier "uint8_t" is undefined
"../my_libs/src/rc522_api.c", line 118: error #20: identifier "uint8_t" is undefined
"../my_libs/src/rc522_api.c", line 119: error #20: identifier "uint8_t" is undefined
"../my_libs/src/rc522_api.c", line 120: error #20: identifier "uint8_t" is undefined
"../my_libs/src/rc522_api.c", line 121: error #20: identifier "uint8_t" is undefined
"../my_libs/src/rc522_api.c", line 122: error #20: identifier "uint16_t" is undefined
"../my_libs/src/rc522_api.c", line 162: warning #225-D: function "UARTStringPut" declared implicitly
"../my_libs/src/rc522_api.c", line 194: error #20: identifier "uint8_t" is undefined
"../my_libs/src/rc522_api.c", line 194: error #20: identifier "uint8_t" is undefined
"../my_libs/src/rc522_api.c", line 195: error #20: identifier "uint8_t" is undefined
"../my_libs/src/rc522_api.c", line 196: error #20: identifier "uint8_t" is undefined
"../my_libs/src/rc522_api.c", line 197: error #20: identifier "uint8_t" is undefined
"../my_libs/src/rc522_api.c", line 198: error #20: identifier "uint16_t" is undefined
"../my_libs/src/rc522_api.c", line 214: error #20: identifier "uint8_t" is undefined
"../my_libs/src/rc522_api.c", line 214: error #20: identifier "uint8_t" is undefined
"../my_libs/src/rc522_api.c", line 214: error #20: identifier "uint8_t" is undefined
"../my_libs/src/rc522_api.c", line 215: error #20: identifier "uint8_t" is undefined
"../my_libs/src/rc522_api.c", line 239: error #20: identifier "uint8_t" is undefined
"../my_libs/src/rc522_api.c", line 239: error #20: identifier "uint8_t" is undefined
"../my_libs/src/rc522_api.c", line 240: error #20: identifier "uint8_t" is undefined
"../my_libs/src/rc522_api.c", line 241: error #20: identifier "uint8_t" is undefined
"../my_libs/src/rc522_api.c", line 242: error #20: identifier "uint8_t" is undefined
"../my_libs/src/rc522_api.c", line 243: error #20: identifier "uint16_t" is undefined
"../my_libs/src/rc522_api.c", line 244: error #20: identifier "uint8_t" is undefined
"../my_libs/src/rc522_api.c", line 259: error #20: identifier "uint8_t" is undefined
"../my_libs/src/rc522_api.c", line 259: error #20: identifier "uint8_t" is undefined
"../my_libs/src/rc522_api.c", line 259: error #20: identifier "uint8_t" is undefined
"../my_libs/src/rc522_api.c", line 259: error #20: identifier "uint8_t" is undefined
"../my_libs/src/rc522_api.c", line 259: error #20: identifier "uint8_t" is undefined
"../my_libs/src/rc522_api.c", line 260: error #20: identifier "uint8_t" is undefined
"../my_libs/src/rc522_api.c", line 261: error #20: identifier "uint16_t" is undefined
"../my_libs/src/rc522_api.c", line 262: error #20: identifier "uint8_t" is undefined
"../my_libs/src/rc522_api.c", line 263: error #20: identifier "uint8_t" is undefined
"../my_libs/src/rc522_api.c", line 278: error #20: identifier "uint8_t" is undefined
Error limit reached.
100 errors detected in the compilation of "../my_libs/src/rc522_api.c".
Compilation terminated.
gmake: *** [my_libs/src/rc522_api.obj] Error 1
Building file: "../my_libs/src/uart_api.c"
Invoking: Arm Compiler
"E:/Apps/ti/ccs1250/ccs/tools/compiler/ti-cgt-arm_20.2.7.LTS/bin/armcl" -mv7M4 --code_state=16 --float_support=FPv4SPD16 -me --include_path="G:/Workspace/learningMaster/TKHTNNC/allSourceCodes/miniProject/sourceCodes/miniCCSProject" --include_path="E:/Apps/ti/TivaWare_C_Series-2.2.0.295" --include_path="E:/Apps/ti/ccs1250/ccs/tools/compiler/ti-cgt-arm_20.2.7.LTS/include" --define=ccs="ccs" --define=PART_TM4C123GH6PM -g --gcc --diag_warning=225 --diag_wrap=off --display_error_number --abi=eabi --preproc_with_compile --preproc_dependency="my_libs/src/uart_api.d_raw" --obj_directory="my_libs/src"  "../my_libs/src/uart_api.c"
 
>> Compilation failure
my_libs/src/subdir_rules.mk:9: recipe for target 'my_libs/src/uart_api.obj' failed
"..\my_libs\src\../inc/uart_api.h", line 3: error #41: expected an identifier
"..\my_libs\src\../inc/uart_api.h", line 3: warning #93-D: identifier-list parameters may only be used in a function definition
"../my_libs/src/uart_api.c", line 19: error #20: identifier "uint32_t" is undefined
"../my_libs/src/uart_api.c", line 21: error #20: identifier "size_t" is undefined
"../my_libs/src/uart_api.c", line 22: error #20: identifier "size_t" is undefined
"../my_libs/src/uart_api.c", line 25: warning #225-D: function "strlen" declared implicitly
"../my_libs/src/uart_api.c", line 28: warning #225-D: function "UARTCharPut" declared implicitly
4 errors detected in the compilation of "../my_libs/src/uart_api.c".
gmake: *** [my_libs/src/uart_api.obj] Error 1
Building file: "../main.c"
Invoking: Arm Compiler
"E:/Apps/ti/ccs1250/ccs/tools/compiler/ti-cgt-arm_20.2.7.LTS/bin/armcl" -mv7M4 --code_state=16 --float_support=FPv4SPD16 -me --include_path="G:/Workspace/learningMaster/TKHTNNC/allSourceCodes/miniProject/sourceCodes/miniCCSProject" --include_path="E:/Apps/ti/TivaWare_C_Series-2.2.0.295" --include_path="E:/Apps/ti/ccs1250/ccs/tools/compiler/ti-cgt-arm_20.2.7.LTS/include" --define=ccs="ccs" --define=PART_TM4C123GH6PM -g --gcc --diag_warning=225 --diag_wrap=off --display_error_number --abi=eabi --preproc_with_compile --preproc_dependency="main.d_raw"  "../main.c"
Finished building: "../main.c"
 
gmake: Target 'all' not remade because of errors.

**** Build Finished ****

**** Build of configuration Debug for project miniCCSProject ****

"E:\\Apps\\ti\\ccs1250\\ccs\\utils\\bin\\gmake" -k -j 16 all -O 
 
Building file: "../main.c"
Invoking: Arm Compiler
"E:/Apps/ti/ccs1250/ccs/tools/compiler/ti-cgt-arm_20.2.7.LTS/bin/armcl" -mv7M4 --code_state=16 --float_support=FPv4SPD16 -me --include_path="G:/Workspace/learningMaster/TKHTNNC/allSourceCodes/miniProject/sourceCodes/miniCCSProject" --include_path="E:/Apps/ti/TivaWare_C_Series-2.2.0.295" --include_path="E:/Apps/ti/ccs1250/ccs/tools/compiler/ti-cgt-arm_20.2.7.LTS/include" --define=ccs="ccs" --define=PART_TM4C123GH6PM -g --gcc --diag_warning=225 --diag_wrap=off --display_error_number --abi=eabi --preproc_with_compile --preproc_dependency="main.d_raw"  "../main.c"
Finished building: "../main.c"
 
Building file: "../my_libs/src/configure_peripherals_api.c"
Invoking: Arm Compiler
"E:/Apps/ti/ccs1250/ccs/tools/compiler/ti-cgt-arm_20.2.7.LTS/bin/armcl" -mv7M4 --code_state=16 --float_support=FPv4SPD16 -me --include_path="G:/Workspace/learningMaster/TKHTNNC/allSourceCodes/miniProject/sourceCodes/miniCCSProject" --include_path="E:/Apps/ti/TivaWare_C_Series-2.2.0.295" --include_path="E:/Apps/ti/ccs1250/ccs/tools/compiler/ti-cgt-arm_20.2.7.LTS/include" --define=ccs="ccs" --define=PART_TM4C123GH6PM -g --gcc --diag_warning=225 --diag_wrap=off --display_error_number --abi=eabi --preproc_with_compile --preproc_dependency="my_libs/src/configure_peripherals_api.d_raw" --obj_directory="my_libs/src"  "../my_libs/src/configure_peripherals_api.c"
Finished building: "../my_libs/src/configure_peripherals_api.c"
 
Building file: "../my_libs/src/uart_api.c"
Invoking: Arm Compiler
"E:/Apps/ti/ccs1250/ccs/tools/compiler/ti-cgt-arm_20.2.7.LTS/bin/armcl" -mv7M4 --code_state=16 --float_support=FPv4SPD16 -me --include_path="G:/Workspace/learningMaster/TKHTNNC/allSourceCodes/miniProject/sourceCodes/miniCCSProject" --include_path="E:/Apps/ti/TivaWare_C_Series-2.2.0.295" --include_path="E:/Apps/ti/ccs1250/ccs/tools/compiler/ti-cgt-arm_20.2.7.LTS/include" --define=ccs="ccs" --define=PART_TM4C123GH6PM -g --gcc --diag_warning=225 --diag_wrap=off --display_error_number --abi=eabi --preproc_with_compile --preproc_dependency="my_libs/src/uart_api.d_raw" --obj_directory="my_libs/src"  "../my_libs/src/uart_api.c"
Finished building: "../my_libs/src/uart_api.c"
 
Building file: "../my_libs/src/rc522_api.c"
Invoking: Arm Compiler
"E:/Apps/ti/ccs1250/ccs/tools/compiler/ti-cgt-arm_20.2.7.LTS/bin/armcl" -mv7M4 --code_state=16 --float_support=FPv4SPD16 -me --include_path="G:/Workspace/learningMaster/TKHTNNC/allSourceCodes/miniProject/sourceCodes/miniCCSProject" --include_path="E:/Apps/ti/TivaWare_C_Series-2.2.0.295" --include_path="E:/Apps/ti/ccs1250/ccs/tools/compiler/ti-cgt-arm_20.2.7.LTS/include" --define=ccs="ccs" --define=PART_TM4C123GH6PM -g --gcc --diag_warning=225 --diag_wrap=off --display_error_number --abi=eabi --preproc_with_compile --preproc_dependency="my_libs/src/rc522_api.d_raw" --obj_directory="my_libs/src"  "../my_libs/src/rc522_api.c"
"../my_libs/src/rc522_api.c", line 26: warning #552-D: variable "ucAddr" was set but never used
"../my_libs/src/rc522_api.c", line 54: warning #551-D: variable "ret" is used before its value is set
"../my_libs/src/rc522_api.c", line 55: warning #225-D: function "UARTStringPut" declared implicitly
"../my_libs/src/rc522_api.c", line 58: warning #551-D: variable "ucValue" is used before its value is set
"../my_libs/src/rc522_api.c", line 49: warning #552-D: variable "ucAddr" was set but never used
"../my_libs/src/rc522_api.c", line 61: warning #174-D: external/internal linkage conflict with previous declaration
"../my_libs/src/rc522_api.c", line 63: warning #225-D: function "UARTStringPut" declared implicitly
"../my_libs/src/rc522_api.c", line 86: warning #69-D: integer conversion resulted in a change of sign
"../my_libs/src/rc522_api.c", line 108: warning #69-D: integer conversion resulted in a change of sign
"../my_libs/src/rc522_api.c", line 109: warning #225-D: function "UARTStringPut" declared implicitly
"../my_libs/src/rc522_api.c", line 112: warning #225-D: function "UARTStringPut" declared implicitly
"../my_libs/src/rc522_api.c", line 117: warning #69-D: integer conversion resulted in a change of sign
"../my_libs/src/rc522_api.c", line 162: warning #225-D: function "UARTStringPut" declared implicitly
"../my_libs/src/rc522_api.c", line 171: warning #69-D: integer conversion resulted in a change of sign
"../my_libs/src/rc522_api.c", line 187: warning #69-D: integer conversion resulted in a change of sign
"../my_libs/src/rc522_api.c", line 209: warning #69-D: integer conversion resulted in a change of sign
"../my_libs/src/rc522_api.c", line 274: warning #69-D: integer conversion resulted in a change of sign
"../my_libs/src/rc522_api.c", line 286: warning #69-D: integer conversion resulted in a change of sign
"../my_libs/src/rc522_api.c", line 301: warning #69-D: integer conversion resulted in a change of sign
"../my_libs/src/rc522_api.c", line 308: warning #69-D: integer conversion resulted in a change of sign
"../my_libs/src/rc522_api.c", line 326: warning #225-D: function "UARTStringPut" declared implicitly
"../my_libs/src/rc522_api.c", line 82: warning #179-D: function "rc522Compare" was declared but never referenced
"../my_libs/src/rc522_api.c", line 239: warning #179-D: function "rc522SelectTag" was declared but never referenced
"../my_libs/src/rc522_api.c", line 259: warning #179-D: function "rc522Auth" was declared but never referenced
"../my_libs/src/rc522_api.c", line 278: warning #179-D: function "rc522Read" was declared but never referenced
"../my_libs/src/rc522_api.c", line 290: warning #179-D: function "rc522Write" was declared but never referenced
"../my_libs/src/rc522_api.c", line 344: warning #179-D: function "rc522AntennaOff" was declared but never referenced
"../my_libs/src/rc522_api.c", line 61: warning #179-D: function "rc522Check" was declared but never referenced
"../my_libs/src/rc522_api.c", line 21: warning #179-D: function "lowCSPin" was declared but never referenced
Finished building: "../my_libs/src/rc522_api.c"
 
Building target: "miniCCSProject.out"
Invoking: Arm Linker
"E:/Apps/ti/ccs1250/ccs/tools/compiler/ti-cgt-arm_20.2.7.LTS/bin/armcl" -mv7M4 --code_state=16 --float_support=FPv4SPD16 -me --define=ccs="ccs" --define=PART_TM4C123GH6PM -g --gcc --diag_warning=225 --diag_wrap=off --display_error_number --abi=eabi -z -m"miniCCSProject.map" --heap_size=0 --stack_size=512 -i"E:/Apps/ti/ccs1250/ccs/tools/compiler/ti-cgt-arm_20.2.7.LTS/lib" -i"E:/Apps/ti/ccs1250/ccs/tools/compiler/ti-cgt-arm_20.2.7.LTS/include" --reread_libs --diag_wrap=off --display_error_number --warn_sections --xml_link_info="miniCCSProject_linkInfo.xml" --rom_model -o "miniCCSProject.out" "./main.obj" "./tm4c123gh6pm_startup_ccs.obj" "./my_libs/src/configure_peripherals_api.obj" "./my_libs/src/rc522_api.obj" "./my_libs/src/uart_api.obj" "E:/Apps/ti/TivaWare_C_Series-2.2.0.295/driverlib/ccs/Debug/driverlib.lib" "../tm4c123gh6pm.cmd"  -llibc.a 
<Linking>
Finished building target: "miniCCSProject.out"
 

**** Build Finished ****
